Unity Editor version:    2020.3.30f1 (1fb1bf06830e)
Branch:                  2020.3/staging
Build type:              Release
Batch mode:              YES
macOS version:           Version 10.14.6 (Build 18G9323)
Darwin version:          18.7.0
Architecture:            x86_64
Running under Rosetta:   NO
Available memory:        16384 MB
Using pre-set license
Pro License: NO

COMMAND LINE ARGUMENTS:
/Applications/Unity/Hub/Editor/2020.3.30f1/Unity.app/Contents/MacOS/Unity
-adb2
-batchMode
-noUpm
-name
AssetImportWorker0
-projectPath
/Users/robert/Files/projects/unity/dipri/dipri-vjezbe/Vj_12/QuestSystem
-logFile
Logs/AssetImportWorker0.log
-srvPort
65437
Successfully changed project path to: /Users/robert/Files/projects/unity/dipri/dipri-vjezbe/Vj_12/QuestSystem
/Users/robert/Files/projects/unity/dipri/dipri-vjezbe/Vj_12/QuestSystem
Using Asset Import Pipeline V2.
Refreshing native plugins compatible for Editor in 38.01 ms, found 2 plugins.
Preloading 0 native plugins for Editor in 0.00 ms.
Initialize engine version: 2020.3.30f1 (1fb1bf06830e)
[Subsystems] Discovering subsystems at path /Applications/Unity/Hub/Editor/2020.3.30f1/Unity.app/Contents/Resources/UnitySubsystems
[Subsystems] Discovering subsystems at path /Users/robert/Files/projects/unity/dipri/dipri-vjezbe/Vj_12/QuestSystem/Assets
GfxDevice: creating device client; threaded=0
2022-05-31 08:22:56.145 Unity[28914:29187097] Color LCD preferred device: Intel Iris Pro Graphics (low power)
2022-05-31 08:22:56.145 Unity[28914:29187097] Metal devices available: 1
2022-05-31 08:22:56.145 Unity[28914:29187097] 0: Intel Iris Pro Graphics (low power)
2022-05-31 08:22:56.146 Unity[28914:29187097] Using device Intel Iris Pro Graphics (low power)
Initializing Metal device caps: Intel Iris Pro Graphics
Initialize mono
Mono path[0] = '/Applications/Unity/Hub/Editor/2020.3.30f1/Unity.app/Contents/Managed'
Mono path[1] = '/Applications/Unity/Hub/Editor/2020.3.30f1/Unity.app/Contents/MonoBleedingEdge/lib/mono/unityjit'
Mono config path = '/Applications/Unity/Hub/Editor/2020.3.30f1/Unity.app/Contents/MonoBleedingEdge/etc'
Using monoOptions --debugger-agent=transport=dt_socket,embedding=1,server=y,suspend=n,address=127.0.0.1:56914
Begin MonoManager ReloadAssembly
Registering precompiled unity dll's ...
Register platform support module: /Applications/Unity/Hub/Editor/2020.3.30f1/Unity.app/Contents/PlaybackEngines/MacStandaloneSupport/UnityEditor.OSXStandalone.Extensions.dll
Registered in 0.000440 seconds.
Native extension for OSXStandalone target not found
Refreshing native plugins compatible for Editor in 37.72 ms, found 2 plugins.
Preloading 0 native plugins for Editor in 0.00 ms.
Mono: successfully reloaded assembly
- Completed reload, in  0.781 seconds
Domain Reload Profiling:
	ReloadAssembly (781ms)
		BeginReloadAssembly (58ms)
			ExecutionOrderSort (0ms)
			DisableScriptedObjects (0ms)
			BackupInstance (0ms)
			ReleaseScriptingObjects (0ms)
			CreateAndSetChildDomain (1ms)
		EndReloadAssembly (627ms)
			LoadAssemblies (57ms)
			RebuildTransferFunctionScriptingTraits (0ms)
			SetupTypeCache (244ms)
			ReleaseScriptCaches (0ms)
			RebuildScriptCaches (45ms)
			SetupLoadedEditorAssemblies (234ms)
				LogAssemblyErrors (0ms)
				InitializePlatformSupportModulesInManaged (5ms)
				SetLoadedEditorAssemblies (0ms)
				RefreshPlugins (38ms)
				BeforeProcessingInitializeOnLoad (33ms)
				ProcessInitializeOnLoadAttributes (123ms)
				ProcessInitializeOnLoadMethodAttributes (35ms)
				AfterProcessingInitializeOnLoad (0ms)
				EditorAssembliesLoaded (0ms)
			ExecutionOrderSort2 (0ms)
			AwakeInstancesAfterBackupRestoration (0ms)
Platform modules already initialized, skipping
Registering precompiled user dll's ...
Registered in 0.001013 seconds.
Begin MonoManager ReloadAssembly
Native extension for OSXStandalone target not found
Refreshing native plugins compatible for Editor in 0.38 ms, found 2 plugins.
Preloading 0 native plugins for Editor in 0.00 ms.
Mono: successfully reloaded assembly
- Completed reload, in  1.344 seconds
Domain Reload Profiling:
	ReloadAssembly (1345ms)
		BeginReloadAssembly (196ms)
			ExecutionOrderSort (0ms)
			DisableScriptedObjects (6ms)
			BackupInstance (0ms)
			ReleaseScriptingObjects (0ms)
			CreateAndSetChildDomain (42ms)
		EndReloadAssembly (1068ms)
			LoadAssemblies (92ms)
			RebuildTransferFunctionScriptingTraits (0ms)
			SetupTypeCache (409ms)
			ReleaseScriptCaches (1ms)
			RebuildScriptCaches (63ms)
			SetupLoadedEditorAssemblies (366ms)
				LogAssemblyErrors (0ms)
				InitializePlatformSupportModulesInManaged (5ms)
				SetLoadedEditorAssemblies (1ms)
				RefreshPlugins (0ms)
				BeforeProcessingInitializeOnLoad (87ms)
				ProcessInitializeOnLoadAttributes (260ms)
				ProcessInitializeOnLoadMethodAttributes (12ms)
				AfterProcessingInitializeOnLoad (1ms)
				EditorAssembliesLoaded (0ms)
			ExecutionOrderSort2 (0ms)
			AwakeInstancesAfterBackupRestoration (9ms)
Platform modules already initialized, skipping
Validating Project structure ... 0.000600 seconds.
Shader import version has changed; will reimport all shaders...
Upgrading shader files ...0.000715 seconds.
Application.AssetDatabase Initial Script Refresh Start
RefreshInfo: InitialScriptRefreshV2(NoUpdateAssetOptions) scanfilter:  ... 1 filters
RefreshProfiler: Total: 0.000ms
Application.AssetDatabase Initial Script Refresh End
Application.AssetDatabase.Refresh Start
Application.AssetDatabase.Refresh End
RefreshInfo: StopAssetImportingV2(ForceSynchronousImport) scanfilter: 
RefreshProfiler: Total: 0.000ms
Launching external process: /Applications/Unity/Hub/Editor/2020.3.30f1/Unity.app/Contents/Tools/UnityShaderCompiler
Launched and connected shader compiler UnityShaderCompiler after 0.02 seconds
Initializing Unity extensions:
========================================================================
Worker process is ready to serve import requests
Refreshing native plugins compatible for Editor in 0.40 ms, found 2 plugins.
Preloading 0 native plugins for Editor in 0.00 ms.
Unloading 1515 Unused Serialized files (Serialized files now loaded: 0)
System memory in use before: 188.6 MB.
System memory in use after: 188.3 MB.

Unloading 80 unused Assets to reduce memory usage. Loaded Objects now: 2003.
Total: 3.091390 ms (FindLiveObjects: 0.143005 ms CreateObjectMapping: 0.054647 ms MarkObjects: 2.661583 ms  DeleteObjects: 0.231368 ms)

AssetImportParameters requested are different than current active one (requested -> active):
  custom:video-decoder-ogg-theora: a1e56fd34408186e4bbccfd4996cb3dc -> 
  custom:container-muxer-webm: aa71ff27fc2769a1b78a27578f13a17b -> 
  custom:container-demuxer-webm: 4f35f7cbe854078d1ac9338744f61a02 -> 
  custom:container-demuxer-ogg: 62fdf1f143b41e24485cea50d1cbac27 -> 
  custom:video-encoder-webm-vp8: eb34c28f22e8b96e1ab97ce403110664 -> 
  custom:framework-osx-AVFoundation: b23960f63f64bdc6ff669e2cdcee2391 -> 
  custom:video-decoder-webm-vp8: 9c59270c3fd7afecdb556c50c9e8de78 -> 
  custom:audio-decoder-ogg-vorbis: bf7c407c2cedff20999df2af8eb42d56 -> 
  custom:audio-encoder-webm-vorbis: bf7c407c2cedff20999df2af8eb42d56 -> 
========================================================================
Received Import Request.
  path: Assets
  artifactKey: Guid(00000000000000001000000000000000) Importer(815301076,1909f56bfc062723c751e8b465ee728b)
Start importing Assets using Guid(00000000000000001000000000000000) Importer(815301076,1909f56bfc062723c751e8b465ee728b)  -> (artifact id: '6b541111ec53760285d425164cc54f97') in 0.004587 seconds 
========================================================================
Received Import Request.
  Time since last request: 26.824343 seconds.
  path: Assets/Scripts/Quest/QuestManager.cs
  artifactKey: Guid(3c194619debd34fcdb67ac66e7acbd82) Importer(815301076,1909f56bfc062723c751e8b465ee728b)
Start importing Assets/Scripts/Quest/QuestManager.cs using Guid(3c194619debd34fcdb67ac66e7acbd82) Importer(815301076,1909f56bfc062723c751e8b465ee728b)  -> (artifact id: '6eedf02c0dd1a339f9cfdf60c58c49aa') in 0.136206 seconds 
========================================================================
Received Import Request.
  Time since last request: 0.001464 seconds.
  path: Assets/Scripts/Quest/QuestsCollection.cs
  artifactKey: Guid(b10cd09ebf9da434587772e5944393a1) Importer(815301076,1909f56bfc062723c751e8b465ee728b)
Start importing Assets/Scripts/Quest/QuestsCollection.cs using Guid(b10cd09ebf9da434587772e5944393a1) Importer(815301076,1909f56bfc062723c751e8b465ee728b)  -> (artifact id: '79a3276789c571a3056411ace96ae8e5') in 0.001141 seconds 
========================================================================
Received Import Request.
  Time since last request: 0.001635 seconds.
  path: Assets/Scripts/QuestItem.cs
  artifactKey: Guid(b48b51257b20c43d8ba3e2f8114380a6) Importer(815301076,1909f56bfc062723c751e8b465ee728b)
Start importing Assets/Scripts/QuestItem.cs using Guid(b48b51257b20c43d8ba3e2f8114380a6) Importer(815301076,1909f56bfc062723c751e8b465ee728b)  -> (artifact id: '62824eaf39f4ab2074804fa221527791') in 0.001115 seconds 
========================================================================
Received Import Request.
  Time since last request: 0.001331 seconds.
  path: Assets/Scripts/QuestUI.cs
  artifactKey: Guid(b334cba7e2c6d4d25ba12200121ff094) Importer(815301076,1909f56bfc062723c751e8b465ee728b)
Start importing Assets/Scripts/QuestUI.cs using Guid(b334cba7e2c6d4d25ba12200121ff094) Importer(815301076,1909f56bfc062723c751e8b465ee728b)  -> (artifact id: '3e440523393deaf566bbaf3f08d175b3') in 0.000860 seconds 
========================================================================
Received Import Request.
  Time since last request: 0.001207 seconds.
  path: Assets/Scripts/Quest/Editor/DrawIfPropertyDrawer.cs
  artifactKey: Guid(1d85aea8315794ce2be64fcc368f15d8) Importer(815301076,1909f56bfc062723c751e8b465ee728b)
Start importing Assets/Scripts/Quest/Editor/DrawIfPropertyDrawer.cs using Guid(1d85aea8315794ce2be64fcc368f15d8) Importer(815301076,1909f56bfc062723c751e8b465ee728b)  -> (artifact id: 'afb487061376f17ce047edee3c3e16e7') in 0.000795 seconds 
========================================================================
Received Import Request.
  Time since last request: 0.001544 seconds.
  path: Assets/Terrain/New Terrain.asset
  artifactKey: Guid(23f35aa61a95e483b85f73b6c399e3dd) Importer(815301076,1909f56bfc062723c751e8b465ee728b)
Start importing Assets/Terrain/New Terrain.asset using Guid(23f35aa61a95e483b85f73b6c399e3dd) Importer(815301076,1909f56bfc062723c751e8b465ee728b)  -> (artifact id: '3898d8da2124b3eb6555780dc3fbbcd3') in 0.251330 seconds 
========================================================================
Received Import Request.
  Time since last request: 0.001448 seconds.
  path: Assets/Scripts/QuestGiver.cs
  artifactKey: Guid(05d224b89094f45f0a6fd30fb92dec57) Importer(815301076,1909f56bfc062723c751e8b465ee728b)
Start importing Assets/Scripts/QuestGiver.cs using Guid(05d224b89094f45f0a6fd30fb92dec57) Importer(815301076,1909f56bfc062723c751e8b465ee728b)  -> (artifact id: 'fd307249a6d9ef0b9b1be3ae77aa2f73') in 0.001056 seconds 
========================================================================
Received Import Request.
  Time since last request: 0.001594 seconds.
  path: Assets/Terrain
  artifactKey: Guid(53553323d50f64bf4a0953b6150e0d7a) Importer(815301076,1909f56bfc062723c751e8b465ee728b)
Start importing Assets/Terrain using Guid(53553323d50f64bf4a0953b6150e0d7a) Importer(815301076,1909f56bfc062723c751e8b465ee728b)  -> (artifact id: '5d0a3ab7f9a5a2dfdebc2637dc4d7ddb') in 0.000644 seconds 
========================================================================
Received Import Request.
  Time since last request: 0.001142 seconds.
  path: Assets/Scripts/QuestLocation.cs
  artifactKey: Guid(be65e185311a04b4280b2ea2236f188d) Importer(815301076,1909f56bfc062723c751e8b465ee728b)
Start importing Assets/Scripts/QuestLocation.cs using Guid(be65e185311a04b4280b2ea2236f188d) Importer(815301076,1909f56bfc062723c751e8b465ee728b)  -> (artifact id: '60ccf91bb6425655a2801e6006808783') in 0.001014 seconds 
========================================================================
Received Import Request.
  Time since last request: 0.003173 seconds.
  path: Assets/Scripts/EnemyType.cs
  artifactKey: Guid(c9084494863cc402484bf71fac5434bc) Importer(815301076,1909f56bfc062723c751e8b465ee728b)
Start importing Assets/Scripts/EnemyType.cs using Guid(c9084494863cc402484bf71fac5434bc) Importer(815301076,1909f56bfc062723c751e8b465ee728b)  -> (artifact id: '4fb16f25df88567164905455e0c55410') in 0.000824 seconds 
========================================================================
Received Import Request.
  Time since last request: 0.001257 seconds.
  path: Assets/Scripts/ItemType.cs
  artifactKey: Guid(85f8252d0c2dd4f44a928cad1904ea6e) Importer(815301076,1909f56bfc062723c751e8b465ee728b)
Start importing Assets/Scripts/ItemType.cs using Guid(85f8252d0c2dd4f44a928cad1904ea6e) Importer(815301076,1909f56bfc062723c751e8b465ee728b)  -> (artifact id: '846c1f687874abf773e0f2f42f4495cf') in 0.000803 seconds 
========================================================================
Received Import Request.
  Time since last request: 0.003270 seconds.
  path: Assets/Scripts/PlayerController.cs
  artifactKey: Guid(9c6af7e8163564a3ca12b5c23fd9df1e) Importer(815301076,1909f56bfc062723c751e8b465ee728b)
Start importing Assets/Scripts/PlayerController.cs using Guid(9c6af7e8163564a3ca12b5c23fd9df1e) Importer(815301076,1909f56bfc062723c751e8b465ee728b)  -> (artifact id: '11c99197e1d7369be1407fce7ab2b4bf') in 0.000887 seconds 
========================================================================
Received Import Request.
  Time since last request: 0.001765 seconds.
  path: Assets/Scripts/Quest/EditorAttributes/DrawIfAttribute.cs
  artifactKey: Guid(c292ea59ff55a47029de279b2baba2fc) Importer(815301076,1909f56bfc062723c751e8b465ee728b)
Start importing Assets/Scripts/Quest/EditorAttributes/DrawIfAttribute.cs using Guid(c292ea59ff55a47029de279b2baba2fc) Importer(815301076,1909f56bfc062723c751e8b465ee728b)  -> (artifact id: '01f1b4c7ba027a268bc91fd9cbb29c24') in 0.000812 seconds 
========================================================================
Received Import Request.
  Time since last request: 0.001159 seconds.
  path: Assets/Prefabs/Quest.prefab
  artifactKey: Guid(9f242ccb9f52949c5bf3c2f42b9e5474) Importer(815301076,1909f56bfc062723c751e8b465ee728b)
Start importing Assets/Prefabs/Quest.prefab using Guid(9f242ccb9f52949c5bf3c2f42b9e5474) Importer(815301076,1909f56bfc062723c751e8b465ee728b)  -> (artifact id: '7b323ff562415e987bff67a6a6fa95a1') in 0.262068 seconds 
========================================================================
Received Import Request.
  Time since last request: 0.001352 seconds.
  path: Assets/Scripts/Quest/Quest.cs
  artifactKey: Guid(102378c02f8af40ed961544c21de052b) Importer(815301076,1909f56bfc062723c751e8b465ee728b)
Start importing Assets/Scripts/Quest/Quest.cs using Guid(102378c02f8af40ed961544c21de052b) Importer(815301076,1909f56bfc062723c751e8b465ee728b)  -> (artifact id: '41fcd89abadcbfa8736e3540174ecaa1') in 0.001008 seconds 
AssetImportWorkerClient::OnTransportError - code=2 error=End of file
