Using pre-set license

 COMMAND LINE ARGUMENTS:
/Applications/Unity/Hub/Editor/2020.2.6f1/Unity.app/Contents/MacOS/Unity
-adb2
-batchMode
-noUpm
-name
AssetImportWorker0
-projectPath
/Users/robert/Files/projects/unity/dipri/dipri-20-21/Vj_3/SkyboxAudio
-logFile
Logs/AssetImportWorker0.log
-srvPort
63051
Successfully changed project path to: /Users/robert/Files/projects/unity/dipri/dipri-20-21/Vj_3/SkyboxAudio
/Users/robert/Files/projects/unity/dipri/dipri-20-21/Vj_3/SkyboxAudio
Using Asset Import Pipeline V2.
Refreshing native plugins compatible for Editor in 26.27 ms, found 1 plugins.
Preloading 0 native plugins for Editor in 0.00 ms.
Initialize engine version: 2020.2.6f1 (8a2143876886)
[Subsystems] Discovering subsystems at path /Applications/Unity/Hub/Editor/2020.2.6f1/Unity.app/Contents/Resources/UnitySubsystems
[Subsystems] Discovering subsystems at path /Users/robert/Files/projects/unity/dipri/dipri-20-21/Vj_3/SkyboxAudio/Assets
GfxDevice: creating device client; threaded=0
2021-03-24 09:03:43.495 Unity[72729:25721896] Color LCD preferred device: Intel Iris Pro Graphics (low power)
2021-03-24 09:03:43.495 Unity[72729:25721896] Metal devices available: 1
2021-03-24 09:03:43.495 Unity[72729:25721896] 0: Intel Iris Pro Graphics (low power)
2021-03-24 09:03:43.496 Unity[72729:25721896] Using device Intel Iris Pro Graphics (low power)
Initializing Metal device caps: Intel Iris Pro Graphics
Initialize mono
Mono path[0] = '/Applications/Unity/Hub/Editor/2020.2.6f1/Unity.app/Contents/Managed'
Mono path[1] = '/Applications/Unity/Hub/Editor/2020.2.6f1/Unity.app/Contents/MonoBleedingEdge/lib/mono/unityjit'
Mono config path = '/Applications/Unity/Hub/Editor/2020.2.6f1/Unity.app/Contents/MonoBleedingEdge/etc'
Using monoOptions --debugger-agent=transport=dt_socket,embedding=1,server=y,suspend=n,address=127.0.0.1:56729
Begin MonoManager ReloadAssembly
Registering precompiled unity dll's ...
Register platform support module: /Applications/Unity/Hub/Editor/2020.2.6f1/Unity.app/Contents/PlaybackEngines/MacStandaloneSupport/UnityEditor.OSXStandalone.Extensions.dll
Registered in 0.000492 seconds.
Native extension for OSXStandalone target not found
Refreshing native plugins compatible for Editor in 25.38 ms, found 1 plugins.
Preloading 0 native plugins for Editor in 0.00 ms.
Invoked RoslynAnalysisRunner static constructor.
RoslynAnalysisRunner will not be running.
RoslynAnalysisRunner has terminated.
Mono: successfully reloaded assembly
- Completed reload, in  1.598 seconds
Platform modules already initialized, skipping
Registering precompiled user dll's ...
Registered in 0.000309 seconds.
Begin MonoManager ReloadAssembly
Native extension for OSXStandalone target not found
Refreshing native plugins compatible for Editor in 0.32 ms, found 1 plugins.
Preloading 0 native plugins for Editor in 0.00 ms.
Invoked RoslynAnalysisRunner static constructor.
RoslynAnalysisRunner will not be running.
RoslynAnalysisRunner has terminated.
Mono: successfully reloaded assembly
- Completed reload, in  1.022 seconds
Platform modules already initialized, skipping
========================================================================
Worker process is ready to serve import requests
Launching external process: /Applications/Unity/Hub/Editor/2020.2.6f1/Unity.app/Contents/Tools/UnityShaderCompiler
Launched and connected shader compiler UnityShaderCompiler after 0.02 seconds
Refreshing native plugins compatible for Editor in 0.23 ms, found 1 plugins.
Preloading 0 native plugins for Editor in 0.00 ms.
Unloading 1107 Unused Serialized files (Serialized files now loaded: 0)
System memory in use before: 122.1 MB.
System memory in use after: 122.2 MB.

Unloading 9 unused Assets to reduce memory usage. Loaded Objects now: 1564.
Total: 2.902377 ms (FindLiveObjects: 0.301296 ms CreateObjectMapping: 0.074793 ms MarkObjects: 2.419869 ms  DeleteObjects: 0.104702 ms)

========================================================================
Received Import Request.
  path: Assets/Terrain/New Terrain.asset
  artifactKey: Guid(982b3fd229a6a409d9ed74eb9a14206a) Importer(815301076,1909f56bfc062723c751e8b465ee728b)
Start importing Assets/Terrain/New Terrain.asset using Guid(982b3fd229a6a409d9ed74eb9a14206a) Importer(815301076,1909f56bfc062723c751e8b465ee728b)  -> (artifact id: '4aa48ec8fa1c6c8791d0cab253a53aa7') in 0.246573 seconds
  Import took 0.249851 seconds .

========================================================================
Received Import Request.
  Time since last request: 14.379847 seconds.
  path: Assets/New Terrain 1.asset
  artifactKey: Guid(1a13c36622d6b4fc19f365495967f87f) Importer(815301076,1909f56bfc062723c751e8b465ee728b)
Start importing Assets/New Terrain 1.asset using Guid(1a13c36622d6b4fc19f365495967f87f) Importer(815301076,1909f56bfc062723c751e8b465ee728b)  -> (artifact id: 'b6578d409af2819dad96397673639ec3') in 0.009205 seconds
  Import took 0.011337 seconds .

========================================================================
Received Import Request.
  Time since last request: 9.363841 seconds.
  path: Assets/New Terrain.asset
  artifactKey: Guid(6ad83a1caeb1c41d897c2885d5174681) Importer(815301076,1909f56bfc062723c751e8b465ee728b)
Start importing Assets/New Terrain.asset using Guid(6ad83a1caeb1c41d897c2885d5174681) Importer(815301076,1909f56bfc062723c751e8b465ee728b)  -> (artifact id: '33265a1230ae3e539f2094f448e655ef') in 0.007157 seconds
  Import took 0.009402 seconds .

========================================================================
Received Import Request.
  Time since last request: 0.000283 seconds.
  path: Assets/New Terrain.asset
  artifactKey: Guid(6ad83a1caeb1c41d897c2885d5174681) Importer(815301076,1909f56bfc062723c751e8b465ee728b)
Start importing Assets/New Terrain.asset using Guid(6ad83a1caeb1c41d897c2885d5174681) Importer(815301076,1909f56bfc062723c751e8b465ee728b)  -> (artifact id: '33265a1230ae3e539f2094f448e655ef') in 0.004032 seconds
  Import took 0.005755 seconds .

========================================================================
Received Import Request.
  Time since last request: 165.654333 seconds.
  path: Assets/Scenes/SampleScene.unity
  artifactKey: Guid(9fc0d4010bbf28b4594072e72b8655ab) Importer(815301076,1909f56bfc062723c751e8b465ee728b)
Start importing Assets/Scenes/SampleScene.unity using Guid(9fc0d4010bbf28b4594072e72b8655ab) Importer(815301076,1909f56bfc062723c751e8b465ee728b)  -> (artifact id: 'eb9f5fd5ed368f40c2d22a604964b3a7') in 0.002074 seconds
  Import took 0.004228 seconds .

========================================================================
Received Import Request.
  Time since last request: 0.710042 seconds.
  path: Assets/Scenes/SampleSceneSettings.lighting
  artifactKey: Guid(f727143625a124fd0b9d3e85640facd1) Importer(815301076,1909f56bfc062723c751e8b465ee728b)
Start importing Assets/Scenes/SampleSceneSettings.lighting using Guid(f727143625a124fd0b9d3e85640facd1) Importer(815301076,1909f56bfc062723c751e8b465ee728b)  -> (artifact id: 'ae1ab0053fb326eb00a12010cec9c2ae') in 0.204022 seconds
  Import took 0.206534 seconds .

========================================================================
Received Import Request.
  Time since last request: 22.711145 seconds.
  path: Assets/Scenes/Sample.unity
  artifactKey: Guid(7074c7fb8a8f749dc89a9c68395e9a13) Importer(815301076,1909f56bfc062723c751e8b465ee728b)
Start importing Assets/Scenes/Sample.unity using Guid(7074c7fb8a8f749dc89a9c68395e9a13) Importer(815301076,1909f56bfc062723c751e8b465ee728b)  -> (artifact id: '177becbcc85fdea1a2c94532baa3646f') in 0.002071 seconds
  Import took 0.004320 seconds .

========================================================================
Received Import Request.
  Time since last request: 10.806303 seconds.
  path: Assets/Scenes/SampleScene.unity
  artifactKey: Guid(7074c7fb8a8f749dc89a9c68395e9a13) Importer(815301076,1909f56bfc062723c751e8b465ee728b)
Start importing Assets/Scenes/SampleScene.unity using Guid(7074c7fb8a8f749dc89a9c68395e9a13) Importer(815301076,1909f56bfc062723c751e8b465ee728b)  -> (artifact id: '2cfc758557a22f54ff00e0dfb2c7a451') in 0.001814 seconds
  Import took 0.004021 seconds .

========================================================================
Received Import Request.
  Time since last request: 25.122143 seconds.
  path: Assets/New Terrain.asset
  artifactKey: Guid(ddeaf2465295640b8b2c443dfe608cbe) Importer(815301076,1909f56bfc062723c751e8b465ee728b)
Start importing Assets/New Terrain.asset using Guid(ddeaf2465295640b8b2c443dfe608cbe) Importer(815301076,1909f56bfc062723c751e8b465ee728b)  -> (artifact id: 'e360d253bb5ccb82927901b92481dd7c') in 0.007148 seconds
  Import took 0.009235 seconds .

========================================================================
Received Import Request.
  Time since last request: 24.139575 seconds.
  path: Assets/skyb1/back.psd
  artifactKey: Guid(bbb6637f8ce50e74a83854c1a41e6cea) Importer(815301076,1909f56bfc062723c751e8b465ee728b)
Start importing Assets/skyb1/back.psd using Guid(bbb6637f8ce50e74a83854c1a41e6cea) Importer(815301076,1909f56bfc062723c751e8b465ee728b)  -> (artifact id: '3026faf579b88b778ab34a7b34be88ea') in 0.398070 seconds
  Import took 0.400660 seconds .

========================================================================
Received Import Request.
  Time since last request: 0.000225 seconds.
  path: Assets/skyb1/up.psd
  artifactKey: Guid(baafe81d1a28b0d45b7f3e673509d5e8) Importer(815301076,1909f56bfc062723c751e8b465ee728b)
Start importing Assets/skyb1/up.psd using Guid(baafe81d1a28b0d45b7f3e673509d5e8) Importer(815301076,1909f56bfc062723c751e8b465ee728b)  -> (artifact id: '0e3d429db4bfbf8241190bc5f099e6d7') in 0.064617 seconds
  Import took 0.067200 seconds .

========================================================================
Received Import Request.
  Time since last request: 0.000234 seconds.
  path: Assets/skyb1/front.psd
  artifactKey: Guid(595bdb4ba08337c4097325cdb370d080) Importer(815301076,1909f56bfc062723c751e8b465ee728b)
Start importing Assets/skyb1/front.psd using Guid(595bdb4ba08337c4097325cdb370d080) Importer(815301076,1909f56bfc062723c751e8b465ee728b)  -> (artifact id: '0a978d30829fd8c73ab823f1996219ba') in 0.027996 seconds
  Import took 0.030172 seconds .

========================================================================
Received Import Request.
  Time since last request: 0.000198 seconds.
  path: Assets/skyb1/l.psd
  artifactKey: Guid(842d39b32695a454d87dce9630b9a235) Importer(815301076,1909f56bfc062723c751e8b465ee728b)
Start importing Assets/skyb1/l.psd using Guid(842d39b32695a454d87dce9630b9a235) Importer(815301076,1909f56bfc062723c751e8b465ee728b)  -> (artifact id: '76f99c49b7201ec1317f4b5649d9089f') in 0.046921 seconds
  Import took 0.049973 seconds .

========================================================================
Received Import Request.
  Time since last request: 0.000297 seconds.
  path: Assets/skyb1/r.psd
  artifactKey: Guid(b4dd7bac6c9c9bb4bb3c1b63a3eef362) Importer(815301076,1909f56bfc062723c751e8b465ee728b)
Start importing Assets/skyb1/r.psd using Guid(b4dd7bac6c9c9bb4bb3c1b63a3eef362) Importer(815301076,1909f56bfc062723c751e8b465ee728b)  -> (artifact id: '0b6f4521348a381d85c36dcc2e0d12f4') in 0.025430 seconds
  Import took 0.028034 seconds .

========================================================================
Received Import Request.
  Time since last request: 0.000229 seconds.
  path: Assets/NatureStarterKit2/Textures/ground01.psd
  artifactKey: Guid(85cdb49f460bbf14a82b8ea1c20c07bc) Importer(815301076,1909f56bfc062723c751e8b465ee728b)
Start importing Assets/NatureStarterKit2/Textures/ground01.psd using Guid(85cdb49f460bbf14a82b8ea1c20c07bc) Importer(815301076,1909f56bfc062723c751e8b465ee728b)  -> (artifact id: 'b32ffe1c85b2dec9d46658b386db546e') in 0.042773 seconds
  Import took 0.045476 seconds .

========================================================================
Received Import Request.
  Time since last request: 0.000289 seconds.
  path: Assets/skyb1/bot.psd
  artifactKey: Guid(1995afa179277e7418c30f99df22dc2f) Importer(815301076,1909f56bfc062723c751e8b465ee728b)
Start importing Assets/skyb1/bot.psd using Guid(1995afa179277e7418c30f99df22dc2f) Importer(815301076,1909f56bfc062723c751e8b465ee728b)  -> (artifact id: 'a508fd2244eebb3061a3794c314c2b0d') in 0.020167 seconds
  Import took 0.022255 seconds .

========================================================================
Received Import Request.
  Time since last request: 21.178594 seconds.
  path: Assets/NatureStarterKit2/Textures
  artifactKey: Guid(bf05804e364574741af6579b8610f8ce) Importer(815301076,1909f56bfc062723c751e8b465ee728b)
Start importing Assets/NatureStarterKit2/Textures using Guid(bf05804e364574741af6579b8610f8ce) Importer(815301076,1909f56bfc062723c751e8b465ee728b)  -> (artifact id: '19f4e258401e65ccf79673ed9f0937f2') in 0.000803 seconds
  Import took 0.002866 seconds .

========================================================================
Received Import Request.
  Time since last request: 0.528016 seconds.
  path: Assets/NewLayer.terrainlayer
  artifactKey: Guid(44f72025e7c1b4b8b82f7f49c98f9573) Importer(815301076,1909f56bfc062723c751e8b465ee728b)
Start importing Assets/NewLayer.terrainlayer using Guid(44f72025e7c1b4b8b82f7f49c98f9573) Importer(815301076,1909f56bfc062723c751e8b465ee728b)  -> (artifact id: '04ebda456d00293db8a9398259900b04') in 0.305846 seconds
  Import took 0.308374 seconds .

========================================================================
Received Import Request.
  Time since last request: 168.716508 seconds.
  path: Assets/NatureStarterKit2
  artifactKey: Guid(8e194f5fef3694877b30f2930c59ab08) Importer(815301076,1909f56bfc062723c751e8b465ee728b)
Start importing Assets/NatureStarterKit2 using Guid(8e194f5fef3694877b30f2930c59ab08) Importer(815301076,1909f56bfc062723c751e8b465ee728b)  -> (artifact id: '7129f810df36ce3cdc9aef3cd7f130c6') in 0.000922 seconds
  Import took 0.003110 seconds .

========================================================================
Received Import Request.
  Time since last request: 0.757958 seconds.
  path: Assets/Azerilo
  artifactKey: Guid(e0086825ac1f44d019424ba1067777f5) Importer(815301076,1909f56bfc062723c751e8b465ee728b)
Start importing Assets/Azerilo using Guid(e0086825ac1f44d019424ba1067777f5) Importer(815301076,1909f56bfc062723c751e8b465ee728b)  -> (artifact id: 'd71c1788266e5a32cb83e48accb793bb') in 0.001997 seconds
  Import took 0.004127 seconds .

========================================================================
Received Import Request.
  Time since last request: 0.947213 seconds.
  path: Assets/Azerilo/Demo Assets
  artifactKey: Guid(ef5ad66c2449f2e4eabd138257a1cb81) Importer(815301076,1909f56bfc062723c751e8b465ee728b)
Start importing Assets/Azerilo/Demo Assets using Guid(ef5ad66c2449f2e4eabd138257a1cb81) Importer(815301076,1909f56bfc062723c751e8b465ee728b)  -> (artifact id: '903d8192a301f9ed62d4a20564bf3fa9') in 0.001477 seconds
  Import took 0.003762 seconds .

========================================================================
Received Import Request.
  Time since last request: 1.425835 seconds.
  path: Assets/Azerilo/Demo Assets/Concrete.png
  artifactKey: Guid(54fe9336185816b42b71905ad8edb8ab) Importer(815301076,1909f56bfc062723c751e8b465ee728b)
Start importing Assets/Azerilo/Demo Assets/Concrete.png using Guid(54fe9336185816b42b71905ad8edb8ab) Importer(815301076,1909f56bfc062723c751e8b465ee728b)  -> (artifact id: 'dc8068d0d4a8d3ad191f6bb72efb34bc') in 0.352169 seconds
  Import took 0.354647 seconds .

========================================================================
Received Import Request.
  Time since last request: 1.242865 seconds.
  path: Assets/Azerilo/HQ Racing Car Model No.1202
  artifactKey: Guid(ff585acbc301f0648966e1525467bac1) Importer(815301076,1909f56bfc062723c751e8b465ee728b)
Start importing Assets/Azerilo/HQ Racing Car Model No.1202 using Guid(ff585acbc301f0648966e1525467bac1) Importer(815301076,1909f56bfc062723c751e8b465ee728b)  -> (artifact id: '2a1d2a9f6a65103a9f9ed3040d2696c6') in 0.001499 seconds
  Import took 0.003793 seconds .

========================================================================
Received Import Request.
  Time since last request: 2.096376 seconds.
  path: Assets/Azerilo/HQ Racing Car Model No.1202/Material
  artifactKey: Guid(4d4acdc07427b044988d21e0da95b349) Importer(815301076,1909f56bfc062723c751e8b465ee728b)
Start importing Assets/Azerilo/HQ Racing Car Model No.1202/Material using Guid(4d4acdc07427b044988d21e0da95b349) Importer(815301076,1909f56bfc062723c751e8b465ee728b)  -> (artifact id: '6fdc60db301e3e1275f03a265712fbf6') in 0.001408 seconds
  Import took 0.003641 seconds .

========================================================================
Received Import Request.
  Time since last request: 0.000562 seconds.
  path: Assets/Azerilo/HQ Racing Car Model No.1202/Material
  artifactKey: Guid(4d4acdc07427b044988d21e0da95b349) Importer(815301076,1909f56bfc062723c751e8b465ee728b)
Start importing Assets/Azerilo/HQ Racing Car Model No.1202/Material using Guid(4d4acdc07427b044988d21e0da95b349) Importer(815301076,1909f56bfc062723c751e8b465ee728b)  -> (artifact id: '6fdc60db301e3e1275f03a265712fbf6') in 0.000712 seconds
  Import took 0.003017 seconds .

========================================================================
Received Import Request.
  Time since last request: 0.353233 seconds.
  path: Assets/Azerilo/HQ Racing Car Model No.1202/Mesh
  artifactKey: Guid(87ec959b1e2f2af4892369364be8b879) Importer(815301076,1909f56bfc062723c751e8b465ee728b)
Start importing Assets/Azerilo/HQ Racing Car Model No.1202/Mesh using Guid(87ec959b1e2f2af4892369364be8b879) Importer(815301076,1909f56bfc062723c751e8b465ee728b)  -> (artifact id: 'f983b714d7b3c235e590f967b6564d6e') in 0.001545 seconds
  Import took 0.003717 seconds .

========================================================================
Received Import Request.
  Time since last request: 0.253116 seconds.
  path: Assets/Azerilo/HQ Racing Car Model No.1202/Prefab
  artifactKey: Guid(c396fa80165e549458e0dcf84d3beb63) Importer(815301076,1909f56bfc062723c751e8b465ee728b)
Start importing Assets/Azerilo/HQ Racing Car Model No.1202/Prefab using Guid(c396fa80165e549458e0dcf84d3beb63) Importer(815301076,1909f56bfc062723c751e8b465ee728b)  -> (artifact id: '76f2134f694509d73f7b39953aa187ab') in 0.001526 seconds
  Import took 0.003722 seconds .

========================================================================
Received Import Request.
  Time since last request: 0.747334 seconds.
  path: Assets/Azerilo/HQ Racing Car Model No.1202/Prefab/Car Black.prefab
  artifactKey: Guid(738830bc793a24e46a0a17dce3f80225) Importer(815301076,1909f56bfc062723c751e8b465ee728b)
Start importing Assets/Azerilo/HQ Racing Car Model No.1202/Prefab/Car Black.prefab using Guid(738830bc793a24e46a0a17dce3f80225) Importer(815301076,1909f56bfc062723c751e8b465ee728b)  -> (artifact id: '52fa9312fef3010a76a73e63eabfd198') in 1.883562 seconds
  Import took 1.887535 seconds .

========================================================================
Received Import Request.
  Time since last request: 0.000210 seconds.
  path: Assets/Azerilo/HQ Racing Car Model No.1202/Prefab/Front_Wheel.prefab
  artifactKey: Guid(1bad0b4e640d16b49b442060ca129e51) Importer(815301076,1909f56bfc062723c751e8b465ee728b)
Start importing Assets/Azerilo/HQ Racing Car Model No.1202/Prefab/Front_Wheel.prefab using Guid(1bad0b4e640d16b49b442060ca129e51) Importer(815301076,1909f56bfc062723c751e8b465ee728b)  -> (artifact id: 'a52e305bafceb70007b36dfc02513ac7') in 0.014241 seconds
  Import took 0.016806 seconds .

========================================================================
Received Import Request.
  Time since last request: 0.753016 seconds.
  path: Assets/Azerilo/HQ Racing Car Model No.1202/Prefab/Rear_Wheel.prefab
  artifactKey: Guid(cec6ad53ec58cc24f8bc63ded2375966) Importer(815301076,1909f56bfc062723c751e8b465ee728b)
Start importing Assets/Azerilo/HQ Racing Car Model No.1202/Prefab/Rear_Wheel.prefab using Guid(cec6ad53ec58cc24f8bc63ded2375966) Importer(815301076,1909f56bfc062723c751e8b465ee728b)  -> (artifact id: '5610dd3e0fd748c8913f54d1b1ee527b') in 0.021263 seconds
  Import took 0.023783 seconds .

========================================================================
Received Import Request.
  Time since last request: 1.129255 seconds.
  path: Assets/Azerilo/HQ Racing Car Model No.1202/Prefab/Car White.prefab
  artifactKey: Guid(c5c77be66559e0141a22b4c3c1ff564d) Importer(815301076,1909f56bfc062723c751e8b465ee728b)
Start importing Assets/Azerilo/HQ Racing Car Model No.1202/Prefab/Car White.prefab using Guid(c5c77be66559e0141a22b4c3c1ff564d) Importer(815301076,1909f56bfc062723c751e8b465ee728b)  -> (artifact id: 'cd798476bb1efe6acc05438368e44506') in 0.073785 seconds
  Import took 0.078221 seconds .

========================================================================
Received Import Request.
  Time since last request: 0.411383 seconds.
  path: Assets/Azerilo/HQ Racing Car Model No.1202/Prefab/Car Blue.prefab
  artifactKey: Guid(793bf8723ce4d5e4fb22bb5d8418281b) Importer(815301076,1909f56bfc062723c751e8b465ee728b)
Start importing Assets/Azerilo/HQ Racing Car Model No.1202/Prefab/Car Blue.prefab using Guid(793bf8723ce4d5e4fb22bb5d8418281b) Importer(815301076,1909f56bfc062723c751e8b465ee728b)  -> (artifact id: 'dc62abc6ecaf54424896d38e44e76cd5') in 0.073824 seconds
  Import took 0.077683 seconds .

========================================================================
Received Import Request.
  Time since last request: 493.553952 seconds.
  path: Assets/Prefabs/AudioManager.prefab
  artifactKey: Guid(7ea54487fb36141f1afefe1a1003f91c) Importer(815301076,1909f56bfc062723c751e8b465ee728b)
Start importing Assets/Prefabs/AudioManager.prefab using Guid(7ea54487fb36141f1afefe1a1003f91c) Importer(815301076,1909f56bfc062723c751e8b465ee728b)  -> (artifact id: 'dd1512334abf02d424696e27b49c95d7') in 0.011263 seconds
  Import took 0.013418 seconds .

========================================================================
Received Import Request.
  Time since last request: 0.024524 seconds.
  path: Assets/Prefabs/AudioManager.prefab
  artifactKey: Guid(7ea54487fb36141f1afefe1a1003f91c) Importer(815301076,1909f56bfc062723c751e8b465ee728b)
Start importing Assets/Prefabs/AudioManager.prefab using Guid(7ea54487fb36141f1afefe1a1003f91c) Importer(815301076,1909f56bfc062723c751e8b465ee728b)  -> (artifact id: 'dd1512334abf02d424696e27b49c95d7') in 0.005158 seconds
  Import took 0.007141 seconds .

========================================================================
Received Import Request.
  Time since last request: 0.347057 seconds.
  path: Assets/Prefabs/GameManager.prefab
  artifactKey: Guid(eb33a093c460a401cba43696e5e2fc2e) Importer(815301076,1909f56bfc062723c751e8b465ee728b)
Start importing Assets/Prefabs/GameManager.prefab using Guid(eb33a093c460a401cba43696e5e2fc2e) Importer(815301076,1909f56bfc062723c751e8b465ee728b)  -> (artifact id: 'f52cb36b65f00cf25244183ec189be18') in 0.005821 seconds
  Import took 0.008078 seconds .

========================================================================
Received Prepare
Registering precompiled user dll's ...
Registered in 0.000463 seconds.
Begin MonoManager ReloadAssembly
Native extension for OSXStandalone target not found
Refreshing native plugins compatible for Editor in 0.26 ms, found 1 plugins.
Preloading 0 native plugins for Editor in 0.00 ms.
Invoked RoslynAnalysisRunner static constructor.
RoslynAnalysisRunner will not be running.
RoslynAnalysisRunner has terminated.
Mono: successfully reloaded assembly
- Completed reload, in  1.032 seconds
Platform modules already initialized, skipping
Refreshing native plugins compatible for Editor in 0.25 ms, found 1 plugins.
Preloading 0 native plugins for Editor in 0.00 ms.
Unloading 1102 Unused Serialized files (Serialized files now loaded: 0)
System memory in use before: 153.2 MB.
System memory in use after: 153.2 MB.

Unloading 4 unused Assets to reduce memory usage. Loaded Objects now: 1577.
Total: 1.938605 ms (FindLiveObjects: 0.259149 ms CreateObjectMapping: 0.042182 ms MarkObjects: 1.601414 ms  DeleteObjects: 0.033308 ms)

========================================================================
Received Import Request.
  Time since last request: 103.333022 seconds.
  path: Assets/Scripts/GameManager.cs
  artifactKey: Guid(0abc1bcc3040e4b1a861d79077b826e6) Importer(815301076,1909f56bfc062723c751e8b465ee728b)
Start importing Assets/Scripts/GameManager.cs using Guid(0abc1bcc3040e4b1a861d79077b826e6) Importer(815301076,1909f56bfc062723c751e8b465ee728b)  -> (artifact id: 'f06da3248417264d13e7ba4e8ad229ce') in 0.154285 seconds
  Import took 0.156739 seconds .

========================================================================
Received Import Request.
  Time since last request: 104.940836 seconds.
  path: Assets/Engines
  artifactKey: Guid(e5fda4e5a8aec494fb26b9955dbb0c9d) Importer(815301076,1909f56bfc062723c751e8b465ee728b)
Start importing Assets/Engines using Guid(e5fda4e5a8aec494fb26b9955dbb0c9d) Importer(815301076,1909f56bfc062723c751e8b465ee728b)  -> (artifact id: 'd5350eb3ad3b48fee79a0db987169b08') in 0.000836 seconds
  Import took 0.003367 seconds .

========================================================================
Received Import Request.
  Time since last request: 1.117722 seconds.
  path: Assets/Engines/Engines SFX/Engine_02.wav
  artifactKey: Guid(1a39652b55ef6dc4c894ece2783c58c7) Importer(815301076,1909f56bfc062723c751e8b465ee728b)
Start importing Assets/Engines/Engines SFX/Engine_02.wav using Guid(1a39652b55ef6dc4c894ece2783c58c7) Importer(815301076,1909f56bfc062723c751e8b465ee728b)  -> (artifact id: '114a053d31a1f76b4f55c962beeec5f8') in 0.399090 seconds
  Import took 0.401490 seconds .

========================================================================
Received Import Request.
  Time since last request: 3.068828 seconds.
  path: Assets/Engines/Engines SFX/Engine_03.wav
  artifactKey: Guid(316224186e8ae6543990a05f4dc13981) Importer(815301076,1909f56bfc062723c751e8b465ee728b)
Start importing Assets/Engines/Engines SFX/Engine_03.wav using Guid(316224186e8ae6543990a05f4dc13981) Importer(815301076,1909f56bfc062723c751e8b465ee728b)  -> (artifact id: 'edbc52dad11934189a3eaaf6b212e2d7') in 0.016157 seconds
  Import took 0.018329 seconds .

========================================================================
Received Import Request.
  Time since last request: 0.001147 seconds.
  path: Assets/Engines/Engines SFX/Engine_03.wav
  artifactKey: Guid(316224186e8ae6543990a05f4dc13981) Importer(815301076,1909f56bfc062723c751e8b465ee728b)
Start importing Assets/Engines/Engines SFX/Engine_03.wav using Guid(316224186e8ae6543990a05f4dc13981) Importer(815301076,1909f56bfc062723c751e8b465ee728b)  -> (artifact id: 'edbc52dad11934189a3eaaf6b212e2d7') in 0.019789 seconds
  Import took 0.022393 seconds .

========================================================================
Received Import Request.
  Time since last request: 2.365162 seconds.
  path: Assets/Engines/Engines SFX/Engine_04.wav
  artifactKey: Guid(5c224246aabdf2147b24b920563d9f85) Importer(815301076,1909f56bfc062723c751e8b465ee728b)
Start importing Assets/Engines/Engines SFX/Engine_04.wav using Guid(5c224246aabdf2147b24b920563d9f85) Importer(815301076,1909f56bfc062723c751e8b465ee728b)  -> (artifact id: '095edf2e2d577d87232578872f762822') in 0.017724 seconds
  Import took 0.020666 seconds .

========================================================================
Received Import Request.
  Time since last request: 0.001471 seconds.
  path: Assets/Engines/Engines SFX/Engine_04.wav
  artifactKey: Guid(5c224246aabdf2147b24b920563d9f85) Importer(815301076,1909f56bfc062723c751e8b465ee728b)
Start importing Assets/Engines/Engines SFX/Engine_04.wav using Guid(5c224246aabdf2147b24b920563d9f85) Importer(815301076,1909f56bfc062723c751e8b465ee728b)  -> (artifact id: '095edf2e2d577d87232578872f762822') in 0.018496 seconds
  Import took 0.022615 seconds .

========================================================================
Received Import Request.
  Time since last request: 1.587606 seconds.
  path: Assets/Engines/Misc SFX/Carn Horn 1.wav
  artifactKey: Guid(ec32ee6300414d44e8296123359dc4be) Importer(815301076,1909f56bfc062723c751e8b465ee728b)
Start importing Assets/Engines/Misc SFX/Carn Horn 1.wav using Guid(ec32ee6300414d44e8296123359dc4be) Importer(815301076,1909f56bfc062723c751e8b465ee728b)  -> (artifact id: 'b475b44d51d0ae285e9067fbe2c1a724') in 0.018053 seconds
  Import took 0.021051 seconds .

========================================================================
Received Import Request.
  Time since last request: 1.613355 seconds.
  path: Assets/Engines/Misc SFX/Carn Horn 2.wav
  artifactKey: Guid(016305ef1931b314795872a33dd5286d) Importer(815301076,1909f56bfc062723c751e8b465ee728b)
Start importing Assets/Engines/Misc SFX/Carn Horn 2.wav using Guid(016305ef1931b314795872a33dd5286d) Importer(815301076,1909f56bfc062723c751e8b465ee728b)  -> (artifact id: '2fd985495d3a499da47bf9567092dbbb') in 0.018083 seconds
  Import took 0.020378 seconds .

========================================================================
Received Import Request.
  Time since last request: 0.001466 seconds.
  path: Assets/Engines/Misc SFX/Carn Horn 2.wav
  artifactKey: Guid(016305ef1931b314795872a33dd5286d) Importer(815301076,1909f56bfc062723c751e8b465ee728b)
Start importing Assets/Engines/Misc SFX/Carn Horn 2.wav using Guid(016305ef1931b314795872a33dd5286d) Importer(815301076,1909f56bfc062723c751e8b465ee728b)  -> (artifact id: '2fd985495d3a499da47bf9567092dbbb') in 0.019529 seconds
  Import took 0.023006 seconds .

========================================================================
Received Import Request.
  Time since last request: 1.791666 seconds.
  path: Assets/Engines/Misc SFX/Pounding.wav
  artifactKey: Guid(0efc5db2ae078c547a98799ad6484ba8) Importer(815301076,1909f56bfc062723c751e8b465ee728b)
Start importing Assets/Engines/Misc SFX/Pounding.wav using Guid(0efc5db2ae078c547a98799ad6484ba8) Importer(815301076,1909f56bfc062723c751e8b465ee728b)  -> (artifact id: 'f7bece7e456adec396fdcd5e50a87698') in 0.009908 seconds
  Import took 0.012393 seconds .

========================================================================
Received Import Request.
  Time since last request: 2.289746 seconds.
  path: Assets/Engines/Misc SFX/Screwdriver.wav
  artifactKey: Guid(6c4f0df741bf4af4b809f0839ddcc085) Importer(815301076,1909f56bfc062723c751e8b465ee728b)
Start importing Assets/Engines/Misc SFX/Screwdriver.wav using Guid(6c4f0df741bf4af4b809f0839ddcc085) Importer(815301076,1909f56bfc062723c751e8b465ee728b)  -> (artifact id: '4771b1f0622c5c92898f5d1b14fff617') in 0.017531 seconds
  Import took 0.019808 seconds .

========================================================================
Received Import Request.
  Time since last request: 1.780626 seconds.
  path: Assets/Engines/Misc SFX/Smashed_Window_01.wav
  artifactKey: Guid(a1f7abf0dd920704dab30efe19ec8631) Importer(815301076,1909f56bfc062723c751e8b465ee728b)
Start importing Assets/Engines/Misc SFX/Smashed_Window_01.wav using Guid(a1f7abf0dd920704dab30efe19ec8631) Importer(815301076,1909f56bfc062723c751e8b465ee728b)  -> (artifact id: '5297ad105b022c9f94ef85784260b053') in 0.017056 seconds
  Import took 0.019965 seconds .

========================================================================
Received Import Request.
  Time since last request: 0.002218 seconds.
  path: Assets/Engines/Misc SFX/Smashed_Window_01.wav
  artifactKey: Guid(a1f7abf0dd920704dab30efe19ec8631) Importer(815301076,1909f56bfc062723c751e8b465ee728b)
Start importing Assets/Engines/Misc SFX/Smashed_Window_01.wav using Guid(a1f7abf0dd920704dab30efe19ec8631) Importer(815301076,1909f56bfc062723c751e8b465ee728b)  -> (artifact id: '5297ad105b022c9f94ef85784260b053') in 0.019100 seconds
  Import took 0.022053 seconds .

========================================================================
Received Import Request.
  Time since last request: 3.337186 seconds.
  path: Assets/Engines/Misc SFX/Wrench.wav
  artifactKey: Guid(29549571fcd6d7a46be1eff7ac4717e9) Importer(815301076,1909f56bfc062723c751e8b465ee728b)
Start importing Assets/Engines/Misc SFX/Wrench.wav using Guid(29549571fcd6d7a46be1eff7ac4717e9) Importer(815301076,1909f56bfc062723c751e8b465ee728b)  -> (artifact id: 'f5b84570dff61acca649c3f1b7548d0a') in 0.017220 seconds
  Import took 0.019442 seconds .

========================================================================
Received Import Request.
  Time since last request: 0.001197 seconds.
  path: Assets/Engines/Misc SFX/Wrench.wav
  artifactKey: Guid(29549571fcd6d7a46be1eff7ac4717e9) Importer(815301076,1909f56bfc062723c751e8b465ee728b)
Start importing Assets/Engines/Misc SFX/Wrench.wav using Guid(29549571fcd6d7a46be1eff7ac4717e9) Importer(815301076,1909f56bfc062723c751e8b465ee728b)  -> (artifact id: 'f5b84570dff61acca649c3f1b7548d0a') in 0.019589 seconds
  Import took 0.021919 seconds .

========================================================================
Received Import Request.
  Time since last request: 61.435828 seconds.
  path: Assets/Robot Kyle
  artifactKey: Guid(66f8b91a72553487e9b13c9600f541a7) Importer(815301076,1909f56bfc062723c751e8b465ee728b)
Start importing Assets/Robot Kyle using Guid(66f8b91a72553487e9b13c9600f541a7) Importer(815301076,1909f56bfc062723c751e8b465ee728b)  -> (artifact id: '526a6e03fbf9763e30904008da832ffe') in 0.002002 seconds
  Import took 0.004844 seconds .

========================================================================
Received Import Request.
  Time since last request: 1.822838 seconds.
  path: Assets/Robot Kyle/Model
  artifactKey: Guid(5cb7f339c8e1548999f278d901534409) Importer(815301076,1909f56bfc062723c751e8b465ee728b)
Start importing Assets/Robot Kyle/Model using Guid(5cb7f339c8e1548999f278d901534409) Importer(815301076,1909f56bfc062723c751e8b465ee728b)  -> (artifact id: '8a6abdb13975f7d199bcd20b1f5df290') in 0.002068 seconds
  Import took 0.004256 seconds .

========================================================================
Received Import Request.
  Time since last request: 0.000516 seconds.
  path: Assets/Robot Kyle/Model
  artifactKey: Guid(5cb7f339c8e1548999f278d901534409) Importer(815301076,1909f56bfc062723c751e8b465ee728b)
Start importing Assets/Robot Kyle/Model using Guid(5cb7f339c8e1548999f278d901534409) Importer(815301076,1909f56bfc062723c751e8b465ee728b)  -> (artifact id: '8a6abdb13975f7d199bcd20b1f5df290') in 0.000728 seconds
  Import took 0.002765 seconds .

========================================================================
Received Import Request.
  Time since last request: 1.336204 seconds.
  path: Assets/Robot Kyle/Model/Robot Kyle.fbx
  artifactKey: Guid(320b1c2af77554f99a1658df4a6d3d5c) Importer(815301076,1909f56bfc062723c751e8b465ee728b)
Start importing Assets/Robot Kyle/Model/Robot Kyle.fbx using Guid(320b1c2af77554f99a1658df4a6d3d5c) Importer(815301076,1909f56bfc062723c751e8b465ee728b)  -> (artifact id: 'edac9015ddc18372e038fbeddccdf9a3') in 0.581553 seconds
  Import took 0.585094 seconds .

========================================================================
Received Prepare
Registering precompiled user dll's ...
Registered in 0.000407 seconds.
Begin MonoManager ReloadAssembly
Native extension for OSXStandalone target not found
Refreshing native plugins compatible for Editor in 0.27 ms, found 1 plugins.
Preloading 0 native plugins for Editor in 0.00 ms.
Invoked RoslynAnalysisRunner static constructor.
RoslynAnalysisRunner will not be running.
RoslynAnalysisRunner has terminated.
Mono: successfully reloaded assembly
- Completed reload, in  1.009 seconds
Platform modules already initialized, skipping
Refreshing native plugins compatible for Editor in 0.25 ms, found 1 plugins.
Preloading 0 native plugins for Editor in 0.00 ms.
Unloading 1102 Unused Serialized files (Serialized files now loaded: 0)
System memory in use before: 178.6 MB.
System memory in use after: 178.7 MB.

Unloading 4 unused Assets to reduce memory usage. Loaded Objects now: 1587.
Total: 1.721170 ms (FindLiveObjects: 0.177814 ms CreateObjectMapping: 0.037647 ms MarkObjects: 1.492052 ms  DeleteObjects: 0.012635 ms)

========================================================================
Received Prepare
Registering precompiled user dll's ...
Registered in 0.000345 seconds.
Begin MonoManager ReloadAssembly
Native extension for OSXStandalone target not found
Refreshing native plugins compatible for Editor in 0.26 ms, found 1 plugins.
Preloading 0 native plugins for Editor in 0.00 ms.
Invoked RoslynAnalysisRunner static constructor.
RoslynAnalysisRunner will not be running.
RoslynAnalysisRunner has terminated.
Mono: successfully reloaded assembly
- Completed reload, in  1.006 seconds
Platform modules already initialized, skipping
Refreshing native plugins compatible for Editor in 0.27 ms, found 1 plugins.
Preloading 0 native plugins for Editor in 0.00 ms.
Unloading 1102 Unused Serialized files (Serialized files now loaded: 0)
System memory in use before: 178.8 MB.
System memory in use after: 178.9 MB.

Unloading 4 unused Assets to reduce memory usage. Loaded Objects now: 1589.
Total: 2.248261 ms (FindLiveObjects: 0.248264 ms CreateObjectMapping: 0.071237 ms MarkObjects: 1.910596 ms  DeleteObjects: 0.017088 ms)

========================================================================
Received Prepare
Registering precompiled user dll's ...
Registered in 0.000405 seconds.
Begin MonoManager ReloadAssembly
Native extension for OSXStandalone target not found
Refreshing native plugins compatible for Editor in 0.26 ms, found 1 plugins.
Preloading 0 native plugins for Editor in 0.00 ms.
Invoked RoslynAnalysisRunner static constructor.
RoslynAnalysisRunner will not be running.
RoslynAnalysisRunner has terminated.
Mono: successfully reloaded assembly
- Completed reload, in  0.995 seconds
Platform modules already initialized, skipping
Refreshing native plugins compatible for Editor in 0.42 ms, found 1 plugins.
Preloading 0 native plugins for Editor in 0.00 ms.
Unloading 1102 Unused Serialized files (Serialized files now loaded: 0)
System memory in use before: 179.0 MB.
System memory in use after: 179.1 MB.

Unloading 4 unused Assets to reduce memory usage. Loaded Objects now: 1591.
Total: 1.946973 ms (FindLiveObjects: 0.258465 ms CreateObjectMapping: 0.102713 ms MarkObjects: 1.570169 ms  DeleteObjects: 0.014454 ms)

========================================================================
Received Import Request.
  Time since last request: 295.791230 seconds.
  path: Assets/Scripts/PlayerScript.cs
  artifactKey: Guid(9f6051cbd1f1a48db96ab01306b2ef80) Importer(815301076,1909f56bfc062723c751e8b465ee728b)
Start importing Assets/Scripts/PlayerScript.cs using Guid(9f6051cbd1f1a48db96ab01306b2ef80) Importer(815301076,1909f56bfc062723c751e8b465ee728b)  -> (artifact id: 'd66958768b6703a8a258ef41510a39c4') in 0.005199 seconds
  Import took 0.007681 seconds .

========================================================================
Received Import Request.
  Time since last request: 0.032408 seconds.
  path: Assets/Scripts/PlayerScript.cs
  artifactKey: Guid(9f6051cbd1f1a48db96ab01306b2ef80) Importer(815301076,1909f56bfc062723c751e8b465ee728b)
Start importing Assets/Scripts/PlayerScript.cs using Guid(9f6051cbd1f1a48db96ab01306b2ef80) Importer(815301076,1909f56bfc062723c751e8b465ee728b)  -> (artifact id: 'd66958768b6703a8a258ef41510a39c4') in 0.001088 seconds
  Import took 0.003575 seconds .

========================================================================
Received Import Request.
  Time since last request: 38.571151 seconds.
  path: ProjectSettings/TagManager.asset
  artifactKey: Guid(00000000000000003000000000000000) Importer(815301076,1909f56bfc062723c751e8b465ee728b)
Start importing ProjectSettings/TagManager.asset using Guid(00000000000000003000000000000000) Importer(815301076,1909f56bfc062723c751e8b465ee728b)  -> (artifact id: 'b2dee9ced0a85d274b96b1466a3268ad') in 0.015275 seconds
  Import took 0.018439 seconds .

========================================================================
Received Import Request.
  Time since last request: 4.901596 seconds.
  path: ProjectSettings/TagManager.asset
  artifactKey: Guid(00000000000000003000000000000000) Importer(815301076,1909f56bfc062723c751e8b465ee728b)
Start importing ProjectSettings/TagManager.asset using Guid(00000000000000003000000000000000) Importer(815301076,1909f56bfc062723c751e8b465ee728b)  -> (artifact id: '55d72d1899968a6becb45a32a83cb2d0') in 0.006829 seconds
  Import took 0.009428 seconds .

========================================================================
Received Prepare
Registering precompiled user dll's ...
Registered in 0.000436 seconds.
Begin MonoManager ReloadAssembly
Native extension for OSXStandalone target not found
Refreshing native plugins compatible for Editor in 0.25 ms, found 1 plugins.
Preloading 0 native plugins for Editor in 0.00 ms.
Invoked RoslynAnalysisRunner static constructor.
RoslynAnalysisRunner will not be running.
RoslynAnalysisRunner has terminated.
Mono: successfully reloaded assembly
- Completed reload, in  1.184 seconds
Platform modules already initialized, skipping
Refreshing native plugins compatible for Editor in 0.38 ms, found 1 plugins.
Preloading 0 native plugins for Editor in 0.00 ms.
Unloading 1102 Unused Serialized files (Serialized files now loaded: 0)
System memory in use before: 179.2 MB.
System memory in use after: 179.3 MB.

Unloading 6 unused Assets to reduce memory usage. Loaded Objects now: 1593.
Total: 1.923204 ms (FindLiveObjects: 0.195515 ms CreateObjectMapping: 0.049313 ms MarkObjects: 1.662616 ms  DeleteObjects: 0.014748 ms)

========================================================================
Received Prepare
Registering precompiled user dll's ...
Registered in 0.001053 seconds.
Begin MonoManager ReloadAssembly
Native extension for OSXStandalone target not found
Refreshing native plugins compatible for Editor in 0.26 ms, found 1 plugins.
Preloading 0 native plugins for Editor in 0.00 ms.
Invoked RoslynAnalysisRunner static constructor.
RoslynAnalysisRunner will not be running.
RoslynAnalysisRunner has terminated.
Mono: successfully reloaded assembly
- Completed reload, in  1.006 seconds
Platform modules already initialized, skipping
Refreshing native plugins compatible for Editor in 0.25 ms, found 1 plugins.
Preloading 0 native plugins for Editor in 0.00 ms.
Unloading 1102 Unused Serialized files (Serialized files now loaded: 0)
System memory in use before: 179.3 MB.
System memory in use after: 179.4 MB.

Unloading 4 unused Assets to reduce memory usage. Loaded Objects now: 1595.
Total: 1.999099 ms (FindLiveObjects: 0.239894 ms CreateObjectMapping: 0.059477 ms MarkObjects: 1.681531 ms  DeleteObjects: 0.016171 ms)

========================================================================
Received Prepare
Registering precompiled user dll's ...
Registered in 0.000496 seconds.
Begin MonoManager ReloadAssembly
Native extension for OSXStandalone target not found
Refreshing native plugins compatible for Editor in 0.46 ms, found 1 plugins.
Preloading 0 native plugins for Editor in 0.00 ms.
Invoked RoslynAnalysisRunner static constructor.
RoslynAnalysisRunner will not be running.
RoslynAnalysisRunner has terminated.
Mono: successfully reloaded assembly
- Completed reload, in  1.184 seconds
Platform modules already initialized, skipping
Refreshing native plugins compatible for Editor in 0.29 ms, found 1 plugins.
Preloading 0 native plugins for Editor in 0.00 ms.
Unloading 1102 Unused Serialized files (Serialized files now loaded: 0)
System memory in use before: 179.5 MB.
System memory in use after: 179.6 MB.

Unloading 4 unused Assets to reduce memory usage. Loaded Objects now: 1597.
Total: 2.095199 ms (FindLiveObjects: 0.196679 ms CreateObjectMapping: 0.079315 ms MarkObjects: 1.804043 ms  DeleteObjects: 0.013798 ms)

========================================================================
Received Prepare
Registering precompiled user dll's ...
Registered in 0.000328 seconds.
Begin MonoManager ReloadAssembly
Native extension for OSXStandalone target not found
Refreshing native plugins compatible for Editor in 0.35 ms, found 1 plugins.
Preloading 0 native plugins for Editor in 0.00 ms.
Invoked RoslynAnalysisRunner static constructor.
RoslynAnalysisRunner will not be running.
RoslynAnalysisRunner has terminated.
Mono: successfully reloaded assembly
- Completed reload, in  0.998 seconds
Platform modules already initialized, skipping
Refreshing native plugins compatible for Editor in 0.24 ms, found 1 plugins.
Preloading 0 native plugins for Editor in 0.00 ms.
Unloading 1102 Unused Serialized files (Serialized files now loaded: 0)
System memory in use before: 179.7 MB.
System memory in use after: 179.8 MB.

Unloading 4 unused Assets to reduce memory usage. Loaded Objects now: 1599.
Total: 2.005473 ms (FindLiveObjects: 0.234633 ms CreateObjectMapping: 0.043867 ms MarkObjects: 1.710910 ms  DeleteObjects: 0.014478 ms)

========================================================================
Received Prepare
Registering precompiled user dll's ...
Registered in 0.000368 seconds.
Begin MonoManager ReloadAssembly
Native extension for OSXStandalone target not found
Refreshing native plugins compatible for Editor in 0.25 ms, found 1 plugins.
Preloading 0 native plugins for Editor in 0.00 ms.
Invoked RoslynAnalysisRunner static constructor.
RoslynAnalysisRunner will not be running.
RoslynAnalysisRunner has terminated.
Mono: successfully reloaded assembly
- Completed reload, in  0.993 seconds
Platform modules already initialized, skipping
Refreshing native plugins compatible for Editor in 0.26 ms, found 1 plugins.
Preloading 0 native plugins for Editor in 0.00 ms.
Unloading 1102 Unused Serialized files (Serialized files now loaded: 0)
System memory in use before: 179.8 MB.
System memory in use after: 179.9 MB.

Unloading 4 unused Assets to reduce memory usage. Loaded Objects now: 1601.
Total: 2.114273 ms (FindLiveObjects: 0.220374 ms CreateObjectMapping: 0.080983 ms MarkObjects: 1.796005 ms  DeleteObjects: 0.015249 ms)

========================================================================
Received Import Request.
  Time since last request: 509.361752 seconds.
  path: Assets/Azerilo/HQ Racing Car Model No.1202/Material/Tire.mat
  artifactKey: Guid(7a098b7ec3b94394d81f3896acb5cec6) Importer(815301076,1909f56bfc062723c751e8b465ee728b)
Start importing Assets/Azerilo/HQ Racing Car Model No.1202/Material/Tire.mat using Guid(7a098b7ec3b94394d81f3896acb5cec6) Importer(815301076,1909f56bfc062723c751e8b465ee728b)  -> (artifact id: 'b5620c2d670287c47abf582db4a38d83') in 0.339384 seconds
  Import took 0.342044 seconds .

========================================================================
Received Import Request.
  Time since last request: 0.000229 seconds.
  path: Assets/skyb1/sky,startday.mat
  artifactKey: Guid(e222162ddb8d34547a133b673221b195) Importer(815301076,1909f56bfc062723c751e8b465ee728b)
Start importing Assets/skyb1/sky,startday.mat using Guid(e222162ddb8d34547a133b673221b195) Importer(815301076,1909f56bfc062723c751e8b465ee728b)  -> (artifact id: '6baf6dfc5201fbe158e57d45de3e1f39') in 0.134372 seconds
  Import took 0.142396 seconds .

========================================================================
Received Import Request.
  Time since last request: 0.000209 seconds.
  path: Assets/Azerilo/HQ Racing Car Model No.1202/Material/Red.mat
  artifactKey: Guid(1b2e1f310ca626a4c8b03248d8e09247) Importer(815301076,1909f56bfc062723c751e8b465ee728b)
Start importing Assets/Azerilo/HQ Racing Car Model No.1202/Material/Red.mat using Guid(1b2e1f310ca626a4c8b03248d8e09247) Importer(815301076,1909f56bfc062723c751e8b465ee728b)  -> (artifact id: 'ab5d8c6d6450ff2525d9e8858bde34f7') in 0.009310 seconds
  Import took 0.012387 seconds .

========================================================================
Received Import Request.
  Time since last request: 0.000288 seconds.
  path: Assets/Azerilo/HQ Racing Car Model No.1202/Material/RearLight.mat
  artifactKey: Guid(7d730c7fb1a458e40b794d8a22342561) Importer(815301076,1909f56bfc062723c751e8b465ee728b)
Start importing Assets/Azerilo/HQ Racing Car Model No.1202/Material/RearLight.mat using Guid(7d730c7fb1a458e40b794d8a22342561) Importer(815301076,1909f56bfc062723c751e8b465ee728b)  -> (artifact id: '4c3bf8010f0551accd69094f68945c3c') in 0.034265 seconds
  Import took 0.037399 seconds .

========================================================================
Received Import Request.
  Time since last request: 0.000283 seconds.
  path: Assets/Azerilo/HQ Racing Car Model No.1202/Mesh/Materials/RedMat.mat
  artifactKey: Guid(daa70d9da157e184d833c5b75d610515) Importer(815301076,1909f56bfc062723c751e8b465ee728b)
Start importing Assets/Azerilo/HQ Racing Car Model No.1202/Mesh/Materials/RedMat.mat using Guid(daa70d9da157e184d833c5b75d610515) Importer(815301076,1909f56bfc062723c751e8b465ee728b)  -> (artifact id: 'b6c1a65e3693232d55152a6f79ea1d29') in 0.030107 seconds
  Import took 0.032990 seconds .

========================================================================
Received Import Request.
  Time since last request: 0.000211 seconds.
  path: Assets/Azerilo/HQ Racing Car Model No.1202/Mesh/Materials/Tex_0224_0.mat
  artifactKey: Guid(95611ca75bb8e16418d46a1deebbeabf) Importer(815301076,1909f56bfc062723c751e8b465ee728b)
Start importing Assets/Azerilo/HQ Racing Car Model No.1202/Mesh/Materials/Tex_0224_0.mat using Guid(95611ca75bb8e16418d46a1deebbeabf) Importer(815301076,1909f56bfc062723c751e8b465ee728b)  -> (artifact id: '2563248ca866b8a59f9ff5380190734c') in 0.016949 seconds
  Import took 0.019193 seconds .

========================================================================
Received Import Request.
  Time since last request: 0.000213 seconds.
  path: Assets/Azerilo/HQ Racing Car Model No.1202/Material/seams 2.mat
  artifactKey: Guid(2cfb5f5bc1680a143ac695f586ed16d6) Importer(815301076,1909f56bfc062723c751e8b465ee728b)
Start importing Assets/Azerilo/HQ Racing Car Model No.1202/Material/seams 2.mat using Guid(2cfb5f5bc1680a143ac695f586ed16d6) Importer(815301076,1909f56bfc062723c751e8b465ee728b)  -> (artifact id: '17c95387a619ef7f24270b976b4a2d2c') in 0.031611 seconds
  Import took 0.033850 seconds .

========================================================================
Received Import Request.
  Time since last request: 0.000246 seconds.
  path: Assets/Robot Kyle/Materials/Robot_Color.mat
  artifactKey: Guid(0aa851515cd3747d6b3b3e461199a2ed) Importer(815301076,1909f56bfc062723c751e8b465ee728b)
Start importing Assets/Robot Kyle/Materials/Robot_Color.mat using Guid(0aa851515cd3747d6b3b3e461199a2ed) Importer(815301076,1909f56bfc062723c751e8b465ee728b)  -> (artifact id: 'd297ccd2dfb6950c0438e42411923ae3') in 0.027483 seconds
  Import took 0.030335 seconds .

========================================================================
Received Import Request.
  Time since last request: 0.000211 seconds.
  path: Assets/Azerilo/HQ Racing Car Model No.1202/Mesh/Materials/Tex_0220_0_2.mat
  artifactKey: Guid(29b2f9057f19d5f49b5edc3a50f260fd) Importer(815301076,1909f56bfc062723c751e8b465ee728b)
Start importing Assets/Azerilo/HQ Racing Car Model No.1202/Mesh/Materials/Tex_0220_0_2.mat using Guid(29b2f9057f19d5f49b5edc3a50f260fd) Importer(815301076,1909f56bfc062723c751e8b465ee728b)  -> (artifact id: 'e271bbb1eafbcab003b520c379c92e2c') in 0.013090 seconds
  Import took 0.015559 seconds .

========================================================================
Received Import Request.
  Time since last request: 0.000206 seconds.
  path: Assets/Azerilo/HQ Racing Car Model No.1202/Material/seams.mat
  artifactKey: Guid(56c828a034c3e4f46a79ee0da5495158) Importer(815301076,1909f56bfc062723c751e8b465ee728b)
Start importing Assets/Azerilo/HQ Racing Car Model No.1202/Material/seams.mat using Guid(56c828a034c3e4f46a79ee0da5495158) Importer(815301076,1909f56bfc062723c751e8b465ee728b)  -> (artifact id: '5bc7550adbe635ed524d74c419afa3fe') in 0.028929 seconds
  Import took 0.031799 seconds .

========================================================================
Received Import Request.
  Time since last request: 0.000292 seconds.
  path: Assets/Azerilo/HQ Racing Car Model No.1202/Mesh/Materials/rearLight.mat
  artifactKey: Guid(512ff09718bd46e45bcbf9ccf41ba5c3) Importer(815301076,1909f56bfc062723c751e8b465ee728b)
Start importing Assets/Azerilo/HQ Racing Car Model No.1202/Mesh/Materials/rearLight.mat using Guid(512ff09718bd46e45bcbf9ccf41ba5c3) Importer(815301076,1909f56bfc062723c751e8b465ee728b)  -> (artifact id: 'c960204cac0fef9a793f1e4402d8e9fb') in 0.023491 seconds
  Import took 0.025883 seconds .

========================================================================
Received Import Request.
  Time since last request: 0.000204 seconds.
  path: Assets/Azerilo/HQ Racing Car Model No.1202/Mesh/Materials/Tex_0137_0_2.mat
  artifactKey: Guid(1cb916a4806e43e49a14896b84a7d7aa) Importer(815301076,1909f56bfc062723c751e8b465ee728b)
Start importing Assets/Azerilo/HQ Racing Car Model No.1202/Mesh/Materials/Tex_0137_0_2.mat using Guid(1cb916a4806e43e49a14896b84a7d7aa) Importer(815301076,1909f56bfc062723c751e8b465ee728b)  -> (artifact id: '1f47eb8294a1e1702c939e7564d90309') in 0.012520 seconds
  Import took 0.015129 seconds .

========================================================================
Received Import Request.
  Time since last request: 0.000397 seconds.
  path: Assets/Azerilo/HQ Racing Car Model No.1202/Material/seams 1.mat
  artifactKey: Guid(fcdb1f6c33c21b64e85ae7392467a09b) Importer(815301076,1909f56bfc062723c751e8b465ee728b)
Start importing Assets/Azerilo/HQ Racing Car Model No.1202/Material/seams 1.mat using Guid(fcdb1f6c33c21b64e85ae7392467a09b) Importer(815301076,1909f56bfc062723c751e8b465ee728b)  -> (artifact id: '2e19c79df99daf53eb8a5e11fbaaa8f2') in 0.026121 seconds
  Import took 0.028597 seconds .

========================================================================
Received Import Request.
  Time since last request: 0.020597 seconds.
  path: Assets/Azerilo/HQ Racing Car Model No.1202/Material/Mirror.mat
  artifactKey: Guid(c4755d5dc89921446b72a52f2a8416e4) Importer(815301076,1909f56bfc062723c751e8b465ee728b)
Start importing Assets/Azerilo/HQ Racing Car Model No.1202/Material/Mirror.mat using Guid(c4755d5dc89921446b72a52f2a8416e4) Importer(815301076,1909f56bfc062723c751e8b465ee728b)  -> (artifact id: '407c880b4e21a4eb96ec572e024843cc') in 0.013372 seconds
  Import took 0.016348 seconds .

========================================================================
Received Import Request.
  Time since last request: 0.000215 seconds.
  path: Assets/Azerilo/HQ Racing Car Model No.1202/Material/Plate.mat
  artifactKey: Guid(0e383ad4f0193314e86c9c041bd37087) Importer(815301076,1909f56bfc062723c751e8b465ee728b)
Start importing Assets/Azerilo/HQ Racing Car Model No.1202/Material/Plate.mat using Guid(0e383ad4f0193314e86c9c041bd37087) Importer(815301076,1909f56bfc062723c751e8b465ee728b)  -> (artifact id: '07dfa87f05fc8a46620a62a7c882ce16') in 0.026734 seconds
  Import took 0.030225 seconds .

========================================================================
Received Import Request.
  Time since last request: 0.019450 seconds.
  path: Assets/Azerilo/HQ Racing Car Model No.1202/Material/Plate.mat
  artifactKey: Guid(0e383ad4f0193314e86c9c041bd37087) Importer(815301076,1909f56bfc062723c751e8b465ee728b)
Start importing Assets/Azerilo/HQ Racing Car Model No.1202/Material/Plate.mat using Guid(0e383ad4f0193314e86c9c041bd37087) Importer(815301076,1909f56bfc062723c751e8b465ee728b)  -> (artifact id: '07dfa87f05fc8a46620a62a7c882ce16') in 0.015314 seconds
  Import took 0.018779 seconds .

========================================================================
Received Import Request.
  Time since last request: 6.139509 seconds.
  path: Assets/Azerilo/HQ Racing Car Model No.1202/Mesh/Materials/lambert11.mat
  artifactKey: Guid(affada90ee185374091a0ee28e5fea65) Importer(815301076,1909f56bfc062723c751e8b465ee728b)
Start importing Assets/Azerilo/HQ Racing Car Model No.1202/Mesh/Materials/lambert11.mat using Guid(affada90ee185374091a0ee28e5fea65) Importer(815301076,1909f56bfc062723c751e8b465ee728b)  -> (artifact id: 'b3f65374be361cbb5d2f596ff476dd94') in 0.008894 seconds
  Import took 0.011242 seconds .

========================================================================
Received Import Request.
  Time since last request: 0.000234 seconds.
  path: Assets/Azerilo/HQ Racing Car Model No.1202/Mesh/Materials/lambert18.mat
  artifactKey: Guid(2df797bb615e9944a9b1ee57774085fc) Importer(815301076,1909f56bfc062723c751e8b465ee728b)
Start importing Assets/Azerilo/HQ Racing Car Model No.1202/Mesh/Materials/lambert18.mat using Guid(2df797bb615e9944a9b1ee57774085fc) Importer(815301076,1909f56bfc062723c751e8b465ee728b)  -> (artifact id: '45021b95cb6e55087af19606145f5898') in 0.008568 seconds
  Import took 0.010346 seconds .

========================================================================
Received Import Request.
  Time since last request: 0.000177 seconds.
  path: Assets/Azerilo/HQ Racing Car Model No.1202/Mesh/Materials/lambert11.mat
  artifactKey: Guid(affada90ee185374091a0ee28e5fea65) Importer(815301076,1909f56bfc062723c751e8b465ee728b)
Start importing Assets/Azerilo/HQ Racing Car Model No.1202/Mesh/Materials/lambert11.mat using Guid(affada90ee185374091a0ee28e5fea65) Importer(815301076,1909f56bfc062723c751e8b465ee728b)  -> (artifact id: 'b3f65374be361cbb5d2f596ff476dd94') in 0.038968 seconds
  Import took 0.041633 seconds .

========================================================================
Received Import Request.
  Time since last request: 0.037763 seconds.
  path: Assets/Azerilo/HQ Racing Car Model No.1202/Mesh/Materials/lambert18.mat
  artifactKey: Guid(2df797bb615e9944a9b1ee57774085fc) Importer(815301076,1909f56bfc062723c751e8b465ee728b)
Start importing Assets/Azerilo/HQ Racing Car Model No.1202/Mesh/Materials/lambert18.mat using Guid(2df797bb615e9944a9b1ee57774085fc) Importer(815301076,1909f56bfc062723c751e8b465ee728b)  -> (artifact id: '45021b95cb6e55087af19606145f5898') in 0.024920 seconds
  Import took 0.027893 seconds .

========================================================================
Received Import Request.
  Time since last request: 0.000222 seconds.
  path: Assets/Azerilo/HQ Racing Car Model No.1202/Material/Handle.mat
  artifactKey: Guid(62ba763150b94cf4eb4a0b16017f6c59) Importer(815301076,1909f56bfc062723c751e8b465ee728b)
Start importing Assets/Azerilo/HQ Racing Car Model No.1202/Material/Handle.mat using Guid(62ba763150b94cf4eb4a0b16017f6c59) Importer(815301076,1909f56bfc062723c751e8b465ee728b)  -> (artifact id: '127e3517ca3883ca5a01baa551c4040c') in 0.036436 seconds
  Import took 0.038740 seconds .

========================================================================
Received Import Request.
  Time since last request: 0.000197 seconds.
  path: Assets/Azerilo/Demo Assets/Ground.mat
  artifactKey: Guid(aad598b43aa780247ae3dc593eceea9f) Importer(815301076,1909f56bfc062723c751e8b465ee728b)
Start importing Assets/Azerilo/Demo Assets/Ground.mat using Guid(aad598b43aa780247ae3dc593eceea9f) Importer(815301076,1909f56bfc062723c751e8b465ee728b)  -> (artifact id: '8c9166de35777f9f9894ee7ccd8b4beb') in 0.029539 seconds
  Import took 0.031751 seconds .

========================================================================
Received Import Request.
  Time since last request: 0.000192 seconds.
  path: Assets/Azerilo/HQ Racing Car Model No.1202/Material/Interior.mat
  artifactKey: Guid(79cd815d76aa0e84fba3bd295e9bd10e) Importer(815301076,1909f56bfc062723c751e8b465ee728b)
Start importing Assets/Azerilo/HQ Racing Car Model No.1202/Material/Interior.mat using Guid(79cd815d76aa0e84fba3bd295e9bd10e) Importer(815301076,1909f56bfc062723c751e8b465ee728b)  -> (artifact id: '5b1b1f138ae5737a16231ede035e0154') in 0.015459 seconds
  Import took 0.017308 seconds .

========================================================================
Received Import Request.
  Time since last request: 0.000175 seconds.
  path: Assets/Azerilo/HQ Racing Car Model No.1202/Mesh/Materials/lambert2.mat
  artifactKey: Guid(f8556cd10f913c3488f015df9d706295) Importer(815301076,1909f56bfc062723c751e8b465ee728b)
Start importing Assets/Azerilo/HQ Racing Car Model No.1202/Mesh/Materials/lambert2.mat using Guid(f8556cd10f913c3488f015df9d706295) Importer(815301076,1909f56bfc062723c751e8b465ee728b)  -> (artifact id: 'ba42cb06532d69b95a7df9acc2025223') in 0.031829 seconds
  Import took 0.034134 seconds .

========================================================================
Received Import Request.
  Time since last request: 0.026661 seconds.
  path: Assets/Azerilo/HQ Racing Car Model No.1202/Material/Gray.mat
  artifactKey: Guid(970eef632d6c84643bd8a130949ef8cc) Importer(815301076,1909f56bfc062723c751e8b465ee728b)
Start importing Assets/Azerilo/HQ Racing Car Model No.1202/Material/Gray.mat using Guid(970eef632d6c84643bd8a130949ef8cc) Importer(815301076,1909f56bfc062723c751e8b465ee728b)  -> (artifact id: 'd3a088d2e953e7bebc9541adf5f32749') in 0.015177 seconds
  Import took 0.017914 seconds .

========================================================================
Received Import Request.
  Time since last request: 0.000204 seconds.
  path: Assets/Azerilo/HQ Racing Car Model No.1202/Material/Grille.mat
  artifactKey: Guid(5209fa19df4aae042a5dc4cf36508f6e) Importer(815301076,1909f56bfc062723c751e8b465ee728b)
Start importing Assets/Azerilo/HQ Racing Car Model No.1202/Material/Grille.mat using Guid(5209fa19df4aae042a5dc4cf36508f6e) Importer(815301076,1909f56bfc062723c751e8b465ee728b)  -> (artifact id: '00ec0c7ed77a703f920353d992590d4d') in 0.007206 seconds
  Import took 0.009179 seconds .

========================================================================
Received Import Request.
  Time since last request: 2.656080 seconds.
  path: Assets/Azerilo/HQ Racing Car Model No.1202/Material/Exhaust.mat
  artifactKey: Guid(b4b5db5d82609714798bf8860243959a) Importer(815301076,1909f56bfc062723c751e8b465ee728b)
Start importing Assets/Azerilo/HQ Racing Car Model No.1202/Material/Exhaust.mat using Guid(b4b5db5d82609714798bf8860243959a) Importer(815301076,1909f56bfc062723c751e8b465ee728b)  -> (artifact id: 'b712034a6a324ac92e146e0406e71c78') in 0.009141 seconds
  Import took 0.011388 seconds .

========================================================================
Received Import Request.
  Time since last request: 0.000189 seconds.
  path: Assets/Azerilo/HQ Racing Car Model No.1202/Material/Glass.mat
  artifactKey: Guid(76a223d1d8e8bf94595f0eb6b1ea2b5a) Importer(815301076,1909f56bfc062723c751e8b465ee728b)
Start importing Assets/Azerilo/HQ Racing Car Model No.1202/Material/Glass.mat using Guid(76a223d1d8e8bf94595f0eb6b1ea2b5a) Importer(815301076,1909f56bfc062723c751e8b465ee728b)  -> (artifact id: 'f1d6c0475b886f66d6aed83f3ce50fcc') in 0.009657 seconds
  Import took 0.011494 seconds .

========================================================================
Received Import Request.
  Time since last request: 0.000176 seconds.
  path: Assets/Azerilo/HQ Racing Car Model No.1202/Material/Exhaust.mat
  artifactKey: Guid(b4b5db5d82609714798bf8860243959a) Importer(815301076,1909f56bfc062723c751e8b465ee728b)
Start importing Assets/Azerilo/HQ Racing Car Model No.1202/Material/Exhaust.mat using Guid(b4b5db5d82609714798bf8860243959a) Importer(815301076,1909f56bfc062723c751e8b465ee728b)  -> (artifact id: 'b712034a6a324ac92e146e0406e71c78') in 0.069979 seconds
  Import took 0.072800 seconds .

========================================================================
Received Import Request.
  Time since last request: 0.000956 seconds.
  path: Assets/Azerilo/HQ Racing Car Model No.1202/Material/Glass.mat
  artifactKey: Guid(76a223d1d8e8bf94595f0eb6b1ea2b5a) Importer(815301076,1909f56bfc062723c751e8b465ee728b)
Start importing Assets/Azerilo/HQ Racing Car Model No.1202/Material/Glass.mat using Guid(76a223d1d8e8bf94595f0eb6b1ea2b5a) Importer(815301076,1909f56bfc062723c751e8b465ee728b)  -> (artifact id: 'f1d6c0475b886f66d6aed83f3ce50fcc') in 0.024124 seconds
  Import took 0.026228 seconds .

========================================================================
Received Import Request.
  Time since last request: 0.063374 seconds.
  path: Assets/Azerilo/HQ Racing Car Model No.1202/Material/Body 1.mat
  artifactKey: Guid(39389d950d501414fa10f5fff7b0d3c6) Importer(815301076,1909f56bfc062723c751e8b465ee728b)
Start importing Assets/Azerilo/HQ Racing Car Model No.1202/Material/Body 1.mat using Guid(39389d950d501414fa10f5fff7b0d3c6) Importer(815301076,1909f56bfc062723c751e8b465ee728b)  -> (artifact id: 'beb8a6f129b71116b324789a3ed8ed24') in 0.018095 seconds
  Import took 0.021016 seconds .

========================================================================
Received Import Request.
  Time since last request: 0.000170 seconds.
  path: Assets/Azerilo/HQ Racing Car Model No.1202/Material/Chasis.mat
  artifactKey: Guid(f141eacd20c7a1a47a95a5f7c9122fb7) Importer(815301076,1909f56bfc062723c751e8b465ee728b)
Start importing Assets/Azerilo/HQ Racing Car Model No.1202/Material/Chasis.mat using Guid(f141eacd20c7a1a47a95a5f7c9122fb7) Importer(815301076,1909f56bfc062723c751e8b465ee728b)  -> (artifact id: 'd6de0cfaf8b83c375dfc7ff982e53bce') in 0.034542 seconds
  Import took 0.036912 seconds .

========================================================================
Received Import Request.
  Time since last request: 0.000225 seconds.
  path: Assets/Azerilo/HQ Racing Car Model No.1202/Material/Disk.mat
  artifactKey: Guid(a39fd56e999c0d94ba5f269ba2d944fd) Importer(815301076,1909f56bfc062723c751e8b465ee728b)
Start importing Assets/Azerilo/HQ Racing Car Model No.1202/Material/Disk.mat using Guid(a39fd56e999c0d94ba5f269ba2d944fd) Importer(815301076,1909f56bfc062723c751e8b465ee728b)  -> (artifact id: '904d6445f5c93a0b27ea9293ce5516f8') in 0.027324 seconds
  Import took 0.029590 seconds .

========================================================================
Received Import Request.
  Time since last request: 0.000219 seconds.
  path: Assets/Azerilo/HQ Racing Car Model No.1202/Material/Body.mat
  artifactKey: Guid(7d1bed27130ab714cb0d0776aca180f3) Importer(815301076,1909f56bfc062723c751e8b465ee728b)
Start importing Assets/Azerilo/HQ Racing Car Model No.1202/Material/Body.mat using Guid(7d1bed27130ab714cb0d0776aca180f3) Importer(815301076,1909f56bfc062723c751e8b465ee728b)  -> (artifact id: '777345d9479c1bbe11ade985e9523a16') in 0.012682 seconds
  Import took 0.014818 seconds .

========================================================================
Received Import Request.
  Time since last request: 0.000283 seconds.
  path: Assets/Azerilo/HQ Racing Car Model No.1202/Material/Chrome.mat
  artifactKey: Guid(4807a4ab82b2851418c7f29e47bc193d) Importer(815301076,1909f56bfc062723c751e8b465ee728b)
Start importing Assets/Azerilo/HQ Racing Car Model No.1202/Material/Chrome.mat using Guid(4807a4ab82b2851418c7f29e47bc193d) Importer(815301076,1909f56bfc062723c751e8b465ee728b)  -> (artifact id: '773d7c2fc4175ed05848ee3e4c4b0a34') in 0.029553 seconds
  Import took 0.031868 seconds .

========================================================================
Received Import Request.
  Time since last request: 0.000324 seconds.
  path: Assets/Azerilo/HQ Racing Car Model No.1202/Material/Blinker.mat
  artifactKey: Guid(1b9a87e34def4cf44a451ba4e8dfb918) Importer(815301076,1909f56bfc062723c751e8b465ee728b)
Start importing Assets/Azerilo/HQ Racing Car Model No.1202/Material/Blinker.mat using Guid(1b9a87e34def4cf44a451ba4e8dfb918) Importer(815301076,1909f56bfc062723c751e8b465ee728b)  -> (artifact id: '14625ab67118e22ee0aafd1abef7e4b8') in 0.023911 seconds
  Import took 0.026252 seconds .

========================================================================
Received Import Request.
  Time since last request: 0.000265 seconds.
  path: Assets/Azerilo/HQ Racing Car Model No.1202/Material/Body 2.mat
  artifactKey: Guid(1950a865d8c2a374fa8110871d61fd64) Importer(815301076,1909f56bfc062723c751e8b465ee728b)
Start importing Assets/Azerilo/HQ Racing Car Model No.1202/Material/Body 2.mat using Guid(1950a865d8c2a374fa8110871d61fd64) Importer(815301076,1909f56bfc062723c751e8b465ee728b)  -> (artifact id: '7f2e8faf590fa7ac760ff12ddbd57a07') in 0.012340 seconds
  Import took 0.014726 seconds .

========================================================================
Received Import Request.
  Time since last request: 0.000192 seconds.
  path: Assets/Azerilo/HQ Racing Car Model No.1202/Material/Brake.mat
  artifactKey: Guid(814e0187b9bdc40449a017b699fffe60) Importer(815301076,1909f56bfc062723c751e8b465ee728b)
Start importing Assets/Azerilo/HQ Racing Car Model No.1202/Material/Brake.mat using Guid(814e0187b9bdc40449a017b699fffe60) Importer(815301076,1909f56bfc062723c751e8b465ee728b)  -> (artifact id: '2776d6ab63fcf59be400125fd13066ab') in 0.024498 seconds
  Import took 0.028117 seconds .

========================================================================
Received Import Request.
  Time since last request: 0.387705 seconds.
  path: Assets/Azerilo/HQ Racing Car Model No.1202/Material/Black.mat
  artifactKey: Guid(d6c093a3aeb12474b9110f8a6eea811e) Importer(815301076,1909f56bfc062723c751e8b465ee728b)
Start importing Assets/Azerilo/HQ Racing Car Model No.1202/Material/Black.mat using Guid(d6c093a3aeb12474b9110f8a6eea811e) Importer(815301076,1909f56bfc062723c751e8b465ee728b)  -> (artifact id: '2532ec0f89319129cc562ec33157c5d4') in 0.008246 seconds
  Import took 0.010432 seconds .

========================================================================
Received Import Request.
  Time since last request: 231.233242 seconds.
  path: Assets/Scripts/PlayerScript.cs
  artifactKey: Guid(9f6051cbd1f1a48db96ab01306b2ef80) Importer(815301076,1909f56bfc062723c751e8b465ee728b)
Start importing Assets/Scripts/PlayerScript.cs using Guid(9f6051cbd1f1a48db96ab01306b2ef80) Importer(815301076,1909f56bfc062723c751e8b465ee728b)  -> (artifact id: '1caadfbbc14f30ccf4a107158b6a7f1c') in 0.001547 seconds
  Import took 0.003977 seconds .

========================================================================
Received Import Request.
  Time since last request: 0.000272 seconds.
  path: Assets/Scripts/PlayerScript.cs
  artifactKey: Guid(9f6051cbd1f1a48db96ab01306b2ef80) Importer(815301076,1909f56bfc062723c751e8b465ee728b)
Start importing Assets/Scripts/PlayerScript.cs using Guid(9f6051cbd1f1a48db96ab01306b2ef80) Importer(815301076,1909f56bfc062723c751e8b465ee728b)  -> (artifact id: '1caadfbbc14f30ccf4a107158b6a7f1c') in 0.000888 seconds
  Import took 0.002563 seconds .

========================================================================
Received Import Request.
  Time since last request: 0.255625 seconds.
  path: Assets/Scripts/AudioSound.cs
  artifactKey: Guid(ce719575ae73c4da7bbb7b4f118b0fc2) Importer(815301076,1909f56bfc062723c751e8b465ee728b)
Start importing Assets/Scripts/AudioSound.cs using Guid(ce719575ae73c4da7bbb7b4f118b0fc2) Importer(815301076,1909f56bfc062723c751e8b465ee728b)  -> (artifact id: 'a1c1bd85c5ef9387c03b6a60598902ac') in 0.001071 seconds
  Import took 0.003128 seconds .

========================================================================
Received Import Request.
  Time since last request: 0.000397 seconds.
  path: Assets/Scripts/AudioSound.cs
  artifactKey: Guid(ce719575ae73c4da7bbb7b4f118b0fc2) Importer(815301076,1909f56bfc062723c751e8b465ee728b)
Start importing Assets/Scripts/AudioSound.cs using Guid(ce719575ae73c4da7bbb7b4f118b0fc2) Importer(815301076,1909f56bfc062723c751e8b465ee728b)  -> (artifact id: 'a1c1bd85c5ef9387c03b6a60598902ac') in 0.001097 seconds
  Import took 0.003005 seconds .

========================================================================
Received Import Request.
  Time since last request: 0.830360 seconds.
  path: Assets/Scenes/SampleScene.unity
  artifactKey: Guid(7074c7fb8a8f749dc89a9c68395e9a13) Importer(815301076,1909f56bfc062723c751e8b465ee728b)
Start importing Assets/Scenes/SampleScene.unity using Guid(7074c7fb8a8f749dc89a9c68395e9a13) Importer(815301076,1909f56bfc062723c751e8b465ee728b)  -> (artifact id: 'c29e117b68d46115d9fd9cc046868b4d') in 0.002295 seconds
  Import took 0.004489 seconds .

========================================================================
Received Import Request.
  Time since last request: 0.000704 seconds.
  path: Assets/Scenes/SampleScene.unity
  artifactKey: Guid(7074c7fb8a8f749dc89a9c68395e9a13) Importer(815301076,1909f56bfc062723c751e8b465ee728b)
Start importing Assets/Scenes/SampleScene.unity using Guid(7074c7fb8a8f749dc89a9c68395e9a13) Importer(815301076,1909f56bfc062723c751e8b465ee728b)  -> (artifact id: 'c29e117b68d46115d9fd9cc046868b4d') in 0.000920 seconds
  Import took 0.002473 seconds .

========================================================================
Received Import Request.
  Time since last request: 1.559286 seconds.
  path: Assets/Robot Kyle/Textures
  artifactKey: Guid(43464cd5757254627a1b865e035d80f8) Importer(815301076,1909f56bfc062723c751e8b465ee728b)
Start importing Assets/Robot Kyle/Textures using Guid(43464cd5757254627a1b865e035d80f8) Importer(815301076,1909f56bfc062723c751e8b465ee728b)  -> (artifact id: 'c69480dc30f6f7eb7edc7b9c9513d7a9') in 0.001625 seconds
  Import took 0.004151 seconds .

========================================================================
Received Import Request.
  Time since last request: 2.327066 seconds.
  path: Assets/Robot Kyle/Textures/Robot_Color.tga
  artifactKey: Guid(0a0e8af2869fa45f78e25460db578482) Importer(815301076,1909f56bfc062723c751e8b465ee728b)
Start importing Assets/Robot Kyle/Textures/Robot_Color.tga using Guid(0a0e8af2869fa45f78e25460db578482) Importer(815301076,1909f56bfc062723c751e8b465ee728b)  -> (artifact id: 'e4669984a8d8a36bbfa61325b71fc347') in 0.390421 seconds
  Import took 0.392873 seconds .

========================================================================
Received Import Request.
  Time since last request: 7.614782 seconds.
  path: Assets/Azerilo/HQ Racing Car Model No.1202/Scene
  artifactKey: Guid(32abfbdbb9e93c84b9e527cd04ea73f3) Importer(815301076,1909f56bfc062723c751e8b465ee728b)
Start importing Assets/Azerilo/HQ Racing Car Model No.1202/Scene using Guid(32abfbdbb9e93c84b9e527cd04ea73f3) Importer(815301076,1909f56bfc062723c751e8b465ee728b)  -> (artifact id: '29bcfba1268c37942bf61c222dbf66b3') in 0.001485 seconds
  Import took 0.004739 seconds .

========================================================================
Received Prepare
Registering precompiled user dll's ...
Registered in 0.000739 seconds.
Begin MonoManager ReloadAssembly
Native extension for OSXStandalone target not found
Refreshing native plugins compatible for Editor in 0.28 ms, found 1 plugins.
Preloading 0 native plugins for Editor in 0.00 ms.
Invoked RoslynAnalysisRunner static constructor.
RoslynAnalysisRunner will not be running.
RoslynAnalysisRunner has terminated.
Mono: successfully reloaded assembly
- Completed reload, in  1.043 seconds
Platform modules already initialized, skipping
Refreshing native plugins compatible for Editor in 0.29 ms, found 1 plugins.
Preloading 0 native plugins for Editor in 0.00 ms.
Unloading 1104 Unused Serialized files (Serialized files now loaded: 0)
System memory in use before: 190.6 MB.
System memory in use after: 190.7 MB.

Unloading 4 unused Assets to reduce memory usage. Loaded Objects now: 1639.
Total: 3.483471 ms (FindLiveObjects: 0.419581 ms CreateObjectMapping: 0.088078 ms MarkObjects: 2.924574 ms  DeleteObjects: 0.048967 ms)

========================================================================
Received Import Request.
  Time since last request: 460.153666 seconds.
  path: Assets/FurnishedCabin
  artifactKey: Guid(862ecc4a375fb4a1c83b251d54c8277e) Importer(815301076,1909f56bfc062723c751e8b465ee728b)
Start importing Assets/FurnishedCabin using Guid(862ecc4a375fb4a1c83b251d54c8277e) Importer(815301076,1909f56bfc062723c751e8b465ee728b)  -> (artifact id: '4f7a4a95ec128bb9d8fa037a93b30f61') in 0.004918 seconds
  Import took 0.008195 seconds .

========================================================================
Received Import Request.
  Time since last request: 0.014967 seconds.
  path: Assets/FurnishedCabin
  artifactKey: Guid(862ecc4a375fb4a1c83b251d54c8277e) Importer(815301076,1909f56bfc062723c751e8b465ee728b)
Start importing Assets/FurnishedCabin using Guid(862ecc4a375fb4a1c83b251d54c8277e) Importer(815301076,1909f56bfc062723c751e8b465ee728b)  -> (artifact id: '4f7a4a95ec128bb9d8fa037a93b30f61') in 0.000968 seconds
  Import took 0.003022 seconds .

========================================================================
Received Import Request.
  Time since last request: 1.451929 seconds.
  path: Assets/FurnishedCabin/Meshes
  artifactKey: Guid(2dd155a555af343988bc46a08811d85b) Importer(815301076,1909f56bfc062723c751e8b465ee728b)
Start importing Assets/FurnishedCabin/Meshes using Guid(2dd155a555af343988bc46a08811d85b) Importer(815301076,1909f56bfc062723c751e8b465ee728b)  -> (artifact id: 'bf488c84de68d2d2f226eff25c083c38') in 0.001059 seconds
  Import took 0.003855 seconds .

========================================================================
Received Import Request.
  Time since last request: 0.532117 seconds.
  path: Assets/FurnishedCabin/Prefabs
  artifactKey: Guid(d74d475fc0f824076a57d6ba4337ea6d) Importer(815301076,1909f56bfc062723c751e8b465ee728b)
Start importing Assets/FurnishedCabin/Prefabs using Guid(d74d475fc0f824076a57d6ba4337ea6d) Importer(815301076,1909f56bfc062723c751e8b465ee728b)  -> (artifact id: '309fe788d14cf691b416faaee32412d1') in 0.003148 seconds
  Import took 0.005624 seconds .

========================================================================
Received Prepare
Registering precompiled user dll's ...
Registered in 0.000458 seconds.
Begin MonoManager ReloadAssembly
Native extension for OSXStandalone target not found
Refreshing native plugins compatible for Editor in 0.27 ms, found 1 plugins.
Preloading 0 native plugins for Editor in 0.00 ms.
Invoked RoslynAnalysisRunner static constructor.
RoslynAnalysisRunner will not be running.
RoslynAnalysisRunner has terminated.
Mono: successfully reloaded assembly
- Completed reload, in  1.006 seconds
Platform modules already initialized, skipping
Refreshing native plugins compatible for Editor in 0.30 ms, found 1 plugins.
Preloading 0 native plugins for Editor in 0.00 ms.
Unloading 1104 Unused Serialized files (Serialized files now loaded: 0)
System memory in use before: 190.8 MB.
System memory in use after: 190.8 MB.

Unloading 4 unused Assets to reduce memory usage. Loaded Objects now: 1641.
Total: 2.338433 ms (FindLiveObjects: 0.256610 ms CreateObjectMapping: 0.076240 ms MarkObjects: 1.988272 ms  DeleteObjects: 0.016022 ms)

========================================================================
Received Import Request.
  Time since last request: 237.863592 seconds.
  path: Assets/FurnishedCabin/Prefabs/PFB_Lamp.prefab
  artifactKey: Guid(0ed008a5c5ee53c49a715afe02ba2651) Importer(815301076,1909f56bfc062723c751e8b465ee728b)
Start importing Assets/FurnishedCabin/Prefabs/PFB_Lamp.prefab using Guid(0ed008a5c5ee53c49a715afe02ba2651) Importer(815301076,1909f56bfc062723c751e8b465ee728b)  -> (artifact id: 'd0dae9d5a59dad1bf132624c7c0a0d46') in 0.194818 seconds
  Import took 0.198558 seconds .

========================================================================
Received Import Request.
  Time since last request: 2.391754 seconds.
  path: Assets/FurnishedCabin/Prefabs/PFB_Lightswitch.prefab
  artifactKey: Guid(6bf9d6b9bf8c7432bac2e53f43134d81) Importer(815301076,1909f56bfc062723c751e8b465ee728b)
Start importing Assets/FurnishedCabin/Prefabs/PFB_Lightswitch.prefab using Guid(6bf9d6b9bf8c7432bac2e53f43134d81) Importer(815301076,1909f56bfc062723c751e8b465ee728b)  -> (artifact id: 'b14aacf068c1e87153b9d0124b047c81') in 0.092018 seconds
  Import took 0.096703 seconds .

========================================================================
Received Import Request.
  Time since last request: 4.680809 seconds.
  path: Assets/FurnishedCabin/Prefabs/PFB_TVStand.prefab
  artifactKey: Guid(2c955ce5cc6b1a542900b51ed266259c) Importer(815301076,1909f56bfc062723c751e8b465ee728b)
Start importing Assets/FurnishedCabin/Prefabs/PFB_TVStand.prefab using Guid(2c955ce5cc6b1a542900b51ed266259c) Importer(815301076,1909f56bfc062723c751e8b465ee728b)  -> (artifact id: 'bfa2f8528f9548db8e3eb9cba25d858c') in 0.336374 seconds
  Import took 0.339532 seconds .

========================================================================
Received Import Request.
  Time since last request: 0.680523 seconds.
  path: Assets/FurnishedCabin/Prefabs/PFB_TV.prefab
  artifactKey: Guid(75434d6852c358145ab099a0eaeea877) Importer(815301076,1909f56bfc062723c751e8b465ee728b)
Start importing Assets/FurnishedCabin/Prefabs/PFB_TV.prefab using Guid(75434d6852c358145ab099a0eaeea877) Importer(815301076,1909f56bfc062723c751e8b465ee728b)  -> (artifact id: 'd33bae0ece89360d49b012fe26a8fb98') in 0.071738 seconds
  Import took 0.077462 seconds .

========================================================================
Received Import Request.
  Time since last request: 0.002929 seconds.
  path: Assets/FurnishedCabin/Prefabs/PFB_TV.prefab
  artifactKey: Guid(75434d6852c358145ab099a0eaeea877) Importer(815301076,1909f56bfc062723c751e8b465ee728b)
Start importing Assets/FurnishedCabin/Prefabs/PFB_TV.prefab using Guid(75434d6852c358145ab099a0eaeea877) Importer(815301076,1909f56bfc062723c751e8b465ee728b)  -> (artifact id: 'd33bae0ece89360d49b012fe26a8fb98') in 0.106417 seconds
  Import took 0.111589 seconds .

========================================================================
Received Import Request.
  Time since last request: 148.082065 seconds.
  path: Assets/FurnishedCabin/Meshes/Materials/TV_Lamp_Table_MAT.mat
  artifactKey: Guid(f53c87021cd4a8a4ca5a36be86fc762e) Importer(815301076,1909f56bfc062723c751e8b465ee728b)
Start importing Assets/FurnishedCabin/Meshes/Materials/TV_Lamp_Table_MAT.mat using Guid(f53c87021cd4a8a4ca5a36be86fc762e) Importer(815301076,1909f56bfc062723c751e8b465ee728b)  -> (artifact id: 'a287c5e2d04c12c1b9782c3e5c84fe68') in 0.046392 seconds
  Import took 0.050363 seconds .

========================================================================
Received Import Request.
  Time since last request: 19.656325 seconds.
  path: Assets/Terrain/New Terrain.asset
  artifactKey: Guid(ddeaf2465295640b8b2c443dfe608cbe) Importer(815301076,1909f56bfc062723c751e8b465ee728b)
Start importing Assets/Terrain/New Terrain.asset using Guid(ddeaf2465295640b8b2c443dfe608cbe) Importer(815301076,1909f56bfc062723c751e8b465ee728b)  -> (artifact id: '61f8a40c3bce832a48714ce6be4888d1') in 0.074244 seconds
  Import took 0.077188 seconds .

