Using pre-set license

 COMMAND LINE ARGUMENTS:
/Applications/Unity/Hub/Editor/2020.2.6f1/Unity.app/Contents/MacOS/Unity
-adb2
-batchMode
-noUpm
-name
AssetImportWorker0
-projectPath
/Users/robert/Files/projects/unity/dipri/dipri-20-21/Vj_3/SkyboxAudio
-logFile
Logs/AssetImportWorker0.log
-srvPort
49681
Successfully changed project path to: /Users/robert/Files/projects/unity/dipri/dipri-20-21/Vj_3/SkyboxAudio
/Users/robert/Files/projects/unity/dipri/dipri-20-21/Vj_3/SkyboxAudio
Using Asset Import Pipeline V2.
Refreshing native plugins compatible for Editor in 31.46 ms, found 1 plugins.
Preloading 0 native plugins for Editor in 0.00 ms.
Initialize engine version: 2020.2.6f1 (8a2143876886)
[Subsystems] Discovering subsystems at path /Applications/Unity/Hub/Editor/2020.2.6f1/Unity.app/Contents/Resources/UnitySubsystems
[Subsystems] Discovering subsystems at path /Users/robert/Files/projects/unity/dipri/dipri-20-21/Vj_3/SkyboxAudio/Assets
GfxDevice: creating device client; threaded=0
2021-03-24 15:01:19.911 Unity[76008:25980732] Color LCD preferred device: Intel Iris Pro Graphics (low power)
2021-03-24 15:01:19.911 Unity[76008:25980732] Metal devices available: 1
2021-03-24 15:01:19.911 Unity[76008:25980732] 0: Intel Iris Pro Graphics (low power)
2021-03-24 15:01:19.912 Unity[76008:25980732] Using device Intel Iris Pro Graphics (low power)
Initializing Metal device caps: Intel Iris Pro Graphics
Initialize mono
Mono path[0] = '/Applications/Unity/Hub/Editor/2020.2.6f1/Unity.app/Contents/Managed'
Mono path[1] = '/Applications/Unity/Hub/Editor/2020.2.6f1/Unity.app/Contents/MonoBleedingEdge/lib/mono/unityjit'
Mono config path = '/Applications/Unity/Hub/Editor/2020.2.6f1/Unity.app/Contents/MonoBleedingEdge/etc'
Using monoOptions --debugger-agent=transport=dt_socket,embedding=1,server=y,suspend=n,address=127.0.0.1:56008
Begin MonoManager ReloadAssembly
Registering precompiled unity dll's ...
Register platform support module: /Applications/Unity/Hub/Editor/2020.2.6f1/Unity.app/Contents/PlaybackEngines/MacStandaloneSupport/UnityEditor.OSXStandalone.Extensions.dll
Registered in 0.002161 seconds.
Native extension for OSXStandalone target not found
Refreshing native plugins compatible for Editor in 31.00 ms, found 1 plugins.
Preloading 0 native plugins for Editor in 0.00 ms.
Invoked RoslynAnalysisRunner static constructor.
RoslynAnalysisRunner will not be running.
RoslynAnalysisRunner has terminated.
Mono: successfully reloaded assembly
- Completed reload, in  2.368 seconds
Platform modules already initialized, skipping
Registering precompiled user dll's ...
Registered in 0.000903 seconds.
Begin MonoManager ReloadAssembly
Native extension for OSXStandalone target not found
Refreshing native plugins compatible for Editor in 0.30 ms, found 1 plugins.
Preloading 0 native plugins for Editor in 0.00 ms.
Invoked RoslynAnalysisRunner static constructor.
RoslynAnalysisRunner will not be running.
RoslynAnalysisRunner has terminated.
Mono: successfully reloaded assembly
- Completed reload, in  1.089 seconds
Platform modules already initialized, skipping
========================================================================
Worker process is ready to serve import requests
Launching external process: /Applications/Unity/Hub/Editor/2020.2.6f1/Unity.app/Contents/Tools/UnityShaderCompiler
Launched and connected shader compiler UnityShaderCompiler after 0.02 seconds
Refreshing native plugins compatible for Editor in 0.27 ms, found 1 plugins.
Preloading 0 native plugins for Editor in 0.00 ms.
Unloading 1109 Unused Serialized files (Serialized files now loaded: 0)
System memory in use before: 127.3 MB.
System memory in use after: 127.3 MB.

Unloading 9 unused Assets to reduce memory usage. Loaded Objects now: 1567.
Total: 2.910005 ms (FindLiveObjects: 0.298369 ms CreateObjectMapping: 0.073901 ms MarkObjects: 2.437908 ms  DeleteObjects: 0.098260 ms)

========================================================================
Received Import Request.
  path: Assets/TGU Skybox Pack
  artifactKey: Guid(58476d50c66844596b02bf0fb36e12b2) Importer(815301076,1909f56bfc062723c751e8b465ee728b)
Start importing Assets/TGU Skybox Pack using Guid(58476d50c66844596b02bf0fb36e12b2) Importer(815301076,1909f56bfc062723c751e8b465ee728b)  -> (artifact id: 'b20d94bb4af00829d74e7bfa6df4e088') in 0.005378 seconds
  Import took 0.008989 seconds .

========================================================================
Received Import Request.
  Time since last request: 0.000271 seconds.
  path: Assets/TGU Skybox Pack/Doomsday
  artifactKey: Guid(8c84cbe6c4e451a4dbadf0306f884335) Importer(815301076,1909f56bfc062723c751e8b465ee728b)
Start importing Assets/TGU Skybox Pack/Doomsday using Guid(8c84cbe6c4e451a4dbadf0306f884335) Importer(815301076,1909f56bfc062723c751e8b465ee728b)  -> (artifact id: '4e1fe707ee121397bb5707f28021f9bd') in 0.000895 seconds
  Import took 0.002650 seconds .

========================================================================
Received Import Request.
  Time since last request: 0.000194 seconds.
  path: Assets/TGU Skybox Pack/Urbanlight/Urbanlight.mat
  artifactKey: Guid(bda78b9face15004da6578098f28d80d) Importer(815301076,1909f56bfc062723c751e8b465ee728b)
Start importing Assets/TGU Skybox Pack/Urbanlight/Urbanlight.mat using Guid(bda78b9face15004da6578098f28d80d) Importer(815301076,1909f56bfc062723c751e8b465ee728b)  -> (artifact id: '92ecebf93b0505d6cf9d8b6b487f9906') in 0.560866 seconds
  Import took 0.564300 seconds .

========================================================================
Received Import Request.
  Time since last request: 1.949809 seconds.
  path: Assets/TGU Skybox Pack/Doomsday/Doomsday1.unity
  artifactKey: Guid(9cb7e093e2e6280428ddca6dbb08f648) Importer(815301076,1909f56bfc062723c751e8b465ee728b)
Start importing Assets/TGU Skybox Pack/Doomsday/Doomsday1.unity using Guid(9cb7e093e2e6280428ddca6dbb08f648) Importer(815301076,1909f56bfc062723c751e8b465ee728b)  -> (artifact id: 'def3d1e1485914a2e7344c7853c755cd') in 0.001427 seconds
  Import took 0.005188 seconds .

========================================================================
Received Import Request.
  Time since last request: 17.525233 seconds.
  path: Assets/FurnishedCabin/Meshes/Materials/Bathroom_Oven_MAT.mat
  artifactKey: Guid(20e170f662817d44383bf29029741cd4) Importer(815301076,1909f56bfc062723c751e8b465ee728b)
Start importing Assets/FurnishedCabin/Meshes/Materials/Bathroom_Oven_MAT.mat using Guid(20e170f662817d44383bf29029741cd4) Importer(815301076,1909f56bfc062723c751e8b465ee728b)  -> (artifact id: '6ab17e8448b2e618522fb9b8a4d39dce') in 0.292021 seconds
  Import took 0.295949 seconds .

========================================================================
Received Import Request.
  Time since last request: 0.000229 seconds.
  path: Assets/FurnishedCabin/Meshes/Materials/Bed_Sink_MAT.mat
  artifactKey: Guid(a410a9048765ffe46afbbaee6e46e728) Importer(815301076,1909f56bfc062723c751e8b465ee728b)
Start importing Assets/FurnishedCabin/Meshes/Materials/Bed_Sink_MAT.mat using Guid(a410a9048765ffe46afbbaee6e46e728) Importer(815301076,1909f56bfc062723c751e8b465ee728b)  -> (artifact id: 'a8e99192f7796da3a4f155671f1900aa') in 0.155439 seconds
  Import took 0.161415 seconds .

========================================================================
Received Import Request.
  Time since last request: 0.000244 seconds.
  path: Assets/FurnishedCabin/Meshes/Materials/BuildingA_MAT.mat
  artifactKey: Guid(022d678aa22a77a408d84ccaf0192e34) Importer(815301076,1909f56bfc062723c751e8b465ee728b)
Start importing Assets/FurnishedCabin/Meshes/Materials/BuildingA_MAT.mat using Guid(022d678aa22a77a408d84ccaf0192e34) Importer(815301076,1909f56bfc062723c751e8b465ee728b)  -> (artifact id: '20e1dafdc45c3e50755605f1566ce0f9') in 0.031734 seconds
  Import took 0.035889 seconds .

========================================================================
Received Import Request.
  Time since last request: 0.000208 seconds.
  path: Assets/FurnishedCabin/Meshes/Materials/BedroomFurniture_MAT.mat
  artifactKey: Guid(bbff17a888fc93a408a34e3b95c5e885) Importer(815301076,1909f56bfc062723c751e8b465ee728b)
Start importing Assets/FurnishedCabin/Meshes/Materials/BedroomFurniture_MAT.mat using Guid(bbff17a888fc93a408a34e3b95c5e885) Importer(815301076,1909f56bfc062723c751e8b465ee728b)  -> (artifact id: 'e7d95326385a223f6ba584a9dec40a1d') in 0.110436 seconds
  Import took 0.114240 seconds .

========================================================================
Received Import Request.
  Time since last request: 0.000283 seconds.
  path: Assets/FurnishedCabin/Meshes/Materials/BuildingB_MAT.mat
  artifactKey: Guid(675e6ce36fc642b48ae4d1d5d0c7cfe1) Importer(815301076,1909f56bfc062723c751e8b465ee728b)
Start importing Assets/FurnishedCabin/Meshes/Materials/BuildingB_MAT.mat using Guid(675e6ce36fc642b48ae4d1d5d0c7cfe1) Importer(815301076,1909f56bfc062723c751e8b465ee728b)  -> (artifact id: '73e533837380c3276d6a7d07aa7d7f16') in 0.028588 seconds
  Import took 0.032165 seconds .

========================================================================
Received Import Request.
  Time since last request: 0.000335 seconds.
  path: Assets/FurnishedCabin/Meshes/Materials/Fireplace_KitchenBench_MAT.mat
  artifactKey: Guid(00d8ce6c4a0c9f948b70d391f10f72cf) Importer(815301076,1909f56bfc062723c751e8b465ee728b)
Start importing Assets/FurnishedCabin/Meshes/Materials/Fireplace_KitchenBench_MAT.mat using Guid(00d8ce6c4a0c9f948b70d391f10f72cf) Importer(815301076,1909f56bfc062723c751e8b465ee728b)  -> (artifact id: '0556cbd0b2496818ef5a9c0921149dcf') in 0.054106 seconds
  Import took 0.059535 seconds .

========================================================================
Received Import Request.
  Time since last request: 0.000297 seconds.
  path: Assets/FurnishedCabin/Meshes/Materials/Doors_TVStand_MAT.mat
  artifactKey: Guid(cdbe46314d4b7ab4ca61d18f0462c8ba) Importer(815301076,1909f56bfc062723c751e8b465ee728b)
Start importing Assets/FurnishedCabin/Meshes/Materials/Doors_TVStand_MAT.mat using Guid(cdbe46314d4b7ab4ca61d18f0462c8ba) Importer(815301076,1909f56bfc062723c751e8b465ee728b)  -> (artifact id: 'e3ebe65aa243face45c71083bb84992d') in 0.088736 seconds
  Import took 0.091662 seconds .

