Using pre-set license

 COMMAND LINE ARGUMENTS:
/Applications/Unity/Hub/Editor/2020.2.6f1/Unity.app/Contents/MacOS/Unity
-adb2
-batchMode
-noUpm
-name
AssetImportWorker0
-projectPath
/Users/robert/Files/projects/unity/dipri/dipri-20-21/Vj_12/PrefsSerialization
-logFile
Logs/AssetImportWorker0.log
-srvPort
62293
Successfully changed project path to: /Users/robert/Files/projects/unity/dipri/dipri-20-21/Vj_12/PrefsSerialization
/Users/robert/Files/projects/unity/dipri/dipri-20-21/Vj_12/PrefsSerialization
Using Asset Import Pipeline V2.
Refreshing native plugins compatible for Editor in 28.48 ms, found 1 plugins.
Preloading 0 native plugins for Editor in 0.00 ms.
Initialize engine version: 2020.2.6f1 (8a2143876886)
[Subsystems] Discovering subsystems at path /Applications/Unity/Hub/Editor/2020.2.6f1/Unity.app/Contents/Resources/UnitySubsystems
[Subsystems] Discovering subsystems at path /Users/robert/Files/projects/unity/dipri/dipri-20-21/Vj_12/PrefsSerialization/Assets
GfxDevice: creating device client; threaded=0
2021-05-18 10:44:58.517 Unity[88226:22486242] Color LCD preferred device: Intel Iris Pro Graphics (low power)
2021-05-18 10:44:58.517 Unity[88226:22486242] Metal devices available: 1
2021-05-18 10:44:58.517 Unity[88226:22486242] 0: Intel Iris Pro Graphics (low power)
2021-05-18 10:44:58.518 Unity[88226:22486242] Using device Intel Iris Pro Graphics (low power)
Initializing Metal device caps: Intel Iris Pro Graphics
Initialize mono
Mono path[0] = '/Applications/Unity/Hub/Editor/2020.2.6f1/Unity.app/Contents/Managed'
Mono path[1] = '/Applications/Unity/Hub/Editor/2020.2.6f1/Unity.app/Contents/MonoBleedingEdge/lib/mono/unityjit'
Mono config path = '/Applications/Unity/Hub/Editor/2020.2.6f1/Unity.app/Contents/MonoBleedingEdge/etc'
Using monoOptions --debugger-agent=transport=dt_socket,embedding=1,server=y,suspend=n,address=127.0.0.1:56226
Begin MonoManager ReloadAssembly
Registering precompiled unity dll's ...
Register platform support module: /Applications/Unity/Hub/Editor/2020.2.6f1/Unity.app/Contents/PlaybackEngines/MacStandaloneSupport/UnityEditor.OSXStandalone.Extensions.dll
Registered in 0.001029 seconds.
Native extension for OSXStandalone target not found
Refreshing native plugins compatible for Editor in 28.06 ms, found 1 plugins.
Preloading 0 native plugins for Editor in 0.00 ms.
Invoked RoslynAnalysisRunner static constructor.
RoslynAnalysisRunner will not be running.
RoslynAnalysisRunner has terminated.
Mono: successfully reloaded assembly
- Completed reload, in  2.261 seconds
Platform modules already initialized, skipping
Registering precompiled user dll's ...
Registered in 0.000705 seconds.
Begin MonoManager ReloadAssembly
Native extension for OSXStandalone target not found
Refreshing native plugins compatible for Editor in 0.25 ms, found 1 plugins.
Preloading 0 native plugins for Editor in 0.00 ms.
Invoked RoslynAnalysisRunner static constructor.
RoslynAnalysisRunner will not be running.
RoslynAnalysisRunner has terminated.
Mono: successfully reloaded assembly
- Completed reload, in  1.147 seconds
Platform modules already initialized, skipping
========================================================================
Worker process is ready to serve import requests
Launching external process: /Applications/Unity/Hub/Editor/2020.2.6f1/Unity.app/Contents/Tools/UnityShaderCompiler
Launched and connected shader compiler UnityShaderCompiler after 0.02 seconds
Refreshing native plugins compatible for Editor in 0.23 ms, found 1 plugins.
Preloading 0 native plugins for Editor in 0.00 ms.
Unloading 1108 Unused Serialized files (Serialized files now loaded: 0)
System memory in use before: 109.1 MB.
System memory in use after: 109.2 MB.

Unloading 9 unused Assets to reduce memory usage. Loaded Objects now: 1551.
Total: 3.400907 ms (FindLiveObjects: 0.235582 ms CreateObjectMapping: 0.039607 ms MarkObjects: 3.051338 ms  DeleteObjects: 0.072807 ms)

========================================================================
Received Import Request.
  path: Assets/Scripts/ButtonScript.cs
  artifactKey: Guid(c9ab0198626084da2b2694215db311d4) Importer(815301076,1909f56bfc062723c751e8b465ee728b)
Start importing Assets/Scripts/ButtonScript.cs using Guid(c9ab0198626084da2b2694215db311d4) Importer(815301076,1909f56bfc062723c751e8b465ee728b)  -> (artifact id: 'cd58ead4febf30e6d87d81d3c4f5c70b') in 0.264255 seconds
  Import took 0.266917 seconds .

========================================================================
Received Import Request.
  Time since last request: 14.524319 seconds.
  path: Assets/Scripts
  artifactKey: Guid(957f6a6daae5a4780a7f15dda46bba67) Importer(815301076,1909f56bfc062723c751e8b465ee728b)
Start importing Assets/Scripts using Guid(957f6a6daae5a4780a7f15dda46bba67) Importer(815301076,1909f56bfc062723c751e8b465ee728b)  -> (artifact id: 'd70df4df36f99a10081adc86774772a2') in 0.000891 seconds
  Import took 0.003158 seconds .

========================================================================
Received Import Request.
  Time since last request: 14.424580 seconds.
  path: Assets/Scripts/SaveVector.cs
  artifactKey: Guid(240e561c60d9b4d57bcf2341094cf3f2) Importer(815301076,1909f56bfc062723c751e8b465ee728b)
Start importing Assets/Scripts/SaveVector.cs using Guid(240e561c60d9b4d57bcf2341094cf3f2) Importer(815301076,1909f56bfc062723c751e8b465ee728b)  -> (artifact id: '79487aa34e7d92d927f87a6c89021322') in 0.002495 seconds
  Import took 0.004703 seconds .

========================================================================
Received Import Request.
  Time since last request: 0.001721 seconds.
  path: Assets/Scripts/SaveVector.cs
  artifactKey: Guid(240e561c60d9b4d57bcf2341094cf3f2) Importer(815301076,1909f56bfc062723c751e8b465ee728b)
Start importing Assets/Scripts/SaveVector.cs using Guid(240e561c60d9b4d57bcf2341094cf3f2) Importer(815301076,1909f56bfc062723c751e8b465ee728b)  -> (artifact id: '79487aa34e7d92d927f87a6c89021322') in 0.002051 seconds
  Import took 0.003911 seconds .

========================================================================
Received Prepare
Registering precompiled user dll's ...
Registered in 0.000366 seconds.
Begin MonoManager ReloadAssembly
Native extension for OSXStandalone target not found
Refreshing native plugins compatible for Editor in 0.36 ms, found 1 plugins.
Preloading 0 native plugins for Editor in 0.00 ms.
Invoked RoslynAnalysisRunner static constructor.
RoslynAnalysisRunner will not be running.
RoslynAnalysisRunner has terminated.
Mono: successfully reloaded assembly
- Completed reload, in  1.008 seconds
Platform modules already initialized, skipping
Refreshing native plugins compatible for Editor in 0.23 ms, found 1 plugins.
Preloading 0 native plugins for Editor in 0.00 ms.
Unloading 1104 Unused Serialized files (Serialized files now loaded: 0)
System memory in use before: 110.6 MB.
System memory in use after: 110.7 MB.

Unloading 4 unused Assets to reduce memory usage. Loaded Objects now: 1554.
Total: 2.769922 ms (FindLiveObjects: 0.328476 ms CreateObjectMapping: 0.083114 ms MarkObjects: 2.342286 ms  DeleteObjects: 0.014404 ms)

========================================================================
Received Import Request.
  Time since last request: 30.906232 seconds.
  path: Assets/Scripts/SaveVector.cs
  artifactKey: Guid(240e561c60d9b4d57bcf2341094cf3f2) Importer(815301076,1909f56bfc062723c751e8b465ee728b)
Start importing Assets/Scripts/SaveVector.cs using Guid(240e561c60d9b4d57bcf2341094cf3f2) Importer(815301076,1909f56bfc062723c751e8b465ee728b)  -> (artifact id: '26164521e0b5314f230542a7d8f5afa8') in 0.005117 seconds
  Import took 0.007830 seconds .

========================================================================
Received Prepare
Registering precompiled user dll's ...
Registered in 0.000344 seconds.
Begin MonoManager ReloadAssembly
Native extension for OSXStandalone target not found
Refreshing native plugins compatible for Editor in 0.23 ms, found 1 plugins.
Preloading 0 native plugins for Editor in 0.00 ms.
Invoked RoslynAnalysisRunner static constructor.
RoslynAnalysisRunner will not be running.
RoslynAnalysisRunner has terminated.
Mono: successfully reloaded assembly
- Completed reload, in  0.964 seconds
Platform modules already initialized, skipping
Refreshing native plugins compatible for Editor in 0.23 ms, found 1 plugins.
Preloading 0 native plugins for Editor in 0.00 ms.
Unloading 1104 Unused Serialized files (Serialized files now loaded: 0)
System memory in use before: 110.8 MB.
System memory in use after: 110.8 MB.

Unloading 4 unused Assets to reduce memory usage. Loaded Objects now: 1556.
Total: 2.051704 ms (FindLiveObjects: 0.224128 ms CreateObjectMapping: 0.051210 ms MarkObjects: 1.757156 ms  DeleteObjects: 0.017827 ms)

========================================================================
Received Import Request.
  Time since last request: 24.208965 seconds.
  path: Assets/Scripts/SaveVector.cs
  artifactKey: Guid(240e561c60d9b4d57bcf2341094cf3f2) Importer(815301076,1909f56bfc062723c751e8b465ee728b)
Start importing Assets/Scripts/SaveVector.cs using Guid(240e561c60d9b4d57bcf2341094cf3f2) Importer(815301076,1909f56bfc062723c751e8b465ee728b)  -> (artifact id: '07414bf64be00a1b3244c83110c9afcf') in 0.003762 seconds
  Import took 0.006260 seconds .

========================================================================
Received Import Request.
  Time since last request: 111.373455 seconds.
  path: Assets/Scripts/SaveVector.cs
  artifactKey: Guid(240e561c60d9b4d57bcf2341094cf3f2) Importer(815301076,1909f56bfc062723c751e8b465ee728b)
Start importing Assets/Scripts/SaveVector.cs using Guid(240e561c60d9b4d57bcf2341094cf3f2) Importer(815301076,1909f56bfc062723c751e8b465ee728b)  -> (artifact id: '60da1faba014f28e79fd72d520c30e61') in 0.002728 seconds
  Import took 0.005232 seconds .

========================================================================
Received Prepare
Registering precompiled user dll's ...
Registered in 0.000374 seconds.
Begin MonoManager ReloadAssembly
Native extension for OSXStandalone target not found
Refreshing native plugins compatible for Editor in 0.22 ms, found 1 plugins.
Preloading 0 native plugins for Editor in 0.00 ms.
Invoked RoslynAnalysisRunner static constructor.
RoslynAnalysisRunner will not be running.
RoslynAnalysisRunner has terminated.
Mono: successfully reloaded assembly
- Completed reload, in  0.956 seconds
Platform modules already initialized, skipping
Refreshing native plugins compatible for Editor in 1.53 ms, found 1 plugins.
Preloading 0 native plugins for Editor in 0.00 ms.
Unloading 1104 Unused Serialized files (Serialized files now loaded: 0)
System memory in use before: 111.0 MB.
System memory in use after: 111.0 MB.

Unloading 4 unused Assets to reduce memory usage. Loaded Objects now: 1558.
Total: 3.316136 ms (FindLiveObjects: 0.241270 ms CreateObjectMapping: 0.062474 ms MarkObjects: 2.942618 ms  DeleteObjects: 0.067195 ms)

========================================================================
Received Import Request.
  Time since last request: 38.374864 seconds.
  path: Assets/tesd.asset
  artifactKey: Guid(c2c8e9a9c7be14a21876d9208f6fe398) Importer(815301076,1909f56bfc062723c751e8b465ee728b)
Start importing Assets/tesd.asset using Guid(c2c8e9a9c7be14a21876d9208f6fe398) Importer(815301076,1909f56bfc062723c751e8b465ee728b)  -> (artifact id: 'd25864fc9870e9de30c9fa33ab725340') in 0.283324 seconds
  Import took 0.285712 seconds .

========================================================================
Received Prepare
Registering precompiled user dll's ...
Registered in 0.000369 seconds.
Begin MonoManager ReloadAssembly
Native extension for OSXStandalone target not found
Refreshing native plugins compatible for Editor in 0.23 ms, found 1 plugins.
Preloading 0 native plugins for Editor in 0.00 ms.
Invoked RoslynAnalysisRunner static constructor.
RoslynAnalysisRunner will not be running.
RoslynAnalysisRunner has terminated.
Mono: successfully reloaded assembly
- Completed reload, in  0.952 seconds
Platform modules already initialized, skipping
Refreshing native plugins compatible for Editor in 0.22 ms, found 1 plugins.
Preloading 0 native plugins for Editor in 0.00 ms.
Unloading 1104 Unused Serialized files (Serialized files now loaded: 0)
System memory in use before: 115.6 MB.
System memory in use after: 115.6 MB.

Unloading 4 unused Assets to reduce memory usage. Loaded Objects now: 1560.
Total: 2.162842 ms (FindLiveObjects: 0.227985 ms CreateObjectMapping: 0.049482 ms MarkObjects: 1.868155 ms  DeleteObjects: 0.015393 ms)

========================================================================
Received Import Request.
  Time since last request: 27.439520 seconds.
  path: Assets/Scripts/TextScript.cs
  artifactKey: Guid(fd73a76a11f2d4933abd2e5e0b184bfb) Importer(815301076,1909f56bfc062723c751e8b465ee728b)
Start importing Assets/Scripts/TextScript.cs using Guid(fd73a76a11f2d4933abd2e5e0b184bfb) Importer(815301076,1909f56bfc062723c751e8b465ee728b)  -> (artifact id: 'e33dbcfdd0b242dca26079310426cc6d') in 0.004247 seconds
  Import took 0.006490 seconds .

========================================================================
Received Import Request.
  Time since last request: 0.031084 seconds.
  path: Assets/Scripts/TextScript.cs
  artifactKey: Guid(fd73a76a11f2d4933abd2e5e0b184bfb) Importer(815301076,1909f56bfc062723c751e8b465ee728b)
Start importing Assets/Scripts/TextScript.cs using Guid(fd73a76a11f2d4933abd2e5e0b184bfb) Importer(815301076,1909f56bfc062723c751e8b465ee728b)  -> (artifact id: 'e33dbcfdd0b242dca26079310426cc6d') in 0.001089 seconds
  Import took 0.003535 seconds .

========================================================================
Received Prepare
Registering precompiled user dll's ...
Registered in 0.000375 seconds.
Begin MonoManager ReloadAssembly
Native extension for OSXStandalone target not found
Refreshing native plugins compatible for Editor in 0.24 ms, found 1 plugins.
Preloading 0 native plugins for Editor in 0.00 ms.
Invoked RoslynAnalysisRunner static constructor.
RoslynAnalysisRunner will not be running.
RoslynAnalysisRunner has terminated.
Mono: successfully reloaded assembly
- Completed reload, in  0.950 seconds
Platform modules already initialized, skipping
Refreshing native plugins compatible for Editor in 0.23 ms, found 1 plugins.
Preloading 0 native plugins for Editor in 0.00 ms.
Unloading 1104 Unused Serialized files (Serialized files now loaded: 0)
System memory in use before: 115.7 MB.
System memory in use after: 115.8 MB.

Unloading 4 unused Assets to reduce memory usage. Loaded Objects now: 1562.
Total: 2.372708 ms (FindLiveObjects: 0.244389 ms CreateObjectMapping: 0.052076 ms MarkObjects: 2.058543 ms  DeleteObjects: 0.016347 ms)

========================================================================
Received Prepare
Registering precompiled user dll's ...
Registered in 0.000384 seconds.
Begin MonoManager ReloadAssembly
Native extension for OSXStandalone target not found
Refreshing native plugins compatible for Editor in 0.31 ms, found 1 plugins.
Preloading 0 native plugins for Editor in 0.00 ms.
Invoked RoslynAnalysisRunner static constructor.
RoslynAnalysisRunner will not be running.
RoslynAnalysisRunner has terminated.
Mono: successfully reloaded assembly
- Completed reload, in  0.956 seconds
Platform modules already initialized, skipping
Refreshing native plugins compatible for Editor in 0.22 ms, found 1 plugins.
Preloading 0 native plugins for Editor in 0.00 ms.
Unloading 1104 Unused Serialized files (Serialized files now loaded: 0)
System memory in use before: 115.9 MB.
System memory in use after: 116.0 MB.

Unloading 4 unused Assets to reduce memory usage. Loaded Objects now: 1564.
Total: 1.905409 ms (FindLiveObjects: 0.220812 ms CreateObjectMapping: 0.041968 ms MarkObjects: 1.627140 ms  DeleteObjects: 0.013826 ms)

========================================================================
Received Import Request.
  Time since last request: 69.550128 seconds.
  path: Assets/Scripts/SaveVector.cs
  artifactKey: Guid(240e561c60d9b4d57bcf2341094cf3f2) Importer(815301076,1909f56bfc062723c751e8b465ee728b)
Start importing Assets/Scripts/SaveVector.cs using Guid(240e561c60d9b4d57bcf2341094cf3f2) Importer(815301076,1909f56bfc062723c751e8b465ee728b)  -> (artifact id: '471009dc446d1b0e181b55ce38043edb') in 0.004616 seconds
  Import took 0.007100 seconds .

========================================================================
Received Prepare
Registering precompiled user dll's ...
Registered in 0.000354 seconds.
Begin MonoManager ReloadAssembly
Native extension for OSXStandalone target not found
Refreshing native plugins compatible for Editor in 0.23 ms, found 1 plugins.
Preloading 0 native plugins for Editor in 0.00 ms.
Invoked RoslynAnalysisRunner static constructor.
RoslynAnalysisRunner will not be running.
RoslynAnalysisRunner has terminated.
Mono: successfully reloaded assembly
- Completed reload, in  1.009 seconds
Platform modules already initialized, skipping
Refreshing native plugins compatible for Editor in 0.18 ms, found 1 plugins.
Preloading 0 native plugins for Editor in 0.00 ms.
Unloading 1103 Unused Serialized files (Serialized files now loaded: 0)
System memory in use before: 116.1 MB.
System memory in use after: 116.1 MB.

Unloading 4 unused Assets to reduce memory usage. Loaded Objects now: 1566.
Total: 2.952681 ms (FindLiveObjects: 0.293412 ms CreateObjectMapping: 0.070928 ms MarkObjects: 2.561153 ms  DeleteObjects: 0.024096 ms)

========================================================================
Received Prepare
Registering precompiled user dll's ...
Registered in 0.001752 seconds.
Begin MonoManager ReloadAssembly
Native extension for OSXStandalone target not found
Refreshing native plugins compatible for Editor in 0.25 ms, found 1 plugins.
Preloading 0 native plugins for Editor in 0.00 ms.
Invoked RoslynAnalysisRunner static constructor.
RoslynAnalysisRunner will not be running.
RoslynAnalysisRunner has terminated.
Mono: successfully reloaded assembly
- Completed reload, in  1.134 seconds
Platform modules already initialized, skipping
Refreshing native plugins compatible for Editor in 0.25 ms, found 1 plugins.
Preloading 0 native plugins for Editor in 0.00 ms.
Unloading 1103 Unused Serialized files (Serialized files now loaded: 0)
System memory in use before: 116.2 MB.
System memory in use after: 116.3 MB.

Unloading 4 unused Assets to reduce memory usage. Loaded Objects now: 1568.
Total: 3.800723 ms (FindLiveObjects: 0.283841 ms CreateObjectMapping: 0.196255 ms MarkObjects: 3.255987 ms  DeleteObjects: 0.062269 ms)

