Using pre-set license

 COMMAND LINE ARGUMENTS:
/Applications/Unity/Hub/Editor/2020.2.6f1/Unity.app/Contents/MacOS/Unity
-adb2
-batchMode
-noUpm
-name
AssetImportWorker0
-projectPath
/Users/robert/Files/projects/unity/dipri/dipri-20-21/Vj_10/CharAnimNavMesh
-logFile
Logs/AssetImportWorker0.log
-srvPort
54211
Successfully changed project path to: /Users/robert/Files/projects/unity/dipri/dipri-20-21/Vj_10/CharAnimNavMesh
/Users/robert/Files/projects/unity/dipri/dipri-20-21/Vj_10/CharAnimNavMesh
Using Asset Import Pipeline V2.
Refreshing native plugins compatible for Editor in 28.30 ms, found 1 plugins.
Preloading 0 native plugins for Editor in 0.00 ms.
Initialize engine version: 2020.2.6f1 (8a2143876886)
[Subsystems] Discovering subsystems at path /Applications/Unity/Hub/Editor/2020.2.6f1/Unity.app/Contents/Resources/UnitySubsystems
[Subsystems] Discovering subsystems at path /Users/robert/Files/projects/unity/dipri/dipri-20-21/Vj_10/CharAnimNavMesh/Assets
GfxDevice: creating device client; threaded=0
2021-05-04 10:55:02.554 Unity[20235:6482508] Color LCD preferred device: Intel Iris Pro Graphics (low power)
2021-05-04 10:55:02.554 Unity[20235:6482508] Metal devices available: 1
2021-05-04 10:55:02.554 Unity[20235:6482508] 0: Intel Iris Pro Graphics (low power)
2021-05-04 10:55:02.555 Unity[20235:6482508] Using device Intel Iris Pro Graphics (low power)
Initializing Metal device caps: Intel Iris Pro Graphics
Initialize mono
Mono path[0] = '/Applications/Unity/Hub/Editor/2020.2.6f1/Unity.app/Contents/Managed'
Mono path[1] = '/Applications/Unity/Hub/Editor/2020.2.6f1/Unity.app/Contents/MonoBleedingEdge/lib/mono/unityjit'
Mono config path = '/Applications/Unity/Hub/Editor/2020.2.6f1/Unity.app/Contents/MonoBleedingEdge/etc'
Using monoOptions --debugger-agent=transport=dt_socket,embedding=1,server=y,suspend=n,address=127.0.0.1:56235
Begin MonoManager ReloadAssembly
Registering precompiled unity dll's ...
Register platform support module: /Applications/Unity/Hub/Editor/2020.2.6f1/Unity.app/Contents/PlaybackEngines/MacStandaloneSupport/UnityEditor.OSXStandalone.Extensions.dll
Registered in 0.000425 seconds.
Native extension for OSXStandalone target not found
Refreshing native plugins compatible for Editor in 26.16 ms, found 1 plugins.
Preloading 0 native plugins for Editor in 0.00 ms.
Invoked RoslynAnalysisRunner static constructor.
RoslynAnalysisRunner will not be running.
RoslynAnalysisRunner has terminated.
Mono: successfully reloaded assembly
- Completed reload, in  1.620 seconds
Platform modules already initialized, skipping
Registering precompiled user dll's ...
Registered in 0.000355 seconds.
Begin MonoManager ReloadAssembly
Native extension for OSXStandalone target not found
Refreshing native plugins compatible for Editor in 0.23 ms, found 1 plugins.
Preloading 0 native plugins for Editor in 0.00 ms.
Invoked RoslynAnalysisRunner static constructor.
RoslynAnalysisRunner will not be running.
RoslynAnalysisRunner has terminated.
Mono: successfully reloaded assembly
- Completed reload, in  1.035 seconds
Platform modules already initialized, skipping
========================================================================
Worker process is ready to serve import requests
Launching external process: /Applications/Unity/Hub/Editor/2020.2.6f1/Unity.app/Contents/Tools/UnityShaderCompiler
Launched and connected shader compiler UnityShaderCompiler after 0.01 seconds
Refreshing native plugins compatible for Editor in 0.24 ms, found 1 plugins.
Preloading 0 native plugins for Editor in 0.00 ms.
Unloading 1103 Unused Serialized files (Serialized files now loaded: 0)
System memory in use before: 109.1 MB.
System memory in use after: 109.1 MB.

Unloading 10 unused Assets to reduce memory usage. Loaded Objects now: 1544.
Total: 2.497199 ms (FindLiveObjects: 0.220079 ms CreateObjectMapping: 0.050319 ms MarkObjects: 2.118837 ms  DeleteObjects: 0.106178 ms)

========================================================================
Received Import Request.
  path: Assets
  artifactKey: Guid(00000000000000001000000000000000) Importer(815301076,1909f56bfc062723c751e8b465ee728b)
Start importing Assets using Guid(00000000000000001000000000000000) Importer(815301076,1909f56bfc062723c751e8b465ee728b)  -> (artifact id: 'f47cf443bddc682ac2de11ea429897ce') in 0.004430 seconds
  Import took 0.007228 seconds .

========================================================================
Received Import Request.
  Time since last request: 2.416889 seconds.
  path: Assets/Scripts
  artifactKey: Guid(1a08865f5df5743a6b2eb49eb008f10d) Importer(815301076,1909f56bfc062723c751e8b465ee728b)
Start importing Assets/Scripts using Guid(1a08865f5df5743a6b2eb49eb008f10d) Importer(815301076,1909f56bfc062723c751e8b465ee728b)  -> (artifact id: '8b633ab648eb3e540692ef564fe74b51') in 0.001692 seconds
  Import took 0.004142 seconds .

========================================================================
Received Import Request.
  Time since last request: 55.206942 seconds.
  path: Assets/Meshes
  artifactKey: Guid(c6f4671fe67a2407680df7bdb988e59b) Importer(815301076,1909f56bfc062723c751e8b465ee728b)
Start importing Assets/Meshes using Guid(c6f4671fe67a2407680df7bdb988e59b) Importer(815301076,1909f56bfc062723c751e8b465ee728b)  -> (artifact id: '7757bfac60ec9c8366ca500ad7ef545f') in 0.001568 seconds
  Import took 0.003757 seconds .

========================================================================
Received Import Request.
  Time since last request: 0.521021 seconds.
  path: Assets/Prefabs
  artifactKey: Guid(19230ee554f3f4957a3dd5614a1d8599) Importer(815301076,1909f56bfc062723c751e8b465ee728b)
Start importing Assets/Prefabs using Guid(19230ee554f3f4957a3dd5614a1d8599) Importer(815301076,1909f56bfc062723c751e8b465ee728b)  -> (artifact id: '591847d1eb931cd67c96eb6abc4e6820') in 0.001553 seconds
  Import took 0.003748 seconds .

========================================================================
Received Import Request.
  Time since last request: 0.000635 seconds.
  path: Assets/Prefabs
  artifactKey: Guid(19230ee554f3f4957a3dd5614a1d8599) Importer(815301076,1909f56bfc062723c751e8b465ee728b)
Start importing Assets/Prefabs using Guid(19230ee554f3f4957a3dd5614a1d8599) Importer(815301076,1909f56bfc062723c751e8b465ee728b)  -> (artifact id: '591847d1eb931cd67c96eb6abc4e6820') in 0.000845 seconds
  Import took 0.002521 seconds .

========================================================================
Received Import Request.
  Time since last request: 294.676373 seconds.
  path: Assets/Materials
  artifactKey: Guid(adb0626fe792c4285863d5e2ad4fe7a6) Importer(815301076,1909f56bfc062723c751e8b465ee728b)
Start importing Assets/Materials using Guid(adb0626fe792c4285863d5e2ad4fe7a6) Importer(815301076,1909f56bfc062723c751e8b465ee728b)  -> (artifact id: '8ccf8e17f72354929c1c764902fda124') in 0.001628 seconds
  Import took 0.003983 seconds .

========================================================================
Received Prepare
Registering precompiled user dll's ...
Registered in 0.000354 seconds.
Begin MonoManager ReloadAssembly
Native extension for OSXStandalone target not found
Refreshing native plugins compatible for Editor in 0.25 ms, found 1 plugins.
Preloading 0 native plugins for Editor in 0.00 ms.
Invoked RoslynAnalysisRunner static constructor.
RoslynAnalysisRunner will not be running.
RoslynAnalysisRunner has terminated.
Mono: successfully reloaded assembly
- Completed reload, in  1.181 seconds
Platform modules already initialized, skipping
Refreshing native plugins compatible for Editor in 0.28 ms, found 1 plugins.
Preloading 0 native plugins for Editor in 0.00 ms.
Unloading 1105 Unused Serialized files (Serialized files now loaded: 0)
System memory in use before: 109.2 MB.
System memory in use after: 109.2 MB.

Unloading 5 unused Assets to reduce memory usage. Loaded Objects now: 1553.
Total: 1.931872 ms (FindLiveObjects: 0.188451 ms CreateObjectMapping: 0.069801 ms MarkObjects: 1.612052 ms  DeleteObjects: 0.060553 ms)

========================================================================
Received Import Request.
  Time since last request: 754.511053 seconds.
  path: Assets/3rdPerson+Fly/Scenes
  artifactKey: Guid(c6b5f509fbde9744887f1cf2bcd2e22e) Importer(815301076,1909f56bfc062723c751e8b465ee728b)
Start importing Assets/3rdPerson+Fly/Scenes using Guid(c6b5f509fbde9744887f1cf2bcd2e22e) Importer(815301076,1909f56bfc062723c751e8b465ee728b)  -> (artifact id: '76ef6b4a792456ebaf5c1c5a1caa5b6c') in 0.004791 seconds
  Import took 0.008242 seconds .

========================================================================
Received Import Request.
  Time since last request: 0.010733 seconds.
  path: Assets/3rdPerson+Fly/Scenes
  artifactKey: Guid(c6b5f509fbde9744887f1cf2bcd2e22e) Importer(815301076,1909f56bfc062723c751e8b465ee728b)
Start importing Assets/3rdPerson+Fly/Scenes using Guid(c6b5f509fbde9744887f1cf2bcd2e22e) Importer(815301076,1909f56bfc062723c751e8b465ee728b)  -> (artifact id: '76ef6b4a792456ebaf5c1c5a1caa5b6c') in 0.000992 seconds
  Import took 0.003494 seconds .

========================================================================
Received Import Request.
  Time since last request: 1.322552 seconds.
  path: Assets/3rdPerson+Fly/Scenes/3rdPerson+Fly.unity
  artifactKey: Guid(edce6a3cd6b78e7459bd2864b9295f8c) Importer(815301076,1909f56bfc062723c751e8b465ee728b)
Start importing Assets/3rdPerson+Fly/Scenes/3rdPerson+Fly.unity using Guid(edce6a3cd6b78e7459bd2864b9295f8c) Importer(815301076,1909f56bfc062723c751e8b465ee728b)  -> (artifact id: '265e4f7c875e9e69070859f281551115') in 0.011554 seconds
  Import took 0.014582 seconds .

========================================================================
Received Import Request.
  Time since last request: 59.906202 seconds.
  path: Assets/Scenes
  artifactKey: Guid(87b0b79e1c2904835964980cac5ee04e) Importer(815301076,1909f56bfc062723c751e8b465ee728b)
Start importing Assets/Scenes using Guid(87b0b79e1c2904835964980cac5ee04e) Importer(815301076,1909f56bfc062723c751e8b465ee728b)  -> (artifact id: 'e99ae52b4b2db3b45d8c923e112d21d3') in 0.002234 seconds
  Import took 0.005485 seconds .

========================================================================
Received Import Request.
  Time since last request: 3.809659 seconds.
  path: Assets/Scenes/SampleScene.unity
  artifactKey: Guid(9fc0d4010bbf28b4594072e72b8655ab) Importer(815301076,1909f56bfc062723c751e8b465ee728b)
Start importing Assets/Scenes/SampleScene.unity using Guid(9fc0d4010bbf28b4594072e72b8655ab) Importer(815301076,1909f56bfc062723c751e8b465ee728b)  -> (artifact id: '95d83fbdb7518342a5a07ae70b17cd71') in 0.002878 seconds
  Import took 0.006879 seconds .

========================================================================
Received Import Request.
  Time since last request: 0.001087 seconds.
  path: Assets/Scenes/SampleScene.unity
  artifactKey: Guid(9fc0d4010bbf28b4594072e72b8655ab) Importer(815301076,1909f56bfc062723c751e8b465ee728b)
Start importing Assets/Scenes/SampleScene.unity using Guid(9fc0d4010bbf28b4594072e72b8655ab) Importer(815301076,1909f56bfc062723c751e8b465ee728b)  -> (artifact id: '95d83fbdb7518342a5a07ae70b17cd71') in 0.001682 seconds
  Import took 0.004310 seconds .

========================================================================
Received Import Request.
  Time since last request: 9.483771 seconds.
  path: Assets/3rdPerson+Fly
  artifactKey: Guid(4c95cfdd8f630a14d9de417410e1eea5) Importer(815301076,1909f56bfc062723c751e8b465ee728b)
Start importing Assets/3rdPerson+Fly using Guid(4c95cfdd8f630a14d9de417410e1eea5) Importer(815301076,1909f56bfc062723c751e8b465ee728b)  -> (artifact id: '0c682fc1034cb07778916a9cca77f3b7') in 0.001666 seconds
  Import took 0.004748 seconds .

========================================================================
Received Prepare
Registering precompiled user dll's ...
Registered in 0.000875 seconds.
Begin MonoManager ReloadAssembly
Native extension for OSXStandalone target not found
Refreshing native plugins compatible for Editor in 0.29 ms, found 1 plugins.
Preloading 0 native plugins for Editor in 0.00 ms.
Invoked RoslynAnalysisRunner static constructor.
RoslynAnalysisRunner will not be running.
RoslynAnalysisRunner has terminated.
Mono: successfully reloaded assembly
- Completed reload, in  1.136 seconds
Platform modules already initialized, skipping
Refreshing native plugins compatible for Editor in 0.17 ms, found 1 plugins.
Preloading 0 native plugins for Editor in 0.00 ms.
Unloading 1105 Unused Serialized files (Serialized files now loaded: 0)
System memory in use before: 109.4 MB.
System memory in use after: 109.5 MB.

Unloading 5 unused Assets to reduce memory usage. Loaded Objects now: 1555.
Total: 2.050357 ms (FindLiveObjects: 0.133591 ms CreateObjectMapping: 0.040279 ms MarkObjects: 1.818870 ms  DeleteObjects: 0.056546 ms)

========================================================================
Received Import Request.
  Time since last request: 100.699185 seconds.
  path: Assets/Robot Kyle/Model/Robot Kyle.fbx
  artifactKey: Guid(320b1c2af77554f99a1658df4a6d3d5c) Importer(815301076,1909f56bfc062723c751e8b465ee728b)
Start importing Assets/Robot Kyle/Model/Robot Kyle.fbx using Guid(320b1c2af77554f99a1658df4a6d3d5c) Importer(815301076,1909f56bfc062723c751e8b465ee728b)  -> (artifact id: 'e2a68ec8298b51b585eaab7926056cd9') in 0.929932 seconds
  Import took 0.934017 seconds .

========================================================================
Received Import Request.
  Time since last request: 3.658387 seconds.
  path: Assets/Robot Kyle/Model/Robot Kyle.fbx
  artifactKey: Guid(320b1c2af77554f99a1658df4a6d3d5c) Importer(815301076,1909f56bfc062723c751e8b465ee728b)
Start importing Assets/Robot Kyle/Model/Robot Kyle.fbx using Guid(320b1c2af77554f99a1658df4a6d3d5c) Importer(815301076,1909f56bfc062723c751e8b465ee728b)  -> (artifact id: 'a471e4541d48a04c38bb466630629969') in 0.061714 seconds
  Import took 0.066434 seconds .

========================================================================
Received Import Request.
  Time since last request: 19.139328 seconds.
  path: Assets/Robot Kyle/Model
  artifactKey: Guid(854a8cb1510cb444e8a0e700a73c3ee4) Importer(815301076,1909f56bfc062723c751e8b465ee728b)
Start importing Assets/Robot Kyle/Model using Guid(854a8cb1510cb444e8a0e700a73c3ee4) Importer(815301076,1909f56bfc062723c751e8b465ee728b)  -> (artifact id: '0f7a025561952439e118fab2254d09aa') in 0.001572 seconds
  Import took 0.004182 seconds .

========================================================================
Received Import Request.
  Time since last request: 0.000627 seconds.
  path: Assets/Robot Kyle/Model
  artifactKey: Guid(854a8cb1510cb444e8a0e700a73c3ee4) Importer(815301076,1909f56bfc062723c751e8b465ee728b)
Start importing Assets/Robot Kyle/Model using Guid(854a8cb1510cb444e8a0e700a73c3ee4) Importer(815301076,1909f56bfc062723c751e8b465ee728b)  -> (artifact id: '0f7a025561952439e118fab2254d09aa') in 0.000865 seconds
  Import took 0.002787 seconds .

========================================================================
Received Import Request.
  Time since last request: 9.798519 seconds.
  path: Assets/3rdPerson+Fly/Prefabs
  artifactKey: Guid(9ae93ac891c5aa842a28be4ff92d2e1a) Importer(815301076,1909f56bfc062723c751e8b465ee728b)
Start importing Assets/3rdPerson+Fly/Prefabs using Guid(9ae93ac891c5aa842a28be4ff92d2e1a) Importer(815301076,1909f56bfc062723c751e8b465ee728b)  -> (artifact id: '688446f1e9eb375af3ffe328b703ebdd') in 0.002079 seconds
  Import took 0.004960 seconds .

========================================================================
Received Prepare
Registering precompiled user dll's ...
Registered in 0.000461 seconds.
Begin MonoManager ReloadAssembly
Native extension for OSXStandalone target not found
Refreshing native plugins compatible for Editor in 0.35 ms, found 1 plugins.
Preloading 0 native plugins for Editor in 0.00 ms.
Invoked RoslynAnalysisRunner static constructor.
RoslynAnalysisRunner will not be running.
RoslynAnalysisRunner has terminated.
Mono: successfully reloaded assembly
- Completed reload, in  1.168 seconds
Platform modules already initialized, skipping
Refreshing native plugins compatible for Editor in 0.47 ms, found 1 plugins.
Preloading 0 native plugins for Editor in 0.00 ms.
Unloading 1105 Unused Serialized files (Serialized files now loaded: 0)
System memory in use before: 119.5 MB.
System memory in use after: 119.6 MB.

Unloading 5 unused Assets to reduce memory usage. Loaded Objects now: 1569.
Total: 2.638717 ms (FindLiveObjects: 0.188360 ms CreateObjectMapping: 0.038751 ms MarkObjects: 2.357175 ms  DeleteObjects: 0.053167 ms)

========================================================================
Received Import Request.
  Time since last request: 331.225811 seconds.
  path: Assets/3rdPerson+Fly/Animators/CharacterController.controller
  artifactKey: Guid(1ac2a1891f6a2814dbcb83cbd24d5ee1) Importer(815301076,1909f56bfc062723c751e8b465ee728b)
Start importing Assets/3rdPerson+Fly/Animators/CharacterController.controller using Guid(1ac2a1891f6a2814dbcb83cbd24d5ee1) Importer(815301076,1909f56bfc062723c751e8b465ee728b)  -> (artifact id: 'd27056343346ac3c7ab697cd6d0ca310') in 0.360455 seconds
  Import took 0.365276 seconds .

========================================================================
Received Import Request.
  Time since last request: 101.874658 seconds.
  path: Assets/3rdPerson+Fly/Animations/Locomotion/walk_fwd.anim
  artifactKey: Guid(ebb08566d36984f458cd0a7adfc9f953) Importer(815301076,1909f56bfc062723c751e8b465ee728b)
Start importing Assets/3rdPerson+Fly/Animations/Locomotion/walk_fwd.anim using Guid(ebb08566d36984f458cd0a7adfc9f953) Importer(815301076,1909f56bfc062723c751e8b465ee728b)  -> (artifact id: '7d43abd9b28bce439f2122b1a12c4d53') in 0.274235 seconds
  Import took 0.277440 seconds .

========================================================================
Received Import Request.
  Time since last request: 47.841202 seconds.
  path: Assets/3rdPerson+Fly/Animations/Locomotion
  artifactKey: Guid(3aefa2e21df3cad4bb64c54c505cffb1) Importer(815301076,1909f56bfc062723c751e8b465ee728b)
Start importing Assets/3rdPerson+Fly/Animations/Locomotion using Guid(3aefa2e21df3cad4bb64c54c505cffb1) Importer(815301076,1909f56bfc062723c751e8b465ee728b)  -> (artifact id: '01891b67940578867f90c69390838403') in 0.001414 seconds
  Import took 0.004774 seconds .

========================================================================
Received Import Request.
  Time since last request: 2.005787 seconds.
  path: Assets/3rdPerson+Fly/Animations
  artifactKey: Guid(197b8a076b9470d41931a4e667fa8f57) Importer(815301076,1909f56bfc062723c751e8b465ee728b)
Start importing Assets/3rdPerson+Fly/Animations using Guid(197b8a076b9470d41931a4e667fa8f57) Importer(815301076,1909f56bfc062723c751e8b465ee728b)  -> (artifact id: 'e39ce5a70895319d51c84b1dd46e401a') in 0.002698 seconds
  Import took 0.005745 seconds .

========================================================================
Received Prepare
Registering precompiled user dll's ...
Registered in 0.000370 seconds.
Begin MonoManager ReloadAssembly
Native extension for OSXStandalone target not found
Refreshing native plugins compatible for Editor in 0.26 ms, found 1 plugins.
Preloading 0 native plugins for Editor in 0.00 ms.
Invoked RoslynAnalysisRunner static constructor.
RoslynAnalysisRunner will not be running.
RoslynAnalysisRunner has terminated.
Mono: successfully reloaded assembly
- Completed reload, in  1.111 seconds
Platform modules already initialized, skipping
Refreshing native plugins compatible for Editor in 0.18 ms, found 1 plugins.
Preloading 0 native plugins for Editor in 0.00 ms.
Unloading 1105 Unused Serialized files (Serialized files now loaded: 0)
System memory in use before: 128.4 MB.
System memory in use after: 128.5 MB.

Unloading 5 unused Assets to reduce memory usage. Loaded Objects now: 1571.
Total: 1.948598 ms (FindLiveObjects: 0.208315 ms CreateObjectMapping: 0.056755 ms MarkObjects: 1.636113 ms  DeleteObjects: 0.046040 ms)

========================================================================
Received Prepare
Registering precompiled user dll's ...
Registered in 0.000475 seconds.
Begin MonoManager ReloadAssembly
Native extension for OSXStandalone target not found
Refreshing native plugins compatible for Editor in 0.31 ms, found 1 plugins.
Preloading 0 native plugins for Editor in 0.00 ms.
Invoked RoslynAnalysisRunner static constructor.
RoslynAnalysisRunner will not be running.
RoslynAnalysisRunner has terminated.
Mono: successfully reloaded assembly
- Completed reload, in  1.225 seconds
Platform modules already initialized, skipping
Refreshing native plugins compatible for Editor in 0.28 ms, found 1 plugins.
Preloading 0 native plugins for Editor in 0.00 ms.
Unloading 1105 Unused Serialized files (Serialized files now loaded: 0)
System memory in use before: 128.6 MB.
System memory in use after: 128.7 MB.

Unloading 5 unused Assets to reduce memory usage. Loaded Objects now: 1573.
Total: 2.173559 ms (FindLiveObjects: 0.194613 ms CreateObjectMapping: 0.043531 ms MarkObjects: 1.865280 ms  DeleteObjects: 0.069067 ms)

========================================================================
Received Prepare
Registering precompiled user dll's ...
Registered in 0.000352 seconds.
Begin MonoManager ReloadAssembly
Native extension for OSXStandalone target not found
Refreshing native plugins compatible for Editor in 0.29 ms, found 1 plugins.
Preloading 0 native plugins for Editor in 0.00 ms.
Invoked RoslynAnalysisRunner static constructor.
RoslynAnalysisRunner will not be running.
RoslynAnalysisRunner has terminated.
Mono: successfully reloaded assembly
- Completed reload, in  1.383 seconds
Platform modules already initialized, skipping
Refreshing native plugins compatible for Editor in 0.29 ms, found 1 plugins.
Preloading 0 native plugins for Editor in 0.00 ms.
Unloading 1106 Unused Serialized files (Serialized files now loaded: 0)
System memory in use before: 128.8 MB.
System memory in use after: 128.8 MB.

Unloading 5 unused Assets to reduce memory usage. Loaded Objects now: 1576.
Total: 2.566827 ms (FindLiveObjects: 0.233942 ms CreateObjectMapping: 0.086409 ms MarkObjects: 2.164828 ms  DeleteObjects: 0.079630 ms)

========================================================================
Received Prepare
Registering precompiled user dll's ...
Registered in 0.000474 seconds.
Begin MonoManager ReloadAssembly
Native extension for OSXStandalone target not found
Refreshing native plugins compatible for Editor in 0.59 ms, found 1 plugins.
Preloading 0 native plugins for Editor in 0.00 ms.
Invoked RoslynAnalysisRunner static constructor.
RoslynAnalysisRunner will not be running.
RoslynAnalysisRunner has terminated.
Mono: successfully reloaded assembly
- Completed reload, in  1.209 seconds
Platform modules already initialized, skipping
Refreshing native plugins compatible for Editor in 0.43 ms, found 1 plugins.
Preloading 0 native plugins for Editor in 0.00 ms.
Unloading 1106 Unused Serialized files (Serialized files now loaded: 0)
System memory in use before: 129.0 MB.
System memory in use after: 129.0 MB.

Unloading 5 unused Assets to reduce memory usage. Loaded Objects now: 1578.
Total: 2.090470 ms (FindLiveObjects: 0.196890 ms CreateObjectMapping: 0.057236 ms MarkObjects: 1.788235 ms  DeleteObjects: 0.046721 ms)

========================================================================
Received Prepare
Registering precompiled user dll's ...
Registered in 0.000451 seconds.
Begin MonoManager ReloadAssembly
Native extension for OSXStandalone target not found
Refreshing native plugins compatible for Editor in 0.27 ms, found 1 plugins.
Preloading 0 native plugins for Editor in 0.00 ms.
Invoked RoslynAnalysisRunner static constructor.
RoslynAnalysisRunner will not be running.
RoslynAnalysisRunner has terminated.
Mono: successfully reloaded assembly
- Completed reload, in  1.192 seconds
Platform modules already initialized, skipping
Refreshing native plugins compatible for Editor in 0.20 ms, found 1 plugins.
Preloading 0 native plugins for Editor in 0.00 ms.
Unloading 1106 Unused Serialized files (Serialized files now loaded: 0)
System memory in use before: 129.1 MB.
System memory in use after: 129.2 MB.

Unloading 5 unused Assets to reduce memory usage. Loaded Objects now: 1580.
Total: 2.986900 ms (FindLiveObjects: 0.238119 ms CreateObjectMapping: 0.066339 ms MarkObjects: 2.629801 ms  DeleteObjects: 0.051244 ms)

========================================================================
Received Import Request.
  Time since last request: 394.718366 seconds.
  path: Assets/Scripts/EnemyController.cs
  artifactKey: Guid(2500097cd5942473eababa751a26966a) Importer(815301076,1909f56bfc062723c751e8b465ee728b)
Start importing Assets/Scripts/EnemyController.cs using Guid(2500097cd5942473eababa751a26966a) Importer(815301076,1909f56bfc062723c751e8b465ee728b)  -> (artifact id: '620e7d7afd760a42048bdda3b980e30e') in 0.275224 seconds
  Import took 0.279112 seconds .

========================================================================
Received Prepare
Registering precompiled user dll's ...
Registered in 0.000371 seconds.
Begin MonoManager ReloadAssembly
Native extension for OSXStandalone target not found
Refreshing native plugins compatible for Editor in 0.25 ms, found 1 plugins.
Preloading 0 native plugins for Editor in 0.00 ms.
Invoked RoslynAnalysisRunner static constructor.
RoslynAnalysisRunner will not be running.
RoslynAnalysisRunner has terminated.
Mono: successfully reloaded assembly
- Completed reload, in  1.254 seconds
Platform modules already initialized, skipping
Refreshing native plugins compatible for Editor in 0.31 ms, found 1 plugins.
Preloading 0 native plugins for Editor in 0.00 ms.
Unloading 1106 Unused Serialized files (Serialized files now loaded: 0)
System memory in use before: 130.5 MB.
System memory in use after: 130.5 MB.

Unloading 5 unused Assets to reduce memory usage. Loaded Objects now: 1582.
Total: 2.368883 ms (FindLiveObjects: 0.211667 ms CreateObjectMapping: 0.048216 ms MarkObjects: 2.031344 ms  DeleteObjects: 0.075278 ms)

========================================================================
Received Import Request.
  Time since last request: 199.451078 seconds.
  path: Assets/Scripts/EnemyController.cs
  artifactKey: Guid(2500097cd5942473eababa751a26966a) Importer(815301076,1909f56bfc062723c751e8b465ee728b)
Start importing Assets/Scripts/EnemyController.cs using Guid(2500097cd5942473eababa751a26966a) Importer(815301076,1909f56bfc062723c751e8b465ee728b)  -> (artifact id: '1494c07d2e3a479217809b4c2a1c4ba4') in 0.005060 seconds
  Import took 0.007940 seconds .

========================================================================
Received Prepare
Registering precompiled user dll's ...
Registered in 0.000353 seconds.
Begin MonoManager ReloadAssembly
Native extension for OSXStandalone target not found
Refreshing native plugins compatible for Editor in 0.27 ms, found 1 plugins.
Preloading 0 native plugins for Editor in 0.00 ms.
Invoked RoslynAnalysisRunner static constructor.
RoslynAnalysisRunner will not be running.
RoslynAnalysisRunner has terminated.
Mono: successfully reloaded assembly
- Completed reload, in  1.280 seconds
Platform modules already initialized, skipping
Refreshing native plugins compatible for Editor in 0.32 ms, found 1 plugins.
Preloading 0 native plugins for Editor in 0.00 ms.
Unloading 1106 Unused Serialized files (Serialized files now loaded: 0)
System memory in use before: 130.6 MB.
System memory in use after: 130.7 MB.

Unloading 5 unused Assets to reduce memory usage. Loaded Objects now: 1584.
Total: 2.354961 ms (FindLiveObjects: 0.255179 ms CreateObjectMapping: 0.080064 ms MarkObjects: 1.966512 ms  DeleteObjects: 0.051652 ms)

========================================================================
Received Prepare
Registering precompiled user dll's ...
Registered in 0.000443 seconds.
Begin MonoManager ReloadAssembly
Native extension for OSXStandalone target not found
Refreshing native plugins compatible for Editor in 0.25 ms, found 1 plugins.
Preloading 0 native plugins for Editor in 0.00 ms.
Invoked RoslynAnalysisRunner static constructor.
RoslynAnalysisRunner will not be running.
RoslynAnalysisRunner has terminated.
Mono: successfully reloaded assembly
- Completed reload, in  1.183 seconds
Platform modules already initialized, skipping
Refreshing native plugins compatible for Editor in 0.31 ms, found 1 plugins.
Preloading 0 native plugins for Editor in 0.00 ms.
Unloading 1106 Unused Serialized files (Serialized files now loaded: 0)
System memory in use before: 130.8 MB.
System memory in use after: 130.9 MB.

Unloading 5 unused Assets to reduce memory usage. Loaded Objects now: 1586.
Total: 2.158113 ms (FindLiveObjects: 0.224537 ms CreateObjectMapping: 0.052835 ms MarkObjects: 1.823107 ms  DeleteObjects: 0.056546 ms)

AssetImportWorkerClient::OnTransportError - code=2 error=End of file
