Using pre-set license

 COMMAND LINE ARGUMENTS:
/Applications/Unity/Hub/Editor/2020.2.6f1/Unity.app/Contents/MacOS/Unity
-adb2
-batchMode
-noUpm
-name
AssetImportWorker0
-projectPath
/Users/robert/Files/projects/unity/dipri/dipri-20-21/Vj_2/TerrainAssets
-logFile
Logs/AssetImportWorker0.log
-srvPort
53052
Successfully changed project path to: /Users/robert/Files/projects/unity/dipri/dipri-20-21/Vj_2/TerrainAssets
/Users/robert/Files/projects/unity/dipri/dipri-20-21/Vj_2/TerrainAssets
Using Asset Import Pipeline V2.
Refreshing native plugins compatible for Editor in 26.89 ms, found 1 plugins.
Preloading 0 native plugins for Editor in 0.00 ms.
Initialize engine version: 2020.2.6f1 (8a2143876886)
[Subsystems] Discovering subsystems at path /Applications/Unity/Hub/Editor/2020.2.6f1/Unity.app/Contents/Resources/UnitySubsystems
[Subsystems] Discovering subsystems at path /Users/robert/Files/projects/unity/dipri/dipri-20-21/Vj_2/TerrainAssets/Assets
GfxDevice: creating device client; threaded=0
2021-03-16 12:56:04.764 Unity[47800:18294859] Color LCD preferred device: Intel Iris Pro Graphics (low power)
2021-03-16 12:56:04.764 Unity[47800:18294859] Metal devices available: 1
2021-03-16 12:56:04.764 Unity[47800:18294859] 0: Intel Iris Pro Graphics (low power)
2021-03-16 12:56:04.765 Unity[47800:18294859] Using device Intel Iris Pro Graphics (low power)
Initializing Metal device caps: Intel Iris Pro Graphics
Initialize mono
Mono path[0] = '/Applications/Unity/Hub/Editor/2020.2.6f1/Unity.app/Contents/Managed'
Mono path[1] = '/Applications/Unity/Hub/Editor/2020.2.6f1/Unity.app/Contents/MonoBleedingEdge/lib/mono/unityjit'
Mono config path = '/Applications/Unity/Hub/Editor/2020.2.6f1/Unity.app/Contents/MonoBleedingEdge/etc'
Using monoOptions --debugger-agent=transport=dt_socket,embedding=1,server=y,suspend=n,address=127.0.0.1:56800
Begin MonoManager ReloadAssembly
Registering precompiled unity dll's ...
Register platform support module: /Applications/Unity/Hub/Editor/2020.2.6f1/Unity.app/Contents/PlaybackEngines/MacStandaloneSupport/UnityEditor.OSXStandalone.Extensions.dll
Registered in 0.000677 seconds.
Native extension for OSXStandalone target not found
Refreshing native plugins compatible for Editor in 29.51 ms, found 1 plugins.
Preloading 0 native plugins for Editor in 0.00 ms.
Invoked RoslynAnalysisRunner static constructor.
RoslynAnalysisRunner will not be running.
RoslynAnalysisRunner has terminated.
Mono: successfully reloaded assembly
- Completed reload, in  1.628 seconds
Platform modules already initialized, skipping
Registering precompiled user dll's ...
Registered in 0.000362 seconds.
Begin MonoManager ReloadAssembly
Native extension for OSXStandalone target not found
Refreshing native plugins compatible for Editor in 0.24 ms, found 1 plugins.
Preloading 0 native plugins for Editor in 0.00 ms.
Invoked RoslynAnalysisRunner static constructor.
RoslynAnalysisRunner will not be running.
RoslynAnalysisRunner has terminated.
Mono: successfully reloaded assembly
- Completed reload, in  1.042 seconds
Platform modules already initialized, skipping
========================================================================
Worker process is ready to serve import requests
Launching external process: /Applications/Unity/Hub/Editor/2020.2.6f1/Unity.app/Contents/Tools/UnityShaderCompiler
Launched and connected shader compiler UnityShaderCompiler after 0.02 seconds
Refreshing native plugins compatible for Editor in 0.23 ms, found 1 plugins.
Preloading 0 native plugins for Editor in 0.00 ms.
Unloading 1103 Unused Serialized files (Serialized files now loaded: 0)
System memory in use before: 123.4 MB.
System memory in use after: 123.4 MB.

Unloading 9 unused Assets to reduce memory usage. Loaded Objects now: 1570.
Total: 2.938519 ms (FindLiveObjects: 0.244483 ms CreateObjectMapping: 0.053421 ms MarkObjects: 2.542057 ms  DeleteObjects: 0.096677 ms)

========================================================================
Received Import Request.
  path: Assets/Terrain
  artifactKey: Guid(ee56d0e45dfb347f5b18e3a477693f19) Importer(815301076,1909f56bfc062723c751e8b465ee728b)
Start importing Assets/Terrain using Guid(ee56d0e45dfb347f5b18e3a477693f19) Importer(815301076,1909f56bfc062723c751e8b465ee728b)  -> (artifact id: '880ffd6a84dd84d3a316a44fb41f58eb') in 0.005372 seconds
  Import took 0.008476 seconds .

========================================================================
Received Import Request.
  Time since last request: 687.061968 seconds.
  path: Assets/3DForge
  artifactKey: Guid(e4cc0dd9b5e09422c8431918df8dedee) Importer(815301076,1909f56bfc062723c751e8b465ee728b)
Start importing Assets/3DForge using Guid(e4cc0dd9b5e09422c8431918df8dedee) Importer(815301076,1909f56bfc062723c751e8b465ee728b)  -> (artifact id: '92c9c69e4f395e81d6b93340dabf6210') in 0.002266 seconds
  Import took 0.004810 seconds .

========================================================================
Received Import Request.
  Time since last request: 1.761929 seconds.
  path: Assets/3DForge/Blueprints
  artifactKey: Guid(574f265e6f0fcbd4789867de57a04f32) Importer(815301076,1909f56bfc062723c751e8b465ee728b)
Start importing Assets/3DForge/Blueprints using Guid(574f265e6f0fcbd4789867de57a04f32) Importer(815301076,1909f56bfc062723c751e8b465ee728b)  -> (artifact id: '2ee7115d04f39cd41390c8818719aec8') in 0.001636 seconds
  Import took 0.003977 seconds .

========================================================================
Received Import Request.
  Time since last request: 0.572007 seconds.
  path: Assets/3DForge/Blueprints/PremiumBlueprints
  artifactKey: Guid(8e5fb4c885ac40740a1f3e39403661d7) Importer(815301076,1909f56bfc062723c751e8b465ee728b)
Start importing Assets/3DForge/Blueprints/PremiumBlueprints using Guid(8e5fb4c885ac40740a1f3e39403661d7) Importer(815301076,1909f56bfc062723c751e8b465ee728b)  -> (artifact id: '53641437c87601b0ccc76a3cec04c888') in 0.001634 seconds
  Import took 0.003897 seconds .

========================================================================
Received Import Request.
  Time since last request: 0.574289 seconds.
  path: Assets/3DForge/Blueprints/PremiumBlueprints/PB_VIK_VEK
  artifactKey: Guid(e1be0aff3973a604281888962ab8fd6f) Importer(815301076,1909f56bfc062723c751e8b465ee728b)
Start importing Assets/3DForge/Blueprints/PremiumBlueprints/PB_VIK_VEK using Guid(e1be0aff3973a604281888962ab8fd6f) Importer(815301076,1909f56bfc062723c751e8b465ee728b)  -> (artifact id: '4841466f1a86ea74c5866e950df0354d') in 0.001526 seconds
  Import took 0.003783 seconds .

========================================================================
Received Import Request.
  Time since last request: 0.000823 seconds.
  path: Assets/3DForge/Blueprints/PremiumBlueprints/PB_VIK_VEK
  artifactKey: Guid(e1be0aff3973a604281888962ab8fd6f) Importer(815301076,1909f56bfc062723c751e8b465ee728b)
Start importing Assets/3DForge/Blueprints/PremiumBlueprints/PB_VIK_VEK using Guid(e1be0aff3973a604281888962ab8fd6f) Importer(815301076,1909f56bfc062723c751e8b465ee728b)  -> (artifact id: '4841466f1a86ea74c5866e950df0354d') in 0.000852 seconds
  Import took 0.002359 seconds .

========================================================================
Received Import Request.
  Time since last request: 0.679712 seconds.
  path: Assets/3DForge/Blueprints/PremiumBlueprints/PB_VIK_VEK/FrontierSettlement
  artifactKey: Guid(481cd52ae7bc40443acf76a2af4efb02) Importer(815301076,1909f56bfc062723c751e8b465ee728b)
Start importing Assets/3DForge/Blueprints/PremiumBlueprints/PB_VIK_VEK/FrontierSettlement using Guid(481cd52ae7bc40443acf76a2af4efb02) Importer(815301076,1909f56bfc062723c751e8b465ee728b)  -> (artifact id: '68813026c80f71992fb592150d9df192') in 0.001624 seconds
  Import took 0.003985 seconds .

========================================================================
Received Import Request.
  Time since last request: 0.532074 seconds.
  path: Assets/3DForge/Blueprints/PremiumBlueprints/PB_VIK_VEK/FrontierSettlement/BLUEPRINTS
  artifactKey: Guid(d5495da2aa73206409d843ed6ca93dab) Importer(815301076,1909f56bfc062723c751e8b465ee728b)
Start importing Assets/3DForge/Blueprints/PremiumBlueprints/PB_VIK_VEK/FrontierSettlement/BLUEPRINTS using Guid(d5495da2aa73206409d843ed6ca93dab) Importer(815301076,1909f56bfc062723c751e8b465ee728b)  -> (artifact id: '67e4ab30e2669a3678029360bb4e0be7') in 0.001677 seconds
  Import took 0.003955 seconds .

========================================================================
Received Import Request.
  Time since last request: 0.635415 seconds.
  path: Assets/3DForge/Blueprints/PremiumBlueprints/PB_VIK_VEK/FrontierSettlement/BLUEPRINTS/Frontiers
  artifactKey: Guid(e56d5e13a6abade4da1a51dde26c6e14) Importer(815301076,1909f56bfc062723c751e8b465ee728b)
Start importing Assets/3DForge/Blueprints/PremiumBlueprints/PB_VIK_VEK/FrontierSettlement/BLUEPRINTS/Frontiers using Guid(e56d5e13a6abade4da1a51dde26c6e14) Importer(815301076,1909f56bfc062723c751e8b465ee728b)  -> (artifact id: '867b571f6e5fcce9d302db9d4a4c12e8') in 0.001606 seconds
  Import took 0.003721 seconds .

========================================================================
Received Import Request.
  Time since last request: 2.102911 seconds.
  path: Assets/3DForge/Blueprints/PremiumBlueprints/PB_VIK_VEK/FrontierSettlement/BLUEPRINTS/Frontiers/PB_FS_Blacksmith.prefab
  artifactKey: Guid(a80b83884ffb26f41bc6c3343143484a) Importer(815301076,1909f56bfc062723c751e8b465ee728b)
Start importing Assets/3DForge/Blueprints/PremiumBlueprints/PB_VIK_VEK/FrontierSettlement/BLUEPRINTS/Frontiers/PB_FS_Blacksmith.prefab using Guid(a80b83884ffb26f41bc6c3343143484a) Importer(815301076,1909f56bfc062723c751e8b465ee728b)  -> (artifact id: 'bb57221ea2507bd71af6fdf6cc7b140e') in 0.257738 seconds
  Import took 0.260746 seconds .

========================================================================
Received Import Request.
  Time since last request: 729.676962 seconds.
  path: Assets/Medieval house
  artifactKey: Guid(662ab2d2250fd4da9ab0187749a1566d) Importer(815301076,1909f56bfc062723c751e8b465ee728b)
Start importing Assets/Medieval house using Guid(662ab2d2250fd4da9ab0187749a1566d) Importer(815301076,1909f56bfc062723c751e8b465ee728b)  -> (artifact id: 'b727f86f1599360730f1d66efa4b6388') in 0.001123 seconds
  Import took 0.004303 seconds .

========================================================================
Received Import Request.
  Time since last request: 0.521108 seconds.
  path: Assets/NatureStarterKit2
  artifactKey: Guid(b1fb39138b50445ff8161abe58525940) Importer(815301076,1909f56bfc062723c751e8b465ee728b)
Start importing Assets/NatureStarterKit2 using Guid(b1fb39138b50445ff8161abe58525940) Importer(815301076,1909f56bfc062723c751e8b465ee728b)  -> (artifact id: '71f8be8594f5664803135357e7c4eb83') in 0.002027 seconds
  Import took 0.005235 seconds .

========================================================================
Received Import Request.
  Time since last request: 2.552389 seconds.
  path: Assets/Medieval house/demo.unity
  artifactKey: Guid(1475f095d5594b641b289ef9fcda69c7) Importer(815301076,1909f56bfc062723c751e8b465ee728b)
Start importing Assets/Medieval house/demo.unity using Guid(1475f095d5594b641b289ef9fcda69c7) Importer(815301076,1909f56bfc062723c751e8b465ee728b)  -> (artifact id: '8fcd13494fd38d9b9d49b93616b1e984') in 0.001994 seconds
  Import took 0.005567 seconds .

========================================================================
Received Import Request.
  Time since last request: 1.252861 seconds.
  path: Assets/Medieval house/demoSettings.lighting
  artifactKey: Guid(910d66bed179e423bbe0db235448356e) Importer(815301076,1909f56bfc062723c751e8b465ee728b)
Start importing Assets/Medieval house/demoSettings.lighting using Guid(910d66bed179e423bbe0db235448356e) Importer(815301076,1909f56bfc062723c751e8b465ee728b) LightingSettings: switching bake backend from 1 to 0.
 -> (artifact id: '03846c8ebbc83ca1038b858859d99851') in 0.348325 seconds
  Import took 0.351918 seconds .

========================================================================
Received Import Request.
  Time since last request: 0.000323 seconds.
  path: Assets/Medieval house/Model
  artifactKey: Guid(244458fcba5c1403dbcd9511ff3ae6ad) Importer(815301076,1909f56bfc062723c751e8b465ee728b)
Start importing Assets/Medieval house/Model using Guid(244458fcba5c1403dbcd9511ff3ae6ad) Importer(815301076,1909f56bfc062723c751e8b465ee728b)  -> (artifact id: 'dbf85f6cef61501326781e36555b6879') in 0.001372 seconds
  Import took 0.004116 seconds .

========================================================================
Received Import Request.
  Time since last request: 0.639184 seconds.
  path: Assets/Medieval house/Model/House.fbx
  artifactKey: Guid(53352d3589f6e18448a302d1f975ce50) Importer(815301076,1909f56bfc062723c751e8b465ee728b)
Start importing Assets/Medieval house/Model/House.fbx using Guid(53352d3589f6e18448a302d1f975ce50) Importer(815301076,1909f56bfc062723c751e8b465ee728b)  -> (artifact id: 'd8d35520dcbece431e51a4ff77340d9e') in 0.538504 seconds
  Import took 0.542572 seconds .

========================================================================
Received Import Request.
  Time since last request: 1.798099 seconds.
  path: Assets/Medieval house/Model/House.prefab
  artifactKey: Guid(32f9e7f1053b38c41b83321d0efbe230) Importer(815301076,1909f56bfc062723c751e8b465ee728b)
Start importing Assets/Medieval house/Model/House.prefab using Guid(32f9e7f1053b38c41b83321d0efbe230) Importer(815301076,1909f56bfc062723c751e8b465ee728b)  -> (artifact id: '2faa8b414135479ba703246de4906700') in 0.921047 seconds
  Import took 0.927608 seconds .

========================================================================
Received Import Request.
  Time since last request: 387.157832 seconds.
  path: Assets/MS
  artifactKey: Guid(13893841199b24216be838a927304759) Importer(815301076,1909f56bfc062723c751e8b465ee728b)
Start importing Assets/MS using Guid(13893841199b24216be838a927304759) Importer(815301076,1909f56bfc062723c751e8b465ee728b)  -> (artifact id: 'f6c2921d3e6bca126a2b43b20d7c8d01') in 0.000832 seconds
  Import took 0.003113 seconds .

========================================================================
Received Import Request.
  Time since last request: 0.971845 seconds.
  path: Assets/MS/M4A3E2
  artifactKey: Guid(2a1eca5ef5c5df14eac7f7f9caf90cce) Importer(815301076,1909f56bfc062723c751e8b465ee728b)
Start importing Assets/MS/M4A3E2 using Guid(2a1eca5ef5c5df14eac7f7f9caf90cce) Importer(815301076,1909f56bfc062723c751e8b465ee728b)  -> (artifact id: '8a76ddafa942567d413d40be537413d8') in 0.001547 seconds
  Import took 0.003777 seconds .

========================================================================
Received Import Request.
  Time since last request: 0.285230 seconds.
  path: Assets/MS/M4A3E2/Scene
  artifactKey: Guid(86b63c20daf294148af7cbd63b3a019d) Importer(815301076,1909f56bfc062723c751e8b465ee728b)
Start importing Assets/MS/M4A3E2/Scene using Guid(86b63c20daf294148af7cbd63b3a019d) Importer(815301076,1909f56bfc062723c751e8b465ee728b)  -> (artifact id: 'b5085ba310617fa06dae37711810abcb') in 0.001440 seconds
  Import took 0.003789 seconds .

========================================================================
Received Import Request.
  Time since last request: 0.515116 seconds.
  path: Assets/MS/M4A3E2/Vehicles
  artifactKey: Guid(21a42a22a428e4d4f94d2b7bf203ca70) Importer(815301076,1909f56bfc062723c751e8b465ee728b)
Start importing Assets/MS/M4A3E2/Vehicles using Guid(21a42a22a428e4d4f94d2b7bf203ca70) Importer(815301076,1909f56bfc062723c751e8b465ee728b)  -> (artifact id: 'c02c47d303242d1a6d2c18d7eeba588c') in 0.001678 seconds
  Import took 0.004056 seconds .

========================================================================
Received Import Request.
  Time since last request: 0.493387 seconds.
  path: Assets/MS/M4A3E2/Vehicles/Asset
  artifactKey: Guid(fcb9ba06403ee5245a17fb2691c88b3c) Importer(815301076,1909f56bfc062723c751e8b465ee728b)
Start importing Assets/MS/M4A3E2/Vehicles/Asset using Guid(fcb9ba06403ee5245a17fb2691c88b3c) Importer(815301076,1909f56bfc062723c751e8b465ee728b)  -> (artifact id: '31baa94819767e36faf305336aee800d') in 0.001605 seconds
  Import took 0.003777 seconds .

========================================================================
Received Import Request.
  Time since last request: 0.996439 seconds.
  path: Assets/MS/M4A3E2/Vehicles/Mesh
  artifactKey: Guid(16cfb2870f5e1aa4183775832aca397b) Importer(815301076,1909f56bfc062723c751e8b465ee728b)
Start importing Assets/MS/M4A3E2/Vehicles/Mesh using Guid(16cfb2870f5e1aa4183775832aca397b) Importer(815301076,1909f56bfc062723c751e8b465ee728b)  -> (artifact id: '5c1793904e4a8d8e9dc7db1b052a371a') in 0.001551 seconds
  Import took 0.003832 seconds .

========================================================================
Received Import Request.
  Time since last request: 0.844267 seconds.
  path: Assets/MS/M4A3E2/Vehicles/Mesh/FBX
  artifactKey: Guid(3836ae52481f24b42a9f3280d84c1c2b) Importer(815301076,1909f56bfc062723c751e8b465ee728b)
Start importing Assets/MS/M4A3E2/Vehicles/Mesh/FBX using Guid(3836ae52481f24b42a9f3280d84c1c2b) Importer(815301076,1909f56bfc062723c751e8b465ee728b)  -> (artifact id: 'd937faddfbe7e5a2b5d43b118e165744') in 0.001692 seconds
  Import took 0.003984 seconds .

========================================================================
Received Import Request.
  Time since last request: 0.926522 seconds.
  path: Assets/MS/M4A3E2/Vehicles/Mesh/FBX/M4A3E2_v1.1.FBX
  artifactKey: Guid(a515ab33573d2144b9d1be5bb39ab89a) Importer(815301076,1909f56bfc062723c751e8b465ee728b)
Start importing Assets/MS/M4A3E2/Vehicles/Mesh/FBX/M4A3E2_v1.1.FBX using Guid(a515ab33573d2144b9d1be5bb39ab89a) Importer(815301076,1909f56bfc062723c751e8b465ee728b)  -> (artifact id: '0e129b89005ec3e5f8b407c31001f510') in 0.699804 seconds
  Import took 0.702956 seconds .

========================================================================
Received Import Request.
  Time since last request: 0.000277 seconds.
  path: Assets/MS/M4A3E2/Vehicles/Mesh/FBX/Materials
  artifactKey: Guid(26ce273397b67dd448d6fb1816c262b5) Importer(815301076,1909f56bfc062723c751e8b465ee728b)
Start importing Assets/MS/M4A3E2/Vehicles/Mesh/FBX/Materials using Guid(26ce273397b67dd448d6fb1816c262b5) Importer(815301076,1909f56bfc062723c751e8b465ee728b)  -> (artifact id: '9e7185c9eb6f646262357cdbfe2863fc') in 0.000687 seconds
  Import took 0.002425 seconds .

========================================================================
Received Import Request.
  Time since last request: 3.230523 seconds.
  path: Assets/MS/M4A3E2/Vehicles/Asset/M4A3E2_1.prefab
  artifactKey: Guid(445666718d8be644893d1b6b22d653da) Importer(815301076,1909f56bfc062723c751e8b465ee728b)
Start importing Assets/MS/M4A3E2/Vehicles/Asset/M4A3E2_1.prefab using Guid(445666718d8be644893d1b6b22d653da) Importer(815301076,1909f56bfc062723c751e8b465ee728b)  -> (artifact id: 'a6ff3aedbee47c72486a08a0319dd819') in 0.695780 seconds
  Import took 0.708543 seconds .

========================================================================
Received Import Request.
  Time since last request: 82.983188 seconds.
  path: Assets/Robot Kyle
  artifactKey: Guid(68428e249118f43ddbf966a3ea00ab8d) Importer(815301076,1909f56bfc062723c751e8b465ee728b)
Start importing Assets/Robot Kyle using Guid(68428e249118f43ddbf966a3ea00ab8d) Importer(815301076,1909f56bfc062723c751e8b465ee728b)  -> (artifact id: 'd189fbe798a3604dedc1924082136c72') in 0.001266 seconds
  Import took 0.003542 seconds .

========================================================================
Received Import Request.
  Time since last request: 1.749014 seconds.
  path: Assets/Robot Kyle/Model
  artifactKey: Guid(177387c40662942da9d51ac5220409f0) Importer(815301076,1909f56bfc062723c751e8b465ee728b)
Start importing Assets/Robot Kyle/Model using Guid(177387c40662942da9d51ac5220409f0) Importer(815301076,1909f56bfc062723c751e8b465ee728b)  -> (artifact id: '3076323555cbcae7c073f4d994d9356b') in 0.001457 seconds
  Import took 0.003604 seconds .

========================================================================
Received Prepare
Registering precompiled user dll's ...
Registered in 0.000488 seconds.
Begin MonoManager ReloadAssembly
Native extension for OSXStandalone target not found
Refreshing native plugins compatible for Editor in 0.29 ms, found 1 plugins.
Preloading 0 native plugins for Editor in 0.00 ms.
Invoked RoslynAnalysisRunner static constructor.
RoslynAnalysisRunner will not be running.
RoslynAnalysisRunner has terminated.
Mono: successfully reloaded assembly
- Completed reload, in  1.039 seconds
Platform modules already initialized, skipping
Refreshing native plugins compatible for Editor in 0.26 ms, found 1 plugins.
Preloading 0 native plugins for Editor in 0.00 ms.
Unloading 1099 Unused Serialized files (Serialized files now loaded: 0)
System memory in use before: 161.0 MB.
System memory in use after: 161.1 MB.

Unloading 5 unused Assets to reduce memory usage. Loaded Objects now: 1585.
Total: 2.129265 ms (FindLiveObjects: 0.233993 ms CreateObjectMapping: 0.045074 ms MarkObjects: 1.830868 ms  DeleteObjects: 0.017907 ms)

========================================================================
Received Prepare
Registering precompiled user dll's ...
Registered in 0.000376 seconds.
Begin MonoManager ReloadAssembly
Native extension for OSXStandalone target not found
Refreshing native plugins compatible for Editor in 0.60 ms, found 1 plugins.
Preloading 0 native plugins for Editor in 0.00 ms.
Invoked RoslynAnalysisRunner static constructor.
RoslynAnalysisRunner will not be running.
RoslynAnalysisRunner has terminated.
Mono: successfully reloaded assembly
- Completed reload, in  1.009 seconds
Platform modules already initialized, skipping
Refreshing native plugins compatible for Editor in 0.27 ms, found 1 plugins.
Preloading 0 native plugins for Editor in 0.00 ms.
Unloading 1099 Unused Serialized files (Serialized files now loaded: 0)
System memory in use before: 161.2 MB.
System memory in use after: 161.3 MB.

Unloading 4 unused Assets to reduce memory usage. Loaded Objects now: 1587.
Total: 2.019752 ms (FindLiveObjects: 0.275796 ms CreateObjectMapping: 0.107448 ms MarkObjects: 1.618614 ms  DeleteObjects: 0.015198 ms)

========================================================================
Received Prepare
Registering precompiled user dll's ...
Registered in 0.000416 seconds.
Begin MonoManager ReloadAssembly
Native extension for OSXStandalone target not found
Refreshing native plugins compatible for Editor in 0.26 ms, found 1 plugins.
Preloading 0 native plugins for Editor in 0.00 ms.
Invoked RoslynAnalysisRunner static constructor.
RoslynAnalysisRunner will not be running.
RoslynAnalysisRunner has terminated.
Mono: successfully reloaded assembly
- Completed reload, in  0.984 seconds
Platform modules already initialized, skipping
Refreshing native plugins compatible for Editor in 0.25 ms, found 1 plugins.
Preloading 0 native plugins for Editor in 0.00 ms.
Unloading 1099 Unused Serialized files (Serialized files now loaded: 0)
System memory in use before: 161.4 MB.
System memory in use after: 161.5 MB.

Unloading 4 unused Assets to reduce memory usage. Loaded Objects now: 1589.
Total: 2.096712 ms (FindLiveObjects: 0.219869 ms CreateObjectMapping: 0.063940 ms MarkObjects: 1.797060 ms  DeleteObjects: 0.014681 ms)

========================================================================
Received Prepare
Registering precompiled user dll's ...
Registered in 0.000318 seconds.
Begin MonoManager ReloadAssembly
Native extension for OSXStandalone target not found
Refreshing native plugins compatible for Editor in 0.26 ms, found 1 plugins.
Preloading 0 native plugins for Editor in 0.00 ms.
Invoked RoslynAnalysisRunner static constructor.
RoslynAnalysisRunner will not be running.
RoslynAnalysisRunner has terminated.
Mono: successfully reloaded assembly
- Completed reload, in  1.010 seconds
Platform modules already initialized, skipping
Refreshing native plugins compatible for Editor in 0.26 ms, found 1 plugins.
Preloading 0 native plugins for Editor in 0.00 ms.
Unloading 1099 Unused Serialized files (Serialized files now loaded: 0)
System memory in use before: 161.6 MB.
System memory in use after: 161.7 MB.

Unloading 4 unused Assets to reduce memory usage. Loaded Objects now: 1591.
Total: 2.139752 ms (FindLiveObjects: 0.243169 ms CreateObjectMapping: 0.085842 ms MarkObjects: 1.794896 ms  DeleteObjects: 0.014777 ms)

========================================================================
Received Prepare
Registering precompiled user dll's ...
Registered in 0.000420 seconds.
Begin MonoManager ReloadAssembly
Native extension for OSXStandalone target not found
Refreshing native plugins compatible for Editor in 0.27 ms, found 1 plugins.
Preloading 0 native plugins for Editor in 0.00 ms.
Invoked RoslynAnalysisRunner static constructor.
RoslynAnalysisRunner will not be running.
RoslynAnalysisRunner has terminated.
Mono: successfully reloaded assembly
- Completed reload, in  1.016 seconds
Platform modules already initialized, skipping
Refreshing native plugins compatible for Editor in 0.28 ms, found 1 plugins.
Preloading 0 native plugins for Editor in 0.00 ms.
Unloading 1099 Unused Serialized files (Serialized files now loaded: 0)
System memory in use before: 161.8 MB.
System memory in use after: 161.9 MB.

Unloading 4 unused Assets to reduce memory usage. Loaded Objects now: 1593.
Total: 2.686053 ms (FindLiveObjects: 0.524581 ms CreateObjectMapping: 0.080410 ms MarkObjects: 2.064456 ms  DeleteObjects: 0.013704 ms)

========================================================================
Received Prepare
Registering precompiled user dll's ...
Registered in 0.000404 seconds.
Begin MonoManager ReloadAssembly
Native extension for OSXStandalone target not found
Refreshing native plugins compatible for Editor in 0.30 ms, found 1 plugins.
Preloading 0 native plugins for Editor in 0.00 ms.
Invoked RoslynAnalysisRunner static constructor.
RoslynAnalysisRunner will not be running.
RoslynAnalysisRunner has terminated.
Mono: successfully reloaded assembly
- Completed reload, in  0.993 seconds
Platform modules already initialized, skipping
Refreshing native plugins compatible for Editor in 0.26 ms, found 1 plugins.
Preloading 0 native plugins for Editor in 0.00 ms.
Unloading 1099 Unused Serialized files (Serialized files now loaded: 0)
System memory in use before: 162.0 MB.
System memory in use after: 162.0 MB.

Unloading 4 unused Assets to reduce memory usage. Loaded Objects now: 1595.
Total: 1.792503 ms (FindLiveObjects: 0.183086 ms CreateObjectMapping: 0.040609 ms MarkObjects: 1.554145 ms  DeleteObjects: 0.013176 ms)

========================================================================
Received Prepare
Registering precompiled user dll's ...
Registered in 0.000398 seconds.
Begin MonoManager ReloadAssembly
Native extension for OSXStandalone target not found
Refreshing native plugins compatible for Editor in 0.27 ms, found 1 plugins.
Preloading 0 native plugins for Editor in 0.00 ms.
Invoked RoslynAnalysisRunner static constructor.
RoslynAnalysisRunner will not be running.
RoslynAnalysisRunner has terminated.
Mono: successfully reloaded assembly
- Completed reload, in  0.988 seconds
Platform modules already initialized, skipping
Refreshing native plugins compatible for Editor in 0.26 ms, found 1 plugins.
Preloading 0 native plugins for Editor in 0.00 ms.
Unloading 1099 Unused Serialized files (Serialized files now loaded: 0)
System memory in use before: 162.1 MB.
System memory in use after: 162.2 MB.

Unloading 4 unused Assets to reduce memory usage. Loaded Objects now: 1597.
Total: 2.434636 ms (FindLiveObjects: 0.236177 ms CreateObjectMapping: 0.088678 ms MarkObjects: 2.091011 ms  DeleteObjects: 0.017350 ms)

========================================================================
Received Prepare
Registering precompiled user dll's ...
Registered in 0.000370 seconds.
Begin MonoManager ReloadAssembly
Native extension for OSXStandalone target not found
Refreshing native plugins compatible for Editor in 0.34 ms, found 1 plugins.
Preloading 0 native plugins for Editor in 0.00 ms.
Invoked RoslynAnalysisRunner static constructor.
RoslynAnalysisRunner will not be running.
RoslynAnalysisRunner has terminated.
Mono: successfully reloaded assembly
- Completed reload, in  0.995 seconds
Platform modules already initialized, skipping
Refreshing native plugins compatible for Editor in 0.27 ms, found 1 plugins.
Preloading 0 native plugins for Editor in 0.00 ms.
Unloading 1099 Unused Serialized files (Serialized files now loaded: 0)
System memory in use before: 162.3 MB.
System memory in use after: 162.4 MB.

Unloading 4 unused Assets to reduce memory usage. Loaded Objects now: 1599.
Total: 2.198527 ms (FindLiveObjects: 0.262163 ms CreateObjectMapping: 0.051575 ms MarkObjects: 1.867224 ms  DeleteObjects: 0.015916 ms)

========================================================================
Received Prepare
Registering precompiled user dll's ...
Registered in 0.000319 seconds.
Begin MonoManager ReloadAssembly
Native extension for OSXStandalone target not found
Refreshing native plugins compatible for Editor in 0.28 ms, found 1 plugins.
Preloading 0 native plugins for Editor in 0.00 ms.
Invoked RoslynAnalysisRunner static constructor.
RoslynAnalysisRunner will not be running.
RoslynAnalysisRunner has terminated.
Mono: successfully reloaded assembly
- Completed reload, in  1.042 seconds
Platform modules already initialized, skipping
Refreshing native plugins compatible for Editor in 0.25 ms, found 1 plugins.
Preloading 0 native plugins for Editor in 0.00 ms.
Unloading 1099 Unused Serialized files (Serialized files now loaded: 0)
System memory in use before: 162.5 MB.
System memory in use after: 162.5 MB.

Unloading 4 unused Assets to reduce memory usage. Loaded Objects now: 1601.
Total: 1.981951 ms (FindLiveObjects: 0.216923 ms CreateObjectMapping: 0.052557 ms MarkObjects: 1.695969 ms  DeleteObjects: 0.014632 ms)

========================================================================
Received Prepare
Registering precompiled user dll's ...
Registered in 0.000376 seconds.
Begin MonoManager ReloadAssembly
Native extension for OSXStandalone target not found
Refreshing native plugins compatible for Editor in 0.31 ms, found 1 plugins.
Preloading 0 native plugins for Editor in 0.00 ms.
Invoked RoslynAnalysisRunner static constructor.
RoslynAnalysisRunner will not be running.
RoslynAnalysisRunner has terminated.
Mono: successfully reloaded assembly
- Completed reload, in  1.202 seconds
Platform modules already initialized, skipping
Refreshing native plugins compatible for Editor in 0.42 ms, found 1 plugins.
Preloading 0 native plugins for Editor in 0.00 ms.
Unloading 1099 Unused Serialized files (Serialized files now loaded: 0)
System memory in use before: 162.6 MB.
System memory in use after: 162.7 MB.

Unloading 4 unused Assets to reduce memory usage. Loaded Objects now: 1603.
Total: 2.217901 ms (FindLiveObjects: 0.253233 ms CreateObjectMapping: 0.078080 ms MarkObjects: 1.867261 ms  DeleteObjects: 0.017563 ms)

========================================================================
Received Prepare
Registering precompiled user dll's ...
Registered in 0.000405 seconds.
Begin MonoManager ReloadAssembly
Native extension for OSXStandalone target not found
Refreshing native plugins compatible for Editor in 0.27 ms, found 1 plugins.
Preloading 0 native plugins for Editor in 0.00 ms.
Invoked RoslynAnalysisRunner static constructor.
RoslynAnalysisRunner will not be running.
RoslynAnalysisRunner has terminated.
Mono: successfully reloaded assembly
- Completed reload, in  0.982 seconds
Platform modules already initialized, skipping
Refreshing native plugins compatible for Editor in 0.27 ms, found 1 plugins.
Preloading 0 native plugins for Editor in 0.00 ms.
Unloading 1099 Unused Serialized files (Serialized files now loaded: 0)
System memory in use before: 162.8 MB.
System memory in use after: 162.9 MB.

Unloading 4 unused Assets to reduce memory usage. Loaded Objects now: 1605.
Total: 2.017843 ms (FindLiveObjects: 0.175399 ms CreateObjectMapping: 0.081617 ms MarkObjects: 1.745137 ms  DeleteObjects: 0.013833 ms)

========================================================================
Received Prepare
Registering precompiled user dll's ...
Registered in 0.000500 seconds.
Begin MonoManager ReloadAssembly
Native extension for OSXStandalone target not found
Refreshing native plugins compatible for Editor in 0.28 ms, found 1 plugins.
Preloading 0 native plugins for Editor in 0.00 ms.
Invoked RoslynAnalysisRunner static constructor.
RoslynAnalysisRunner will not be running.
RoslynAnalysisRunner has terminated.
Mono: successfully reloaded assembly
- Completed reload, in  1.187 seconds
Platform modules already initialized, skipping
Refreshing native plugins compatible for Editor in 0.31 ms, found 1 plugins.
Preloading 0 native plugins for Editor in 0.00 ms.
Unloading 1099 Unused Serialized files (Serialized files now loaded: 0)
System memory in use before: 163.0 MB.
System memory in use after: 163.1 MB.

Unloading 4 unused Assets to reduce memory usage. Loaded Objects now: 1607.
Total: 2.676745 ms (FindLiveObjects: 0.236538 ms CreateObjectMapping: 0.083048 ms MarkObjects: 2.338092 ms  DeleteObjects: 0.017280 ms)

========================================================================
Received Prepare
Registering precompiled user dll's ...
Registered in 0.000510 seconds.
Begin MonoManager ReloadAssembly
Native extension for OSXStandalone target not found
Refreshing native plugins compatible for Editor in 0.27 ms, found 1 plugins.
Preloading 0 native plugins for Editor in 0.00 ms.
Invoked RoslynAnalysisRunner static constructor.
RoslynAnalysisRunner will not be running.
RoslynAnalysisRunner has terminated.
Mono: successfully reloaded assembly
- Completed reload, in  0.996 seconds
Platform modules already initialized, skipping
Refreshing native plugins compatible for Editor in 0.25 ms, found 1 plugins.
Preloading 0 native plugins for Editor in 0.00 ms.
Unloading 1099 Unused Serialized files (Serialized files now loaded: 0)
System memory in use before: 163.2 MB.
System memory in use after: 163.2 MB.

Unloading 4 unused Assets to reduce memory usage. Loaded Objects now: 1609.
Total: 2.137712 ms (FindLiveObjects: 0.234710 ms CreateObjectMapping: 0.043082 ms MarkObjects: 1.843082 ms  DeleteObjects: 0.015085 ms)

========================================================================
Received Prepare
Registering precompiled user dll's ...
Registered in 0.000348 seconds.
Begin MonoManager ReloadAssembly
Native extension for OSXStandalone target not found
Refreshing native plugins compatible for Editor in 0.35 ms, found 1 plugins.
Preloading 0 native plugins for Editor in 0.00 ms.
Invoked RoslynAnalysisRunner static constructor.
RoslynAnalysisRunner will not be running.
RoslynAnalysisRunner has terminated.
Mono: successfully reloaded assembly
- Completed reload, in  0.992 seconds
Platform modules already initialized, skipping
Refreshing native plugins compatible for Editor in 0.26 ms, found 1 plugins.
Preloading 0 native plugins for Editor in 0.00 ms.
Unloading 1099 Unused Serialized files (Serialized files now loaded: 0)
System memory in use before: 163.3 MB.
System memory in use after: 163.4 MB.

Unloading 4 unused Assets to reduce memory usage. Loaded Objects now: 1611.
Total: 2.103020 ms (FindLiveObjects: 0.228182 ms CreateObjectMapping: 0.068339 ms MarkObjects: 1.791609 ms  DeleteObjects: 0.013747 ms)

========================================================================
Received Prepare
Registering precompiled user dll's ...
Registered in 0.000399 seconds.
Begin MonoManager ReloadAssembly
Native extension for OSXStandalone target not found
Refreshing native plugins compatible for Editor in 0.30 ms, found 1 plugins.
Preloading 0 native plugins for Editor in 0.00 ms.
Invoked RoslynAnalysisRunner static constructor.
RoslynAnalysisRunner will not be running.
RoslynAnalysisRunner has terminated.
Mono: successfully reloaded assembly
- Completed reload, in  1.003 seconds
Platform modules already initialized, skipping
Refreshing native plugins compatible for Editor in 0.25 ms, found 1 plugins.
Preloading 0 native plugins for Editor in 0.00 ms.
Unloading 1099 Unused Serialized files (Serialized files now loaded: 0)
System memory in use before: 163.5 MB.
System memory in use after: 163.6 MB.

Unloading 4 unused Assets to reduce memory usage. Loaded Objects now: 1613.
Total: 1.844687 ms (FindLiveObjects: 0.202835 ms CreateObjectMapping: 0.043160 ms MarkObjects: 1.581295 ms  DeleteObjects: 0.015779 ms)

========================================================================
Received Prepare
Registering precompiled user dll's ...
Registered in 0.000339 seconds.
Begin MonoManager ReloadAssembly
Native extension for OSXStandalone target not found
Refreshing native plugins compatible for Editor in 0.35 ms, found 1 plugins.
Preloading 0 native plugins for Editor in 0.00 ms.
Invoked RoslynAnalysisRunner static constructor.
RoslynAnalysisRunner will not be running.
RoslynAnalysisRunner has terminated.
Mono: successfully reloaded assembly
- Completed reload, in  1.108 seconds
Platform modules already initialized, skipping
Refreshing native plugins compatible for Editor in 0.29 ms, found 1 plugins.
Preloading 0 native plugins for Editor in 0.00 ms.
Unloading 1099 Unused Serialized files (Serialized files now loaded: 0)
System memory in use before: 163.7 MB.
System memory in use after: 163.8 MB.

Unloading 4 unused Assets to reduce memory usage. Loaded Objects now: 1615.
Total: 2.993478 ms (FindLiveObjects: 0.326485 ms CreateObjectMapping: 0.129075 ms MarkObjects: 2.516055 ms  DeleteObjects: 0.020403 ms)

========================================================================
Received Import Request.
  Time since last request: 1666.191304 seconds.
  path: Assets/Scenes
  artifactKey: Guid(ac0f1474ddf7544efba557a0fbc64fbe) Importer(815301076,1909f56bfc062723c751e8b465ee728b)
Start importing Assets/Scenes using Guid(ac0f1474ddf7544efba557a0fbc64fbe) Importer(815301076,1909f56bfc062723c751e8b465ee728b)  -> (artifact id: '6d575b56f2978a61c1993d9c74b3be02') in 0.005017 seconds
  Import took 0.007588 seconds .

========================================================================
Received Import Request.
  Time since last request: 0.436463 seconds.
  path: Assets/Scripts
  artifactKey: Guid(d118ae83ad7e4472897bd1b8c9876711) Importer(815301076,1909f56bfc062723c751e8b465ee728b)
Start importing Assets/Scripts using Guid(d118ae83ad7e4472897bd1b8c9876711) Importer(815301076,1909f56bfc062723c751e8b465ee728b)  -> (artifact id: '5515a94fddb95a420c2569cbbb471190') in 0.001843 seconds
  Import took 0.004109 seconds .

