
=== Tue Mar 16 12:54:24 2021

Packages were changed.
Update Mode: updateDependencies

The following packages were added:
  com.unity.ide.visualstudio@2.0.5
The following packages were updated:
  com.unity.collab-proxy from version 1.2.16 to 1.3.9
  com.unity.ide.rider from version 1.1.4 to 2.0.7
  com.unity.ide.vscode from version 1.1.4 to 1.2.3
  com.unity.test-framework from version 1.1.11 to 1.1.22
  com.unity.textmeshpro from version 2.0.1 to 3.0.1
  com.unity.timeline from version 1.2.10 to 1.4.6

=== Tue Mar 15 13:38:43 2022

Packages were changed.
Update Mode: updateDependencies

The following packages were updated:
  com.unity.collab-proxy from version 1.3.9 to 1.15.12
  com.unity.ide.visualstudio from version 2.0.5 to 2.0.14
  com.unity.ide.vscode from version 1.2.3 to 1.2.4
  com.unity.test-framework from version 1.1.22 to 1.1.29
  com.unity.textmeshpro from version 3.0.1 to 3.0.6
  com.unity.timeline from version 1.4.6 to 1.4.8

=== Tue May 16 11:47:34 2023

Packages were changed.
Update Mode: updateDependencies

The following packages were updated:
  com.unity.collab-proxy from version 1.15.12 to 2.0.0
  com.unity.ide.rider from version 2.0.7 to 3.0.18
  com.unity.ide.visualstudio from version 2.0.14 to 2.0.17
  com.unity.ide.vscode from version 1.2.4 to 1.2.5
  com.unity.test-framework from version 1.1.29 to 1.1.31
  com.unity.timeline from version 1.4.8 to 1.6.4

=== Mon Mar  3 09:20:22 2025

Packages were changed.
Update Mode: updateDependencies

The following packages were added:
  com.unity.ai.navigation@2.0.6
  com.unity.modules.accessibility@1.0.0
  com.unity.multiplayer.center@1.0.0
The following packages were updated:
  com.unity.collab-proxy from version 2.0.0 to 2.7.1
  com.unity.ide.rider from version 3.0.18 to 3.0.31
  com.unity.ide.visualstudio from version 2.0.17 to 2.0.22
  com.unity.test-framework from version 1.1.31 to 1.4.6
  com.unity.timeline from version 1.6.4 to 1.8.7
  com.unity.ugui from version 1.0.0 to 2.0.0
The following packages were removed:
  com.unity.textmeshpro@3.0.6
