Using pre-set license

 COMMAND LINE ARGUMENTS:
/Applications/Unity/Hub/Editor/2020.2.6f1/Unity.app/Contents/MacOS/Unity
-adb2
-batchMode
-noUpm
-name
AssetImportWorker0
-projectPath
/Users/robert/Files/projects/unity/dipri/dipri-20-21/Vj_8/Animation
-logFile
Logs/AssetImportWorker0.log
-srvPort
61728
Successfully changed project path to: /Users/robert/Files/projects/unity/dipri/dipri-20-21/Vj_8/Animation
/Users/robert/Files/projects/unity/dipri/dipri-20-21/Vj_8/Animation
Using Asset Import Pipeline V2.
Refreshing native plugins compatible for Editor in 27.78 ms, found 1 plugins.
Preloading 0 native plugins for Editor in 0.00 ms.
Initialize engine version: 2020.2.6f1 (8a2143876886)
[Subsystems] Discovering subsystems at path /Applications/Unity/Hub/Editor/2020.2.6f1/Unity.app/Contents/Resources/UnitySubsystems
[Subsystems] Discovering subsystems at path /Users/robert/Files/projects/unity/dipri/dipri-20-21/Vj_8/Animation/Assets
GfxDevice: creating device client; threaded=0
2021-04-20 09:22:53.160 Unity[73392:29499190] Color LCD preferred device: Intel Iris Pro Graphics (low power)
2021-04-20 09:22:53.160 Unity[73392:29499190] Metal devices available: 1
2021-04-20 09:22:53.160 Unity[73392:29499190] 0: Intel Iris Pro Graphics (low power)
2021-04-20 09:22:53.161 Unity[73392:29499190] Using device Intel Iris Pro Graphics (low power)
Initializing Metal device caps: Intel Iris Pro Graphics
Initialize mono
Mono path[0] = '/Applications/Unity/Hub/Editor/2020.2.6f1/Unity.app/Contents/Managed'
Mono path[1] = '/Applications/Unity/Hub/Editor/2020.2.6f1/Unity.app/Contents/MonoBleedingEdge/lib/mono/unityjit'
Mono config path = '/Applications/Unity/Hub/Editor/2020.2.6f1/Unity.app/Contents/MonoBleedingEdge/etc'
Using monoOptions --debugger-agent=transport=dt_socket,embedding=1,server=y,suspend=n,address=127.0.0.1:56392
Begin MonoManager ReloadAssembly
Registering precompiled unity dll's ...
Register platform support module: /Applications/Unity/Hub/Editor/2020.2.6f1/Unity.app/Contents/PlaybackEngines/MacStandaloneSupport/UnityEditor.OSXStandalone.Extensions.dll
Registered in 0.000405 seconds.
Native extension for OSXStandalone target not found
Refreshing native plugins compatible for Editor in 25.66 ms, found 1 plugins.
Preloading 0 native plugins for Editor in 0.00 ms.
Invoked RoslynAnalysisRunner static constructor.
RoslynAnalysisRunner will not be running.
RoslynAnalysisRunner has terminated.
Mono: successfully reloaded assembly
- Completed reload, in  1.665 seconds
Platform modules already initialized, skipping
Registering precompiled user dll's ...
Registered in 0.000844 seconds.
Begin MonoManager ReloadAssembly
Native extension for OSXStandalone target not found
Refreshing native plugins compatible for Editor in 0.23 ms, found 1 plugins.
Preloading 0 native plugins for Editor in 0.00 ms.
Invoked RoslynAnalysisRunner static constructor.
RoslynAnalysisRunner will not be running.
RoslynAnalysisRunner has terminated.
Mono: successfully reloaded assembly
- Completed reload, in  1.037 seconds
Platform modules already initialized, skipping
========================================================================
Worker process is ready to serve import requests
Launching external process: /Applications/Unity/Hub/Editor/2020.2.6f1/Unity.app/Contents/Tools/UnityShaderCompiler
Launched and connected shader compiler UnityShaderCompiler after 0.02 seconds
Refreshing native plugins compatible for Editor in 0.22 ms, found 1 plugins.
Preloading 0 native plugins for Editor in 0.00 ms.
Unloading 1104 Unused Serialized files (Serialized files now loaded: 0)
System memory in use before: 121.7 MB.
System memory in use after: 121.7 MB.

Unloading 9 unused Assets to reduce memory usage. Loaded Objects now: 1562.
Total: 2.323976 ms (FindLiveObjects: 0.194315 ms CreateObjectMapping: 0.050367 ms MarkObjects: 1.986005 ms  DeleteObjects: 0.091430 ms)

========================================================================
Received Import Request.
  path: Assets/Scripts
  artifactKey: Guid(2c402ff4c9fab44059b9806b7b773cdd) Importer(815301076,1909f56bfc062723c751e8b465ee728b)
Start importing Assets/Scripts using Guid(2c402ff4c9fab44059b9806b7b773cdd) Importer(815301076,1909f56bfc062723c751e8b465ee728b)  -> (artifact id: 'ed271273a0e6d28542533c44347462c2') in 0.004532 seconds
  Import took 0.007547 seconds .

========================================================================
Received Import Request.
  Time since last request: 0.000232 seconds.
  path: Assets/Scripts/AnimationCallback.cs
  artifactKey: Guid(25bf61448cd42417e8e7e559a670a133) Importer(815301076,1909f56bfc062723c751e8b465ee728b)
Start importing Assets/Scripts/AnimationCallback.cs using Guid(25bf61448cd42417e8e7e559a670a133) Importer(815301076,1909f56bfc062723c751e8b465ee728b)  -> (artifact id: 'ce5900b66527db92ead844092cbdde1a') in 0.188828 seconds
  Import took 0.191215 seconds .

========================================================================
Received Import Request.
  Time since last request: 0.000276 seconds.
  path: Assets/Scenes
  artifactKey: Guid(45db8ba34ee9f474db4e072471ed67e2) Importer(815301076,1909f56bfc062723c751e8b465ee728b)
Start importing Assets/Scenes using Guid(45db8ba34ee9f474db4e072471ed67e2) Importer(815301076,1909f56bfc062723c751e8b465ee728b)  -> (artifact id: '8e6993a5d8943da790b03f5599c011d0') in 0.001128 seconds
  Import took 0.003362 seconds .

========================================================================
Received Prepare
Registering precompiled user dll's ...
Registered in 0.000343 seconds.
Begin MonoManager ReloadAssembly
Native extension for OSXStandalone target not found
Refreshing native plugins compatible for Editor in 0.23 ms, found 1 plugins.
Preloading 0 native plugins for Editor in 0.00 ms.
Invoked RoslynAnalysisRunner static constructor.
RoslynAnalysisRunner will not be running.
RoslynAnalysisRunner has terminated.
Mono: successfully reloaded assembly
- Completed reload, in  0.939 seconds
Platform modules already initialized, skipping
Refreshing native plugins compatible for Editor in 0.24 ms, found 1 plugins.
Preloading 0 native plugins for Editor in 0.00 ms.
Unloading 1099 Unused Serialized files (Serialized files now loaded: 0)
System memory in use before: 123.0 MB.
System memory in use after: 123.1 MB.

Unloading 4 unused Assets to reduce memory usage. Loaded Objects now: 1564.
Total: 2.237203 ms (FindLiveObjects: 0.240131 ms CreateObjectMapping: 0.068878 ms MarkObjects: 1.911801 ms  DeleteObjects: 0.015048 ms)

========================================================================
Received Import Request.
  Time since last request: 257.545831 seconds.
  path: Assets/Animation/Cube/Cube.controller
  artifactKey: Guid(8abd4ddd3e6f04d81936dfe992c0dee5) Importer(815301076,1909f56bfc062723c751e8b465ee728b)
Start importing Assets/Animation/Cube/Cube.controller using Guid(8abd4ddd3e6f04d81936dfe992c0dee5) Importer(815301076,1909f56bfc062723c751e8b465ee728b)  -> (artifact id: 'a6c01013e52016de958463b4e005b53e') in 0.243244 seconds
  Import took 0.246087 seconds .

========================================================================
Received Import Request.
  Time since last request: 761.037323 seconds.
  path: Assets/Scripts/AnimationCallback.cs
  artifactKey: Guid(25bf61448cd42417e8e7e559a670a133) Importer(815301076,1909f56bfc062723c751e8b465ee728b)
Start importing Assets/Scripts/AnimationCallback.cs using Guid(25bf61448cd42417e8e7e559a670a133) Importer(815301076,1909f56bfc062723c751e8b465ee728b)  -> (artifact id: '066ff409a42f81daff5c35dbea3ccf9a') in 0.002166 seconds
  Import took 0.004619 seconds .

========================================================================
Received Prepare
Registering precompiled user dll's ...
Registered in 0.000398 seconds.
Begin MonoManager ReloadAssembly
Native extension for OSXStandalone target not found
Refreshing native plugins compatible for Editor in 0.23 ms, found 1 plugins.
Preloading 0 native plugins for Editor in 0.00 ms.
Invoked RoslynAnalysisRunner static constructor.
RoslynAnalysisRunner will not be running.
RoslynAnalysisRunner has terminated.
Mono: successfully reloaded assembly
- Completed reload, in  0.959 seconds
Platform modules already initialized, skipping
Refreshing native plugins compatible for Editor in 0.23 ms, found 1 plugins.
Preloading 0 native plugins for Editor in 0.00 ms.
Unloading 1099 Unused Serialized files (Serialized files now loaded: 0)
System memory in use before: 127.6 MB.
System memory in use after: 127.7 MB.

Unloading 4 unused Assets to reduce memory usage. Loaded Objects now: 1566.
Total: 2.214811 ms (FindLiveObjects: 0.213253 ms CreateObjectMapping: 0.070085 ms MarkObjects: 1.915480 ms  DeleteObjects: 0.014751 ms)

========================================================================
Received Prepare
Registering precompiled user dll's ...
Registered in 0.000540 seconds.
Begin MonoManager ReloadAssembly
Native extension for OSXStandalone target not found
Refreshing native plugins compatible for Editor in 0.22 ms, found 1 plugins.
Preloading 0 native plugins for Editor in 0.00 ms.
Invoked RoslynAnalysisRunner static constructor.
RoslynAnalysisRunner will not be running.
RoslynAnalysisRunner has terminated.
Mono: successfully reloaded assembly
- Completed reload, in  0.962 seconds
Platform modules already initialized, skipping
Refreshing native plugins compatible for Editor in 0.25 ms, found 1 plugins.
Preloading 0 native plugins for Editor in 0.00 ms.
Unloading 1099 Unused Serialized files (Serialized files now loaded: 0)
System memory in use before: 127.8 MB.
System memory in use after: 127.9 MB.

Unloading 4 unused Assets to reduce memory usage. Loaded Objects now: 1568.
Total: 2.097780 ms (FindLiveObjects: 0.219776 ms CreateObjectMapping: 0.050089 ms MarkObjects: 1.794571 ms  DeleteObjects: 0.030985 ms)

========================================================================
Received Import Request.
  Time since last request: 301.138419 seconds.
  path: Assets/Animation
  artifactKey: Guid(1b77f1db50b56450fa4ba4c48efc9682) Importer(815301076,1909f56bfc062723c751e8b465ee728b)
Start importing Assets/Animation using Guid(1b77f1db50b56450fa4ba4c48efc9682) Importer(815301076,1909f56bfc062723c751e8b465ee728b)  -> (artifact id: '7a4b442891bac21e11891c80f73b8114') in 0.004450 seconds
  Import took 0.006998 seconds .

========================================================================
Received Import Request.
  Time since last request: 0.496565 seconds.
  path: Assets/Materials
  artifactKey: Guid(be3715fb2749c4136a6ff2ea7aaf82de) Importer(815301076,1909f56bfc062723c751e8b465ee728b)
Start importing Assets/Materials using Guid(be3715fb2749c4136a6ff2ea7aaf82de) Importer(815301076,1909f56bfc062723c751e8b465ee728b)  -> (artifact id: 'c6a078bcd5712dd23caacbdb7ddaf658') in 0.001680 seconds
  Import took 0.004041 seconds .

========================================================================
Received Import Request.
  Time since last request: 814.379171 seconds.
  path: Assets/Animation/Cube/Scale.anim
  artifactKey: Guid(c0f8763a3c03546329d2ac45d35daa90) Importer(815301076,1909f56bfc062723c751e8b465ee728b)
Start importing Assets/Animation/Cube/Scale.anim using Guid(c0f8763a3c03546329d2ac45d35daa90) Importer(815301076,1909f56bfc062723c751e8b465ee728b)  -> (artifact id: '8ae5ab72585a5db2bc3f00d0d90d0570') in 0.265204 seconds
  Import took 0.267677 seconds .

========================================================================
Received Prepare
Registering precompiled user dll's ...
Registered in 0.001098 seconds.
Begin MonoManager ReloadAssembly
Native extension for OSXStandalone target not found
Refreshing native plugins compatible for Editor in 0.23 ms, found 1 plugins.
Preloading 0 native plugins for Editor in 0.00 ms.
Invoked RoslynAnalysisRunner static constructor.
RoslynAnalysisRunner will not be running.
RoslynAnalysisRunner has terminated.
Mono: successfully reloaded assembly
- Completed reload, in  1.011 seconds
Platform modules already initialized, skipping
Refreshing native plugins compatible for Editor in 0.25 ms, found 1 plugins.
Preloading 0 native plugins for Editor in 0.00 ms.
Unloading 1099 Unused Serialized files (Serialized files now loaded: 0)
System memory in use before: 132.3 MB.
System memory in use after: 132.4 MB.

Unloading 4 unused Assets to reduce memory usage. Loaded Objects now: 1570.
Total: 2.333524 ms (FindLiveObjects: 0.236704 ms CreateObjectMapping: 0.118429 ms MarkObjects: 1.958720 ms  DeleteObjects: 0.017410 ms)

========================================================================
Received Import Request.
  Time since last request: 4374.800853 seconds.
  path: Assets/Animation/Cube/Move.anim
  artifactKey: Guid(599fd588ff28449d48c86c9927893c78) Importer(815301076,1909f56bfc062723c751e8b465ee728b)
Start importing Assets/Animation/Cube/Move.anim using Guid(599fd588ff28449d48c86c9927893c78) Importer(815301076,1909f56bfc062723c751e8b465ee728b)  -> (artifact id: '7031d1c338fca976c3c271b3ac0493c5') in 0.030491 seconds
  Import took 0.034239 seconds .

========================================================================
Received Import Request.
  Time since last request: 4.018220 seconds.
  path: Assets/Animation/Cube/MoveIn.anim
  artifactKey: Guid(599fd588ff28449d48c86c9927893c78) Importer(815301076,1909f56bfc062723c751e8b465ee728b)
Start importing Assets/Animation/Cube/MoveIn.anim using Guid(599fd588ff28449d48c86c9927893c78) Importer(815301076,1909f56bfc062723c751e8b465ee728b)  -> (artifact id: 'efeaa263d80556ea347852b4c35f854c') in 0.003411 seconds
  Import took 0.007937 seconds .

========================================================================
Received Import Request.
  Time since last request: 87.584361 seconds.
  path: Assets/Animation/Cube/Cube.controller
  artifactKey: Guid(8abd4ddd3e6f04d81936dfe992c0dee5) Importer(815301076,1909f56bfc062723c751e8b465ee728b)
Start importing Assets/Animation/Cube/Cube.controller using Guid(8abd4ddd3e6f04d81936dfe992c0dee5) Importer(815301076,1909f56bfc062723c751e8b465ee728b)  -> (artifact id: 'd624942b44326ae4dfed667253dfb8f0') in 0.019483 seconds
  Import took 0.023051 seconds .

========================================================================
Received Prepare
Registering precompiled user dll's ...
Registered in 0.002945 seconds.
Begin MonoManager ReloadAssembly
Native extension for OSXStandalone target not found
Refreshing native plugins compatible for Editor in 0.31 ms, found 1 plugins.
Preloading 0 native plugins for Editor in 0.00 ms.
Invoked RoslynAnalysisRunner static constructor.
RoslynAnalysisRunner will not be running.
RoslynAnalysisRunner has terminated.
Mono: successfully reloaded assembly
- Completed reload, in  1.435 seconds
Platform modules already initialized, skipping
Refreshing native plugins compatible for Editor in 0.32 ms, found 1 plugins.
Preloading 0 native plugins for Editor in 0.00 ms.
Unloading 1099 Unused Serialized files (Serialized files now loaded: 0)
System memory in use before: 132.5 MB.
System memory in use after: 132.6 MB.

Unloading 4 unused Assets to reduce memory usage. Loaded Objects now: 1572.
Total: 2.357902 ms (FindLiveObjects: 0.234167 ms CreateObjectMapping: 0.068347 ms MarkObjects: 2.036937 ms  DeleteObjects: 0.016966 ms)

