Using pre-set license

 COMMAND LINE ARGUMENTS:
/Applications/Unity/Hub/Editor/2020.2.6f1/Unity.app/Contents/MacOS/Unity
-adb2
-batchMode
-noUpm
-name
AssetImportWorker0
-projectPath
/Users/robert/Files/projects/unity/dipri/dipri-20-21/Vj_1/Roll-a-ball
-logFile
Logs/AssetImportWorker0.log
-srvPort
60268
Successfully changed project path to: /Users/robert/Files/projects/unity/dipri/dipri-20-21/Vj_1/Roll-a-ball
/Users/robert/Files/projects/unity/dipri/dipri-20-21/Vj_1/Roll-a-ball
Using Asset Import Pipeline V2.
Refreshing native plugins compatible for Editor in 29.10 ms, found 1 plugins.
Preloading 0 native plugins for Editor in 0.00 ms.
Initialize engine version: 2020.2.6f1 (8a2143876886)
[Subsystems] Discovering subsystems at path /Applications/Unity/Hub/Editor/2020.2.6f1/Unity.app/Contents/Resources/UnitySubsystems
[Subsystems] Discovering subsystems at path /Users/robert/Files/projects/unity/dipri/dipri-20-21/Vj_1/Roll-a-ball/Assets
GfxDevice: creating device client; threaded=0
2021-03-11 16:46:14.578 Unity[56104:23981428] Color LCD preferred device: Intel Iris Pro Graphics (low power)
2021-03-11 16:46:14.578 Unity[56104:23981428] Metal devices available: 1
2021-03-11 16:46:14.578 Unity[56104:23981428] 0: Intel Iris Pro Graphics (low power)
2021-03-11 16:46:14.579 Unity[56104:23981428] Using device Intel Iris Pro Graphics (low power)
Initializing Metal device caps: Intel Iris Pro Graphics
Initialize mono
Mono path[0] = '/Applications/Unity/Hub/Editor/2020.2.6f1/Unity.app/Contents/Managed'
Mono path[1] = '/Applications/Unity/Hub/Editor/2020.2.6f1/Unity.app/Contents/MonoBleedingEdge/lib/mono/unityjit'
Mono config path = '/Applications/Unity/Hub/Editor/2020.2.6f1/Unity.app/Contents/MonoBleedingEdge/etc'
Using monoOptions --debugger-agent=transport=dt_socket,embedding=1,server=y,suspend=n,address=127.0.0.1:56104
Begin MonoManager ReloadAssembly
Registering precompiled unity dll's ...
Register platform support module: /Applications/Unity/Hub/Editor/2020.2.6f1/Unity.app/Contents/PlaybackEngines/MacStandaloneSupport/UnityEditor.OSXStandalone.Extensions.dll
Registered in 0.001029 seconds.
Native extension for OSXStandalone target not found
Refreshing native plugins compatible for Editor in 31.18 ms, found 1 plugins.
Preloading 0 native plugins for Editor in 0.00 ms.
Invoked RoslynAnalysisRunner static constructor.
RoslynAnalysisRunner will not be running.
RoslynAnalysisRunner has terminated.
Mono: successfully reloaded assembly
- Completed reload, in  1.838 seconds
Platform modules already initialized, skipping
Registering precompiled user dll's ...
Registered in 0.000651 seconds.
Begin MonoManager ReloadAssembly
Native extension for OSXStandalone target not found
Refreshing native plugins compatible for Editor in 0.28 ms, found 1 plugins.
Preloading 0 native plugins for Editor in 0.00 ms.
Invoked RoslynAnalysisRunner static constructor.
RoslynAnalysisRunner will not be running.
RoslynAnalysisRunner has terminated.
Mono: successfully reloaded assembly
- Completed reload, in  1.505 seconds
Platform modules already initialized, skipping
========================================================================
Worker process is ready to serve import requests
Launching external process: /Applications/Unity/Hub/Editor/2020.2.6f1/Unity.app/Contents/Tools/UnityShaderCompiler
Launched and connected shader compiler UnityShaderCompiler after 0.02 seconds
Refreshing native plugins compatible for Editor in 0.24 ms, found 1 plugins.
Preloading 0 native plugins for Editor in 0.00 ms.
Unloading 1107 Unused Serialized files (Serialized files now loaded: 0)
System memory in use before: 129.3 MB.
System memory in use after: 129.4 MB.

Unloading 8 unused Assets to reduce memory usage. Loaded Objects now: 1571.
Total: 2.276159 ms (FindLiveObjects: 0.287237 ms CreateObjectMapping: 0.058028 ms MarkObjects: 1.902485 ms  DeleteObjects: 0.027117 ms)

========================================================================
Received Import Request.
  path: Assets/Scripts
  artifactKey: Guid(40016ebd4ff8b48e49df0811d2959de3) Importer(815301076,1909f56bfc062723c751e8b465ee728b)
Start importing Assets/Scripts using Guid(40016ebd4ff8b48e49df0811d2959de3) Importer(815301076,1909f56bfc062723c751e8b465ee728b)  -> (artifact id: 'cd51efa5c759acea6160996f6b7a53f2') in 0.005987 seconds
  Import took 0.008895 seconds .

========================================================================
Received Import Request.
  Time since last request: 6946.265567 seconds.
  path: Assets/Prefabs/Pick Up.prefab
  artifactKey: Guid(6823e963fd2bd4ca4ba9036bf522db2c) Importer(815301076,1909f56bfc062723c751e8b465ee728b)
Start importing Assets/Prefabs/Pick Up.prefab using Guid(6823e963fd2bd4ca4ba9036bf522db2c) Importer(815301076,1909f56bfc062723c751e8b465ee728b)  -> (artifact id: '57ad5c5ccba214cefc85af99f502514d') in 0.615586 seconds
  Import took 0.620545 seconds .

========================================================================
Received Import Request.
  Time since last request: 10.070218 seconds.
  path: Assets/Prefabs/Pick Up.prefab
  artifactKey: Guid(6823e963fd2bd4ca4ba9036bf522db2c) Importer(815301076,1909f56bfc062723c751e8b465ee728b)
Start importing Assets/Prefabs/Pick Up.prefab using Guid(6823e963fd2bd4ca4ba9036bf522db2c) Importer(815301076,1909f56bfc062723c751e8b465ee728b)  -> (artifact id: '38c453872f481eeaac6b72ebfdb177c0') in 0.018243 seconds
  Import took 0.022096 seconds .

========================================================================
Received Prepare
Registering precompiled user dll's ...
Registered in 0.000772 seconds.
Begin MonoManager ReloadAssembly
Native extension for OSXStandalone target not found
Refreshing native plugins compatible for Editor in 0.37 ms, found 1 plugins.
Preloading 0 native plugins for Editor in 0.00 ms.
Invoked RoslynAnalysisRunner static constructor.
RoslynAnalysisRunner will not be running.
RoslynAnalysisRunner has terminated.
Mono: successfully reloaded assembly
- Completed reload, in  1.647 seconds
Platform modules already initialized, skipping
Refreshing native plugins compatible for Editor in 0.44 ms, found 1 plugins.
Preloading 0 native plugins for Editor in 0.00 ms.
Unloading 1102 Unused Serialized files (Serialized files now loaded: 0)
System memory in use before: 137.5 MB.
System memory in use after: 137.5 MB.

Unloading 4 unused Assets to reduce memory usage. Loaded Objects now: 1581.
Total: 3.606518 ms (FindLiveObjects: 0.247216 ms CreateObjectMapping: 0.069928 ms MarkObjects: 3.264354 ms  DeleteObjects: 0.023387 ms)

